c:\users\fredrichvonpreussen\downloads\half-portal-main\half-portal-main\src\utils\vtfdiff\release\vc120.pdb
c:\users\fredrichvonpreussen\downloads\half-portal-main\half-portal-main\src\utils\vtfdiff\release\pointeroverride.obj
c:\users\fredrichvonpreussen\downloads\half-portal-main\half-portal-main\src\utils\vtfdiff\vtfdiff.vpc.sentinel
c:\users\fredrichvonpreussen\downloads\half-portal-main\half-portal-main\src\utils\vtfdiff\release\vtfdiff.exe
c:\users\fredrichvonpreussen\downloads\half-portal-main\half-portal-main\src\utils\vtfdiff\release\vtfdiff.pdb
c:\users\fredrichvonpreussen\downloads\lemon-project-main\lemon-project-main\src\utils\vtfdiff\release\memoverride.obj
c:\users\fredrichvonpreussen\downloads\lemon-project-main\lemon-project-main\src\utils\vtfdiff\release\pointeroverride.obj
c:\users\fredrichvonpreussen\downloads\lemon-project-main\lemon-project-main\src\utils\vtfdiff\release\vtfdiff.obj
c:\users\fredrichvonpreussen\downloads\lemon-project-main\lemon-project-main\src\utils\vtfdiff\release\vc120.pdb
c:\users\fredrichvonpreussen\downloads\lemon-project-main\lemon-project-main\src\utils\vtfdiff\release\vtfdiff.pdb
c:\users\fredrichvonpreussen\downloads\lemon-project-main\lemon-project-main\src\utils\vtfdiff\.\release\.\vtfdiff.exe
c:\users\fredrichvonpreussen\downloads\lemon-project-main\lemon-project-main\src\utils\vtfdiff\release\vtfdiff.tlog\cl.command.1.tlog
c:\users\fredrichvonpreussen\downloads\lemon-project-main\lemon-project-main\src\utils\vtfdiff\release\vtfdiff.tlog\cl.read.1.tlog
c:\users\fredrichvonpreussen\downloads\lemon-project-main\lemon-project-main\src\utils\vtfdiff\release\vtfdiff.tlog\cl.write.1.tlog
c:\users\fredrichvonpreussen\downloads\lemon-project-main\lemon-project-main\src\utils\vtfdiff\release\vtfdiff.tlog\custombuild.command.1.tlog
c:\users\fredrichvonpreussen\downloads\lemon-project-main\lemon-project-main\src\utils\vtfdiff\release\vtfdiff.tlog\custombuild.read.1.tlog
c:\users\fredrichvonpreussen\downloads\lemon-project-main\lemon-project-main\src\utils\vtfdiff\release\vtfdiff.tlog\custombuild.write.1.tlog
c:\users\fredrichvonpreussen\downloads\lemon-project-main\lemon-project-main\src\utils\vtfdiff\release\vtfdiff.tlog\link.command.1.tlog
c:\users\fredrichvonpreussen\downloads\lemon-project-main\lemon-project-main\src\utils\vtfdiff\release\vtfdiff.tlog\link.read.1.tlog
c:\users\fredrichvonpreussen\downloads\lemon-project-main\lemon-project-main\src\utils\vtfdiff\release\vtfdiff.tlog\link.write.1.tlog
