c:\users\fredrichvonpreussen\downloads\lemon-project-main\lemon-project-main\src\utils\tgadiff\debug\vc120.pdb
c:\users\fvp\documents\programming\cpp\source\lemon-project-main\src\utils\tgadiff\debug\memoverride.obj
c:\users\fvp\documents\programming\cpp\source\lemon-project-main\src\utils\tgadiff\debug\tgadiff.obj
c:\users\fvp\documents\programming\cpp\source\lemon-project-main\src\utils\tgadiff\debug\vc120.pdb
c:\users\fredrichvonpreussen\downloads\lemon-project-main\lemon-project-main\src\utils\tgadiff\debug\pointeroverride.obj
c:\users\fredrichvonpreussen\downloads\lemon-project-main\lemon-project-main\src\utils\tgadiff\tgadiff.vpc.sentinel
c:\users\fvp\documents\programming\cpp\source\lemon-project-main\src\utils\tgadiff\debug\pointeroverride.obj
c:\users\fvp\documents\programming\cpp\source\lemon-project-main\src\utils\tgadiff\tgadiff.vpc.sentinel
c:\users\fredrichvonpreussen\downloads\lemon-project-main\lemon-project-main\src\utils\tgadiff\debug\tgadiff.ilk
c:\users\fredrichvonpreussen\downloads\lemon-project-main\lemon-project-main\src\utils\tgadiff\debug\tgadiff.exe
c:\users\fredrichvonpreussen\downloads\lemon-project-main\lemon-project-main\src\utils\tgadiff\debug\tgadiff.pdb
c:\users\fvp\documents\programming\cpp\source\lemon-project-main\src\utils\tgadiff\debug\tgadiff.ilk
c:\users\fvp\documents\programming\cpp\source\lemon-project-main\src\utils\tgadiff\debug\tgadiff.exe
c:\users\fvp\documents\programming\cpp\source\lemon-project-main\src\utils\tgadiff\debug\tgadiff.pdb
c:\users\fredrichvonpreussen\downloads\lemon-project-main\lemon-project-main\src\utils\tgadiff\debug\tgadiff.lib
c:\users\fredrichvonpreussen\downloads\lemon-project-main\lemon-project-main\src\utils\tgadiff\debug\tgadiff.exp
c:\users\fvp\documents\programming\cpp\source\lemon-project-main\src\utils\tgadiff\debug\tgadiff.lib
c:\users\fvp\documents\programming\cpp\source\lemon-project-main\src\utils\tgadiff\debug\tgadiff.exp
c:\users\fvp\documents\programming\cpp\source\lemon-project-main\src\utils\tgadiff\debug\vc120.idb
c:\users\fvp\documents\programming\cpp\source\lemon-project-main\src\utils\tgadiff\.\debug\.\tgadiff.exe
c:\users\fvp\documents\programming\cpp\source\lemon-project-main\src\utils\tgadiff\debug\tgadiff.tlog\cl.command.1.tlog
c:\users\fvp\documents\programming\cpp\source\lemon-project-main\src\utils\tgadiff\debug\tgadiff.tlog\cl.read.1.tlog
c:\users\fvp\documents\programming\cpp\source\lemon-project-main\src\utils\tgadiff\debug\tgadiff.tlog\cl.write.1.tlog
c:\users\fvp\documents\programming\cpp\source\lemon-project-main\src\utils\tgadiff\debug\tgadiff.tlog\custombuild.command.1.tlog
c:\users\fvp\documents\programming\cpp\source\lemon-project-main\src\utils\tgadiff\debug\tgadiff.tlog\custombuild.read.1.tlog
c:\users\fvp\documents\programming\cpp\source\lemon-project-main\src\utils\tgadiff\debug\tgadiff.tlog\custombuild.write.1.tlog
c:\users\fvp\documents\programming\cpp\source\lemon-project-main\src\utils\tgadiff\debug\tgadiff.tlog\link.command.1.tlog
c:\users\fvp\documents\programming\cpp\source\lemon-project-main\src\utils\tgadiff\debug\tgadiff.tlog\link.read.1.tlog
c:\users\fvp\documents\programming\cpp\source\lemon-project-main\src\utils\tgadiff\debug\tgadiff.tlog\link.write.1.tlog
c:\users\fvp\documents\programming\cpp\source\lemon-project-main\src\utils\tgadiff\debug\tgadiff.tlog\tgadiff.write.1u.tlog
