c:\users\fredrichvonpreussen\downloads\lemon-project-main\lemon-project-main\src\fgdlib\debug\vc120.pdb
c:\users\fvp\documents\programming\cpp\source\lemon-project-main\src\fgdlib\debug\inputoutput.obj
c:\users\fvp\documents\programming\cpp\source\lemon-project-main\src\fgdlib\debug\wckeyvalues.obj
c:\users\fvp\documents\programming\cpp\source\lemon-project-main\src\fgdlib\debug\gamedata.obj
c:\users\fvp\documents\programming\cpp\source\lemon-project-main\src\fgdlib\debug\gdvar.obj
c:\users\fvp\documents\programming\cpp\source\lemon-project-main\src\fgdlib\debug\gdclass.obj
c:\users\fvp\documents\programming\cpp\source\lemon-project-main\src\fgdlib\debug\vc120.pdb
c:\users\fredrichvonpreussen\downloads\lemon-project-main\lemon-project-main\src\fgdlib\fgdlib.vpc.sentinel
c:\users\fvp\documents\programming\cpp\source\lemon-project-main\src\fgdlib\fgdlib.vpc.sentinel
c:\users\fredrichvonpreussen\downloads\lemon-project-main\lemon-project-main\src\lib\public\fgdlib.lib
c:\users\fvp\documents\programming\cpp\source\lemon-project-main\src\lib\public\fgdlib.lib
c:\users\fvp\documents\programming\cpp\source\lemon-project-main\src\fgdlib\debug\vc120.idb
c:\users\fvp\documents\programming\cpp\source\lemon-project-main\src\fgdlib\..\lib\public\.\fgdlib.lib
c:\users\fvp\documents\programming\cpp\source\lemon-project-main\src\fgdlib\debug\fgdlib.tlog\cl.command.1.tlog
c:\users\fvp\documents\programming\cpp\source\lemon-project-main\src\fgdlib\debug\fgdlib.tlog\cl.read.1.tlog
c:\users\fvp\documents\programming\cpp\source\lemon-project-main\src\fgdlib\debug\fgdlib.tlog\cl.write.1.tlog
c:\users\fvp\documents\programming\cpp\source\lemon-project-main\src\fgdlib\debug\fgdlib.tlog\custombuild.command.1.tlog
c:\users\fvp\documents\programming\cpp\source\lemon-project-main\src\fgdlib\debug\fgdlib.tlog\custombuild.read.1.tlog
c:\users\fvp\documents\programming\cpp\source\lemon-project-main\src\fgdlib\debug\fgdlib.tlog\custombuild.write.1.tlog
c:\users\fvp\documents\programming\cpp\source\lemon-project-main\src\fgdlib\debug\fgdlib.tlog\lib-link.read.1.tlog
c:\users\fvp\documents\programming\cpp\source\lemon-project-main\src\fgdlib\debug\fgdlib.tlog\lib-link.write.1.tlog
c:\users\fvp\documents\programming\cpp\source\lemon-project-main\src\fgdlib\debug\fgdlib.tlog\lib.command.1.tlog
