c:\users\fredrichvonpreussen\downloads\half-portal-main\half-portal-main\src\utils\height2normal\release\vc120.pdb
c:\users\fredrichvonpreussen\downloads\half-portal-main\half-portal-main\src\utils\height2normal\release\height2normal.obj
c:\users\fredrichvonpreussen\downloads\half-portal-main\half-portal-main\src\utils\height2normal\release\pointeroverride.obj
c:\users\fredrichvonpreussen\downloads\half-portal-main\half-portal-main\src\utils\height2normal\height2normal.vpc.sentinel
c:\users\fredrichvonpreussen\downloads\half-portal-main\half-portal-main\src\utils\height2normal\release\height2normal.lib
c:\users\fredrichvonpreussen\downloads\half-portal-main\half-portal-main\src\utils\height2normal\release\height2normal.exp
c:\users\fredrichvonpreussen\downloads\half-portal-main\half-portal-main\src\utils\height2normal\release\height2normal.exe
c:\users\fredrichvonpreussen\downloads\half-portal-main\half-portal-main\src\utils\height2normal\release\height2normal.pdb
c:\users\fredrichvonpreussen\downloads\lemon-project-main\lemon-project-main\src\utils\height2normal\release\height2normal.obj
c:\users\fredrichvonpreussen\downloads\lemon-project-main\lemon-project-main\src\utils\height2normal\release\pointeroverride.obj
c:\users\fredrichvonpreussen\downloads\lemon-project-main\lemon-project-main\src\utils\height2normal\release\height2normal.exp
c:\users\fredrichvonpreussen\downloads\lemon-project-main\lemon-project-main\src\utils\height2normal\release\height2normal.pdb
c:\users\fredrichvonpreussen\downloads\lemon-project-main\lemon-project-main\src\utils\height2normal\release\vc120.pdb
c:\users\fredrichvonpreussen\downloads\lemon-project-main\lemon-project-main\src\utils\height2normal\.\release\.\height2normal.exe
c:\users\fredrichvonpreussen\downloads\lemon-project-main\lemon-project-main\src\utils\height2normal\release\height2normal.tlog\cl.command.1.tlog
c:\users\fredrichvonpreussen\downloads\lemon-project-main\lemon-project-main\src\utils\height2normal\release\height2normal.tlog\cl.read.1.tlog
c:\users\fredrichvonpreussen\downloads\lemon-project-main\lemon-project-main\src\utils\height2normal\release\height2normal.tlog\cl.write.1.tlog
c:\users\fredrichvonpreussen\downloads\lemon-project-main\lemon-project-main\src\utils\height2normal\release\height2normal.tlog\custombuild.command.1.tlog
c:\users\fredrichvonpreussen\downloads\lemon-project-main\lemon-project-main\src\utils\height2normal\release\height2normal.tlog\custombuild.read.1.tlog
c:\users\fredrichvonpreussen\downloads\lemon-project-main\lemon-project-main\src\utils\height2normal\release\height2normal.tlog\custombuild.write.1.tlog
c:\users\fredrichvonpreussen\downloads\lemon-project-main\lemon-project-main\src\utils\height2normal\release\height2normal.tlog\height2normal.write.1u.tlog
c:\users\fredrichvonpreussen\downloads\lemon-project-main\lemon-project-main\src\utils\height2normal\release\height2normal.tlog\link.command.1.tlog
c:\users\fredrichvonpreussen\downloads\lemon-project-main\lemon-project-main\src\utils\height2normal\release\height2normal.tlog\link.read.1.tlog
c:\users\fredrichvonpreussen\downloads\lemon-project-main\lemon-project-main\src\utils\height2normal\release\height2normal.tlog\link.write.1.tlog
