Build started 25/12/2024 19:33:38.
     1>Project "C:\Users\luna\Documents\prog\lemon-project\game\server\server_portal.vcxproj" on node 2 (Rebuild target(s)).
     1>PreBuildEvent:
         if EXIST ..\..\..\game\portal\bin\.\server.dll for /f "delims=" %%A in ('attrib "..\..\..\game\portal\bin\.\server.dll"') do set valveTmpIsReadOnly="%%A"
         set valveTmpIsReadOnlyLetter=%valveTmpIsReadOnly:~6,1%
         if "%valveTmpIsReadOnlyLetter%"=="R" del /q "C:\Users\luna\Documents\prog\lemon-project\game\server\Debug_portal\"server.dll
         if exist "..\..\devtools\bin\vpc.exe" "..\..\devtools\bin\vpc.exe" -crc2 "server_portal.vcxproj"
         if ERRORLEVEL 1 exit /b 1
         
         :VCEnd
       CustomBuild:
         Compiling pointeroverride.asm
          Assembling: C:\Users\luna\Documents\prog\lemon-project\public\tier0\pointeroverride.asm
         Microsoft (R) Macro Assembler Version 12.00.40629.0
         Copyright (C) Microsoft Corporation.  All rights reserved.
         
         Running VPC CRC Check - server_portal.vpc
     1>C:\Program Files (x86)\MSBuild\Microsoft.Cpp\v4.0\V120\Microsoft.CppCommon.targets(242,5): error MSB6001: Invalid command line switch for "CL.exe". Length cannot be less than zero.
C:\Program Files (x86)\MSBuild\Microsoft.Cpp\v4.0\V120\Microsoft.CppCommon.targets(242,5): error MSB6001: Parameter name: length
     1>Done Building Project "C:\Users\luna\Documents\prog\lemon-project\game\server\server_portal.vcxproj" (Rebuild target(s)) -- FAILED.

Build FAILED.

Time Elapsed 00:00:00.53
