Build started 7/24/2021 7:06:57 PM.
     1>Project "C:\Users\FredrichVonPreussen\Downloads\lemon-project-main\lemon-project-main\src\game\server\server_portal.vcxproj" on node 2 (Build target(s)).
     1>PreBuildEvent:
         if EXIST ..\..\..\game\portal\bin\.\server.dll for /f "delims=" %%A in ('attrib "..\..\..\game\portal\bin\.\server.dll"') do set valveTmpIsReadOnly="%%A"
         set valveTmpIsReadOnlyLetter=%valveTmpIsReadOnly:~6,1%
         if "%valveTmpIsReadOnlyLetter%"=="R" del /q "C:\Users\FredrichVonPreussen\Downloads\lemon-project-main\lemon-project-main\src\game\server\Release_portal\"server.dll
         if exist "..\..\devtools\bin\vpc.exe" "..\..\devtools\bin\vpc.exe" -crc2 "server_portal.vcxproj"
         if ERRORLEVEL 1 exit /b 1
         
         :VCEnd
       ClCompile:
         C:\Program Files (x86)\Microsoft Visual Studio 12.0\VC\bin\CL.exe /c /I..\..\common /I..\..\public /I..\..\public\tier0 /I..\..\public\tier1 /I..\..\game\server\generated_proto_portal /I"..\..\thirdparty\protobuf-2.3.0\src" /I.\ /I..\..\game\shared /I..\..\utils\common /I..\..\game\shared\econ /I..\..\game\server\NextBot /I..\..\game\shared\portal /I.\hl2 /I.\episodic /I..\..\game\shared\Multiplayer /I..\..\game\shared\hl2 /I..\..\game\shared\portal /I.\portal /Zi /nologo /W4 /WX /MP /O2 /Ob2 /Oi /Ot /Oy- /D VPC /D RAD_TELEMETRY_DISABLED /D WIN32 /D _WIN32 /D NDEBUG /D _WINDOWS /D _USRDLL /D _CRT_SECURE_NO_DEPRECATE /D _CRT_NONSTDC_NO_DEPRECATE /D _ALLOW_RUNTIME_LIBRARY_MISMATCH /D _ALLOW_ITERATOR_DEBUG_LEVEL_MISMATCH /D _ALLOW_MSC_VER_MISMATCH /D _USING_V110_SDK71_ /D _WINDLL /D _MBCS /D COMPILER_MSVC32 /D COMPILER_MSVC32 /D COMPILER_MSVC /D _DLL_EXT=.dll /D DLLNAME=server /D BINK_VIDEO /D AVI_VIDEO /D WMV_VIDEO /D DEV_BUILD /D FRAME_POINTER_OMISSION_DISABLED /D GAME_DLL /D VECTOR /D VERSION_SAFE_STEAM_API_INTERFACES /D PROTECTED_THINGS_ENABLE /D sprintf=use_Q_snprintf_instead_of_sprintf /D strncpy=use_Q_strncpy_instead /D _snprintf=use_Q_snprintf_instead /D fopen=dont_use_fopen /D PORTAL /D HL2_DLL /D HL2_EPISODIC /D USES_SAVERESTORE /D _EXTERNAL_DLL_EXT=.dll /D VPCGAMECAPS=PORTAL /D "PROJECTDIR=C:\Users\FredrichVonPreussen\Downloads\lemon-project-main\lemon-project-main\src\game\server" /D _DLL_EXT=.dll /D SOURCE1=1 /D VPCGAME=portal /GF /Gm- /MT /GS /Gy /arch:SSE /fp:fast /Zc:wchar_t /Zc:forScope /GR /Yu"cbase.h" /Fp".\Release_portal\server.pch" /Fo".\Release_portal\/" /Fd".\Release_portal\/vc120.pdb" /Gd /TP /wd4316 /analyze- /FC /errorReport:prompt /Zm200 /d2Zi+ /Gw portal\func_portal_detector.cpp portal\prop_portal.cpp
         func_portal_detector.cpp
         prop_portal.cpp
       Link:
         C:\Program Files (x86)\Microsoft Visual Studio 12.0\VC\bin\link.exe /ERRORREPORT:PROMPT /OUT:".\Release_portal\\server.dll" /INCREMENTAL:NO /NOLOGO /LIBPATH:..\..\lib\common\. /LIBPATH:..\..\lib\public\. shell32.lib user32.lib advapi32.lib gdi32.lib comdlg32.lib ole32.lib winmm.lib /NODEFAULTLIB:libc /NODEFAULTLIB:libcd /NODEFAULTLIB:libcmtd /MANIFEST:NO /DEBUG /PDB:".\Release_portal\/server.pdb" /SUBSYSTEM:WINDOWS,"5.01" /OPT:REF /OPT:NOICF /TLBID:1 /DYNAMICBASE:NO /NXCOMPAT /IMPLIB:".\Release_portal\server.lib" /MACHINE:X86 /SAFESEH:NO  /ignore:4221 /DLL .\Release_portal\\pointeroverride.obj
         .\Release_portal\/gamedll_replay.obj
         .\Release_portal\/achievement_saverestore.obj
         .\Release_portal\/achievementmgr.obj
         .\Release_portal\/achievements_hlx.obj
         .\Release_portal\/activitylist.obj
         .\Release_portal\/ai_activity.obj
         .\Release_portal\/ai_baseactor.obj
         .\Release_portal\/ai_basehumanoid.obj
         .\Release_portal\/ai_basenpc.obj
         .\Release_portal\/ai_basenpc_flyer.obj
         .\Release_portal\/ai_basenpc_flyer_new.obj
         .\Release_portal\/ai_basenpc_movement.obj
         .\Release_portal\/ai_basenpc_physicsflyer.obj
         .\Release_portal\/ai_basenpc_schedule.obj
         .\Release_portal\/ai_basenpc_squad.obj
         .\Release_portal\/ai_behavior.obj
         .\Release_portal\/ai_behavior_assault.obj
         .\Release_portal\/ai_behavior_fear.obj
         .\Release_portal\/ai_behavior_follow.obj
         .\Release_portal\/ai_behavior_lead.obj
         .\Release_portal\/ai_behavior_rappel.obj
         .\Release_portal\/ai_behavior_standoff.obj
         .\Release_portal\/ai_blended_movement.obj
         .\Release_portal\/ai_concommands.obj
         .\Release_portal\/ai_condition.obj
         .\Release_portal\/AI_Criteria.obj
         .\Release_portal\/ai_default.obj
         .\Release_portal\/ai_dynamiclink.obj
         .\Release_portal\/ai_event.obj
         .\Release_portal\/ai_eventresponse.obj
         .\Release_portal\/ai_goalentity.obj
         .\Release_portal\/ai_hint.obj
         .\Release_portal\/ai_hull.obj
         .\Release_portal\/ai_initutils.obj
         .\Release_portal\/AI_Interest_Target.obj
         .\Release_portal\/ai_link.obj
         .\Release_portal\/ai_localnavigator.obj
         .\Release_portal\/ai_looktarget.obj
         .\Release_portal\/ai_memory.obj
         .\Release_portal\/ai_motor.obj
         .\Release_portal\/ai_moveprobe.obj
         .\Release_portal\/ai_moveshoot.obj
         .\Release_portal\/ai_movesolver.obj
         .\Release_portal\/ai_namespaces.obj
         .\Release_portal\/ai_navigator.obj
         .\Release_portal\/ai_network.obj
         .\Release_portal\/ai_networkmanager.obj
         .\Release_portal\/ai_node.obj
         .\Release_portal\/ai_pathfinder.obj
         .\Release_portal\/ai_planesolver.obj
         .\Release_portal\/ai_playerally.obj
         .\Release_portal\/ai_relationship.obj
         .\Release_portal\/AI_ResponseSystem.obj
         .\Release_portal\/ai_route.obj
         .\Release_portal\/ai_saverestore.obj
         .\Release_portal\/ai_schedule.obj
         .\Release_portal\/ai_scriptconditions.obj
         .\Release_portal\/ai_senses.obj
         .\Release_portal\/ai_sentence.obj
         .\Release_portal\/ai_speech.obj
         .\Release_portal\/ai_speechfilter.obj
         .\Release_portal\/ai_squad.obj
         .\Release_portal\/ai_squadslot.obj
         .\Release_portal\/ai_tacticalservices.obj
         .\Release_portal\/ai_task.obj
         .\Release_portal\/ai_trackpather.obj
         .\Release_portal\/ai_utils.obj
         .\Release_portal\/ai_waypoint.obj
         .\Release_portal\/ammodef.obj
         .\Release_portal\/animation.obj
         .\Release_portal\/base_gameinterface.obj
         .\Release_portal\/base_playeranimstate.obj
         .\Release_portal\/base_transmit_proxy.obj
         .\Release_portal\/baseachievement.obj
         .\Release_portal\/baseanimating.obj
         .\Release_portal\/BaseAnimatingOverlay.obj
         .\Release_portal\/basecombatcharacter.obj
         .\Release_portal\/basecombatcharacter_shared.obj
         .\Release_portal\/basecombatweapon.obj
         .\Release_portal\/basecombatweapon_shared.obj
         .\Release_portal\/baseentity.obj
         .\Release_portal\/baseentity_shared.obj
         .\Release_portal\/baseflex.obj
         .\Release_portal\/basegrenade_concussion.obj
         .\Release_portal\/basegrenade_contact.obj
         .\Release_portal\/basegrenade_shared.obj
         .\Release_portal\/basegrenade_timed.obj
         .\Release_portal\/basemultiplayerplayer.obj
         .\Release_portal\/baseparticleentity.obj
         .\Release_portal\/baseplayer_shared.obj
         .\Release_portal\/baseprojectile.obj
         .\Release_portal\/baseviewmodel.obj
         .\Release_portal\/baseviewmodel_shared.obj
         .\Release_portal\/beam_shared.obj
         .\Release_portal\/bitstring.obj
         .\Release_portal\/bmodels.obj
         .\Release_portal\/bone_setup.obj
         .\Release_portal\/buttons.obj
         .\Release_portal\/cbase.obj
         .\Release_portal\/client.obj
         .\Release_portal\/collisionproperty.obj
         .\Release_portal\/collisionutils.obj
         .\Release_portal\/colorcorrection.obj
         .\Release_portal\/colorcorrectionvolume.obj
         .\Release_portal\/CommentarySystem.obj
         .\Release_portal\/controlentities.obj
         .\Release_portal\/cplane.obj
         .\Release_portal\/CRagdollMagnet.obj
         .\Release_portal\/damagemodifier.obj
         .\Release_portal\/death_pose.obj
         .\Release_portal\/debugoverlay_shared.obj
         .\Release_portal\/decals.obj
         .\Release_portal\/doors.obj
         .\Release_portal\/dt_send.obj
         .\Release_portal\/dt_utlvector_common.obj
         .\Release_portal\/dt_utlvector_send.obj
         .\Release_portal\/dynamiclight.obj
         .\Release_portal\/editor_sendcommand.obj
         .\Release_portal\/effect_dispatch_data.obj
         .\Release_portal\/effects.obj
         .\Release_portal\/EffectsServer.obj
         .\Release_portal\/ehandle.obj
         .\Release_portal\/entityblocker.obj
         .\Release_portal\/EntityDissolve.obj
         .\Release_portal\/EntityFlame.obj
         .\Release_portal\/entitylist.obj
         .\Release_portal\/entitylist_base.obj
         .\Release_portal\/EntityParticleTrail.obj
         .\Release_portal\/EntityParticleTrail_Shared.obj
         .\Release_portal\/env_debughistory.obj
         .\Release_portal\/env_detail_controller.obj
         .\Release_portal\/env_effectsscript.obj
         .\Release_portal\/env_entity_maker.obj
         .\Release_portal\/env_particlescript.obj
         .\Release_portal\/env_player_surface_trigger.obj
         .\Release_portal\/env_projectedtexture.obj
         .\Release_portal\/env_screenoverlay.obj
         .\Release_portal\/env_texturetoggle.obj
         .\Release_portal\/env_tonemap_controller.obj
         .\Release_portal\/env_wind_shared.obj
         .\Release_portal\/env_zoom.obj
         .\Release_portal\/EnvBeam.obj
         .\Release_portal\/EnvFade.obj
         .\Release_portal\/EnvHudHint.obj
         .\Release_portal\/EnvLaser.obj
         .\Release_portal\/EnvMessage.obj
         .\Release_portal\/envmicrophone.obj
         .\Release_portal\/EnvShake.obj
         .\Release_portal\/EnvSpark.obj
         .\Release_portal\/eventlist.obj
         .\Release_portal\/EventLog.obj
         .\Release_portal\/explode.obj
         .\Release_portal\/filesystem_helpers.obj
         .\Release_portal\/filters.obj
         .\Release_portal\/fire.obj
         .\Release_portal\/fire_smoke.obj
         .\Release_portal\/fish.obj
         .\Release_portal\/fogcontroller.obj
         .\Release_portal\/fourwheelvehiclephysics.obj
         .\Release_portal\/func_areaportal.obj
         .\Release_portal\/func_areaportalbase.obj
         .\Release_portal\/func_areaportalwindow.obj
         .\Release_portal\/func_break.obj
         .\Release_portal\/func_breakablesurf.obj
         .\Release_portal\/func_dust.obj
         .\Release_portal\/func_ladder.obj
         .\Release_portal\/func_ladder_endpoint.obj
         .\Release_portal\/func_lod.obj
         .\Release_portal\/Func_Monitor.obj
         .\Release_portal\/func_movelinear.obj
         .\Release_portal\/func_occluder.obj
         .\Release_portal\/func_reflective_glass.obj
         .\Release_portal\/func_smokevolume.obj
         .\Release_portal\/game.obj
         .\Release_portal\/game_ui.obj
         .\Release_portal\/gamehandle.obj
         .\Release_portal\/gameinterface.obj
         .\Release_portal\/gamemovement.obj
         .\Release_portal\/gamerules.obj
         .\Release_portal\/gamerules_register.obj
         .\Release_portal\/GameStats.obj
         .\Release_portal\/GameStats_BasicStatsFunctions.obj
         .\Release_portal\/gamestringpool.obj
         .\Release_portal\/gametrace_dll.obj
         .\Release_portal\/gamevars_shared.obj
         .\Release_portal\/gameweaponmanager.obj
         .\Release_portal\/genericactor.obj
         .\Release_portal\/genericmonster.obj
         .\Release_portal\/gib.obj
         .\Release_portal\/globals.obj
         .\Release_portal\/globalstate.obj
         .\Release_portal\/grenadethrown.obj
         .\Release_portal\/guntarget.obj
         .\Release_portal\/h_ai.obj
         .\Release_portal\/h_cycler.obj
         .\Release_portal\/h_export.obj
         .\Release_portal\/haptic_msgs.obj
         .\Release_portal\/haptic_utils.obj
         .\Release_portal\/hierarchy.obj
         .\Release_portal\/hintmessage.obj
         .\Release_portal\/hintsystem.obj
         .\Release_portal\/hltvdirector.obj
         .\Release_portal\/igamesystem.obj
         .\Release_portal\/info_camera_link.obj
         .\Release_portal\/info_overlay_accessor.obj
         .\Release_portal\/init_factory.obj
         .\Release_portal\/intermission.obj
         .\Release_portal\/interpolatortypes.obj
         .\Release_portal\/interval.obj
         .\Release_portal\/item_world.obj
         .\Release_portal\/keyframe.obj
         .\Release_portal\/language.obj
         .\Release_portal\/lightglow.obj
         .\Release_portal\/lights.obj
         .\Release_portal\/logic_achievement.obj
         .\Release_portal\/logic_measure_movement.obj
         .\Release_portal\/logic_navigation.obj
         .\Release_portal\/logicauto.obj
         .\Release_portal\/logicentities.obj
         .\Release_portal\/logicrelay.obj
         .\Release_portal\/map_utils.obj
         .\Release_portal\/mapentities.obj
         .\Release_portal\/mapentities_shared.obj
         .\Release_portal\/maprules.obj
         .\Release_portal\/MaterialModifyControl.obj
         .\Release_portal\/memoverride.obj
         .\Release_portal\/message_entity.obj
         .\Release_portal\/modelentities.obj
         .\Release_portal\/ModelSoundsCache.obj
         .\Release_portal\/monstermaker.obj
         .\Release_portal\/movehelper_server.obj
         .\Release_portal\/movement.obj
         .\Release_portal\/movevars_shared.obj
         .\Release_portal\/mp_shareddefs.obj
         .\Release_portal\/multiplay_gamerules.obj
         .\Release_portal\/ndebugoverlay.obj
         .\Release_portal\/networkvar.obj
         .\Release_portal\/npc_vehicledriver.obj
         .\Release_portal\/obstacle_pushaway.obj
         .\Release_portal\/particle_light.obj
         .\Release_portal\/particle_parse.obj
         .\Release_portal\/particle_system.obj
         .\Release_portal\/particlesystemquery.obj
         .\Release_portal\/pathcorner.obj
         .\Release_portal\/pathtrack.obj
         .\Release_portal\/phys_controller.obj
         .\Release_portal\/physconstraint.obj
         .\Release_portal\/physics.obj
         .\Release_portal\/physics_bone_follower.obj
         .\Release_portal\/physics_cannister.obj
         .\Release_portal\/physics_fx.obj
         .\Release_portal\/physics_impact_damage.obj
         .\Release_portal\/physics_main.obj
         .\Release_portal\/physics_main_shared.obj
         .\Release_portal\/physics_npc_solver.obj
         .\Release_portal\/physics_prop_ragdoll.obj
         .\Release_portal\/physics_saverestore.obj
         .\Release_portal\/physics_shared.obj
         .\Release_portal\/physobj.obj
         .\Release_portal\/player.obj
         .\Release_portal\/player_command.obj
         .\Release_portal\/player_lagcompensation.obj
         .\Release_portal\/player_pickup.obj
         .\Release_portal\/player_resource.obj
         .\Release_portal\/playerinfomanager.obj
         .\Release_portal\/playerlocaldata.obj
         .\Release_portal\/plugin_check.obj
         .\Release_portal\/point_bonusmaps_accessor.obj
         .\Release_portal\/point_camera.obj
         .\Release_portal\/point_devshot_camera.obj
         .\Release_portal\/point_playermoveconstraint.obj
         .\Release_portal\/point_posecontroller.obj
         .\Release_portal\/point_spotlight.obj
         .\Release_portal\/point_template.obj
         .\Release_portal\/pointanglesensor.obj
         .\Release_portal\/PointAngularVelocitySensor.obj
         .\Release_portal\/pointhurt.obj
         .\Release_portal\/pointteleport.obj
         .\Release_portal\/precache_register.obj
         .\Release_portal\/predictableid.obj
         .\Release_portal\/props.obj
         .\Release_portal\/props_shared.obj
         .\Release_portal\/querycache.obj
         .\Release_portal\/ragdoll_manager.obj
         .\Release_portal\/ragdoll_shared.obj
         .\Release_portal\/RagdollBoogie.obj
         .\Release_portal\/randoverride.obj
         .\Release_portal\/recipientfilter.obj
         .\Release_portal\/registry.obj
         .\Release_portal\/rope.obj
         .\Release_portal\/rope_helpers.obj
         .\Release_portal\/rope_physics.obj
         .\Release_portal\/saverestore.obj
         .\Release_portal\/saverestore_gamedll.obj
         .\Release_portal\/SceneCache.obj
         .\Release_portal\/sceneentity.obj
         .\Release_portal\/sceneentity_shared.obj
         .\Release_portal\/scratchpad3d.obj
         .\Release_portal\/scratchpad_gamedll_helpers.obj
         .\Release_portal\/ScratchPadUtils.obj
         .\Release_portal\/scripted.obj
         .\Release_portal\/scriptedtarget.obj
         .\Release_portal\/sendproxy.obj
         .\Release_portal\/sequence_Transitioner.obj
         .\Release_portal\/server_class.obj
         .\Release_portal\/serverbenchmark_base.obj
         .\Release_portal\/ServerNetworkProperty.obj
         .\Release_portal\/shadowcontrol.obj
         .\Release_portal\/sheetsimulator.obj
         .\Release_portal\/simple_physics.obj
         .\Release_portal\/simtimer.obj
         .\Release_portal\/singleplay_gamerules.obj
         .\Release_portal\/SkyCamera.obj
         .\Release_portal\/slideshow_display.obj
         .\Release_portal\/sound.obj
         .\Release_portal\/SoundEmitterSystem.obj
         .\Release_portal\/soundent.obj
         .\Release_portal\/soundenvelope.obj
         .\Release_portal\/SoundParametersInternal.obj
         .\Release_portal\/soundscape.obj
         .\Release_portal\/soundscape_system.obj
         .\Release_portal\/spotlightend.obj
         .\Release_portal\/Sprite.obj
         .\Release_portal\/sprite_perfmonitor.obj
         .\Release_portal\/stringregistry.obj
         .\Release_portal\/studio.obj
         .\Release_portal\/studio_shared.obj
         .\Release_portal\/subs.obj
         .\Release_portal\/sun.obj
         .\Release_portal\/tactical_mission.obj
         .\Release_portal\/takedamageinfo.obj
         .\Release_portal\/tanktrain.obj
         .\Release_portal\/team.obj
         .\Release_portal\/team_spawnpoint.obj
         .\Release_portal\/teamplay_gamerules.obj
         .\Release_portal\/TemplateEntities.obj
         .\Release_portal\/tempmonster.obj
         .\Release_portal\/tesla.obj
         .\Release_portal\/test_ehandle.obj
         .\Release_portal\/test_proxytoggle.obj
         .\Release_portal\/test_stressentities.obj
         .\Release_portal\/testfunctions.obj
         .\Release_portal\/testtraceline.obj
         .\Release_portal\/textstatsmgr.obj
         .\Release_portal\/timedeventmgr.obj
         .\Release_portal\/trains.obj
         .\Release_portal\/triggers.obj
         .\Release_portal\/usercmd.obj
         .\Release_portal\/util.obj
         .\Release_portal\/util_shared.obj
         .\Release_portal\/variant_t.obj
         .\Release_portal\/vehicle_base.obj
         .\Release_portal\/vehicle_baseserver.obj
         .\Release_portal\/vehicle_choreo_generic.obj
         .\Release_portal\/vehicle_viewblend_shared.obj
         .\Release_portal\/vguiscreen.obj
         .\Release_portal\/voice_gamemgr.obj
         .\Release_portal\/vote_controller.obj
         .\Release_portal\/waterbullet.obj
         .\Release_portal\/WaterLODControl.obj
         .\Release_portal\/wcedit.obj
         .\Release_portal\/weapon_parse.obj
         .\Release_portal\/weapon_proficiency.obj
         .\Release_portal\/weight_button.obj
         .\Release_portal\/world.obj
         .\Release_portal\/ai_allymanager.obj
         .\Release_portal\/ai_behavior_actbusy.obj
         .\Release_portal\/ai_behavior_alyx_injured.obj
         .\Release_portal\/ai_behavior_functank.obj
         .\Release_portal\/ai_behavior_holster.obj
         .\Release_portal\/ai_behavior_operator.obj
         .\Release_portal\/ai_behavior_passenger.obj
         .\Release_portal\/ai_behavior_passenger_companion.obj
         .\Release_portal\/ai_behavior_passenger_zombie.obj
         .\Release_portal\/ai_behavior_police.obj
         .\Release_portal\/ai_goal_police.obj
         .\Release_portal\/ai_spotlight.obj
         .\Release_portal\/antlion_dust.obj
         .\Release_portal\/antlion_maker.obj
         .\Release_portal\/ar2_explosion.obj
         .\Release_portal\/basebludgeonweapon.obj
         .\Release_portal\/basehlcombatweapon.obj
         .\Release_portal\/basehlcombatweapon_shared.obj
         .\Release_portal\/cbasehelicopter.obj
         .\Release_portal\/cbasespriteprojectile.obj
         .\Release_portal\/citadel_effects.obj
         .\Release_portal\/combine_mine.obj
         .\Release_portal\/env_alyxemp.obj
         .\Release_portal\/env_headcrabcanister.obj
         .\Release_portal\/env_headcrabcanister_shared.obj
         .\Release_portal\/env_speaker.obj
         .\Release_portal\/env_starfield.obj
         .\Release_portal\/func_recharge.obj
         .\Release_portal\/func_tank.obj
         .\Release_portal\/grenade_ar2.obj
         .\Release_portal\/grenade_bugbait.obj
         .\Release_portal\/grenade_frag.obj
         .\Release_portal\/grenade_spit.obj
         .\Release_portal\/hl2_ai_network.obj
         .\Release_portal\/hl2_eventlog.obj
         .\Release_portal\/hl2_gamerules.obj
         .\Release_portal\/hl2_player.obj
         .\Release_portal\/hl2_playerlocaldata.obj
         .\Release_portal\/hl2_triggers.obj
         .\Release_portal\/hl_gamemovement.obj
         .\Release_portal\/hl_playermove.obj
         .\Release_portal\/info_darknessmode_lightsource.obj
         .\Release_portal\/info_teleporter_countdown.obj
         .\Release_portal\/item_ammo.obj
         .\Release_portal\/item_battery.obj
         .\Release_portal\/item_dynamic_resupply.obj
         .\Release_portal\/item_healthkit.obj
         .\Release_portal\/item_itemcrate.obj
         .\Release_portal\/item_suit.obj
         .\Release_portal\/look_door.obj
         .\Release_portal\/monster_dummy.obj
         .\Release_portal\/npc_alyx_episodic.obj
         .\Release_portal\/npc_antlion.obj
         .\Release_portal\/npc_antlionguard.obj
         .\Release_portal\/npc_apcdriver.obj
         .\Release_portal\/npc_attackchopper.obj
         .\Release_portal\/npc_barnacle.obj
         .\Release_portal\/npc_barney.obj
         .\Release_portal\/npc_basescanner.obj
         .\Release_portal\/npc_BaseZombie.obj
         .\Release_portal\/npc_breen.obj
         .\Release_portal\/npc_bullseye.obj
         .\Release_portal\/npc_citizen17.obj
         .\Release_portal\/npc_combine.obj
         .\Release_portal\/npc_combinecamera.obj
         .\Release_portal\/npc_combinedropship.obj
         .\Release_portal\/npc_combinegunship.obj
         .\Release_portal\/npc_combines.obj
         .\Release_portal\/npc_cranedriver.obj
         .\Release_portal\/npc_crow.obj
         .\Release_portal\/npc_dog.obj
         .\Release_portal\/npc_eli.obj
         .\Release_portal\/npc_enemyfinder.obj
         .\Release_portal\/npc_fastzombie.obj
         .\Release_portal\/npc_fisherman.obj
         .\Release_portal\/npc_gman.obj
         .\Release_portal\/npc_headcrab.obj
         .\Release_portal\/npc_hunter.obj
         .\Release_portal\/npc_ichthyosaur.obj
         .\Release_portal\/npc_kleiner.obj
         .\Release_portal\/npc_launcher.obj
         .\Release_portal\/npc_manhack.obj
         .\Release_portal\/npc_metropolice.obj
         .\Release_portal\/npc_monk.obj
         .\Release_portal\/npc_mossman.obj
         .\Release_portal\/npc_playercompanion.obj
         .\Release_portal\/npc_PoisonZombie.obj
         .\Release_portal\/npc_rollermine.obj
         .\Release_portal\/npc_scanner.obj
         .\Release_portal\/npc_stalker.obj
         .\Release_portal\/npc_strider.obj
         .\Release_portal\/npc_talker.obj
         .\Release_portal\/npc_turret_ceiling.obj
         .\Release_portal\/npc_turret_floor.obj
         .\Release_portal\/npc_turret_ground.obj
         .\Release_portal\/npc_vortigaunt_episodic.obj
         .\Release_portal\/npc_zombie.obj
         .\Release_portal\/npc_zombine.obj
         .\Release_portal\/point_apc_controller.obj
         .\Release_portal\/prop_combine_ball.obj
         .\Release_portal\/prop_thumper.obj
         .\Release_portal\/proto_sniper.obj
         .\Release_portal\/rotorwash.obj
         .\Release_portal\/script_intro.obj
         .\Release_portal\/script_intro_shared.obj
         .\Release_portal\/vehicle_airboat.obj
         .\Release_portal\/vehicle_cannon.obj
         .\Release_portal\/vehicle_crane.obj
         .\Release_portal\/vehicle_jeep.obj
         .\Release_portal\/vehicle_jeep_episodic.obj
         .\Release_portal\/vehicle_prisoner_pod.obj
         .\Release_portal\/vehicle_viewcontroller.obj
         .\Release_portal\/weapon_357.obj
         .\Release_portal\/weapon_alyxgun.obj
         .\Release_portal\/weapon_annabelle.obj
         .\Release_portal\/weapon_ar2.obj
         .\Release_portal\/weapon_bugbait.obj
         .\Release_portal\/weapon_citizenpackage.obj
         .\Release_portal\/weapon_crossbow.obj
         .\Release_portal\/weapon_crowbar.obj
         .\Release_portal\/weapon_cubemap.obj
         .\Release_portal\/weapon_frag.obj
         .\Release_portal\/weapon_pistol.obj
         .\Release_portal\/weapon_rpg.obj
         .\Release_portal\/weapon_shotgun.obj
         .\Release_portal\/weapon_smg1.obj
         .\Release_portal\/weapon_striderbuster.obj
         .\Release_portal\/weapon_stunstick.obj
         .\Release_portal\/grenade_beam.obj
         .\Release_portal\/grenade_homer.obj
         .\Release_portal\/grenade_hopwire.obj
         .\Release_portal\/grenade_pathfollower.obj
         .\Release_portal\/npc_missiledefense.obj
         .\Release_portal\/vehicle_apc.obj
         .\Release_portal\/weapon_cguard.obj
         .\Release_portal\/weapon_flaregun.obj
         .\Release_portal\/weapon_hopwire.obj
         .\Release_portal\/achievements_portal.obj
         .\Release_portal\/cbaseanimatingprojectile.obj
         .\Release_portal\/env_lightrail_endpoint.obj
         .\Release_portal\/env_portal_credits.obj
         .\Release_portal\/env_portal_path_track.obj
         .\Release_portal\/func_liquidportal.obj
         .\Release_portal\/func_noportal_volume.obj
         .\Release_portal\/func_portal_bumper.obj
         .\Release_portal\/func_portal_detector.obj
         .\Release_portal\/func_portal_orientation.obj
         .\Release_portal\/multiplayer_animstate.obj
         .\Release_portal\/neurotoxin_countdown.obj
         .\Release_portal\/npc_portal_turret_floor.obj
         .\Release_portal\/npc_portal_turret_ground.obj
         .\Release_portal\/npc_rocket_turret.obj
         .\Release_portal\/npc_security_camera.obj
         .\Release_portal\/PhysicsCloneArea.obj
         .\Release_portal\/physicsshadowclone.obj
         .\Release_portal\/portal_client.obj
         .\Release_portal\/portal_collideable_enumerator.obj
         .\Release_portal\/Portal_CustomStatsVisualizer.obj
         .\Release_portal\/portal_gamemovement.obj
         .\Release_portal\/portal_gamerules.obj
         .\Release_portal\/portal_gamestats.obj
         .\Release_portal\/portal_physics_collisionevent.obj
         .\Release_portal\/portal_placement.obj
         .\Release_portal\/portal_player.obj
         .\Release_portal\/portal_player_shared.obj
         .\Release_portal\/portal_playeranimstate.obj
         .\Release_portal\/portal_radio.obj
         .\Release_portal\/portal_shareddefs.obj
         .\Release_portal\/portal_usermessages.obj
         .\Release_portal\/portal_util_shared.obj
         .\Release_portal\/portal_weapon_parse.obj
         .\Release_portal\/PortalSimulation.obj
         .\Release_portal\/prop_energy_ball.obj
         .\Release_portal\/prop_glados_core.obj
         .\Release_portal\/prop_portal.obj
         .\Release_portal\/prop_portal_shared.obj
         .\Release_portal\/prop_portal_stats_display.obj
         .\Release_portal\/prop_telescopic_arm.obj
         .\Release_portal\/StaticCollisionPolyhedronCache.obj
         .\Release_portal\/trigger_portal_cleanser.obj
         .\Release_portal\/weapon_physcannon.obj
         .\Release_portal\/weapon_portalbase.obj
         .\Release_portal\/weapon_portalbasecombatweapon.obj
         .\Release_portal\/weapon_portalgun.obj
         .\Release_portal\/weapon_portalgun_shared.obj
         .\Release_portal\/stdafx.obj
         .\Release_portal\/basetempentity.obj
         .\Release_portal\/event_tempentity_tester.obj
         .\Release_portal\/movie_explosion.obj
         .\Release_portal\/particle_fire.obj
         .\Release_portal\/particle_smokegrenade.obj
         .\Release_portal\/plasma.obj
         .\Release_portal\/smoke_trail.obj
         .\Release_portal\/smokestack.obj
         .\Release_portal\/SpriteTrail.obj
         .\Release_portal\/steamjet.obj
         .\Release_portal\/te.obj
         .\Release_portal\/te_armorricochet.obj
         .\Release_portal\/te_basebeam.obj
         .\Release_portal\/te_beamentpoint.obj
         .\Release_portal\/te_beaments.obj
         .\Release_portal\/te_beamfollow.obj
         .\Release_portal\/te_beamlaser.obj
         .\Release_portal\/te_beampoints.obj
         .\Release_portal\/te_beamring.obj
         .\Release_portal\/te_beamringpoint.obj
         .\Release_portal\/te_beamspline.obj
         .\Release_portal\/te_bloodsprite.obj
         .\Release_portal\/te_bloodstream.obj
         .\Release_portal\/te_breakmodel.obj
         .\Release_portal\/te_bspdecal.obj
         .\Release_portal\/te_bubbles.obj
         .\Release_portal\/te_bubbletrail.obj
         .\Release_portal\/te_clientprojectile.obj
         .\Release_portal\/te_decal.obj
         .\Release_portal\/te_dynamiclight.obj
         .\Release_portal\/te_effect_dispatch.obj
         .\Release_portal\/te_energysplash.obj
         .\Release_portal\/te_explosion.obj
         .\Release_portal\/te_fizz.obj
         .\Release_portal\/te_footprintdecal.obj
         .\Release_portal\/te_gaussexplosion.obj
         .\Release_portal\/te_glassshatter.obj
         .\Release_portal\/te_glowsprite.obj
         .\Release_portal\/te_impact.obj
         .\Release_portal\/te_killplayerattachments.obj
         .\Release_portal\/te_largefunnel.obj
         .\Release_portal\/te_muzzleflash.obj
         .\Release_portal\/te_particlesystem.obj
         .\Release_portal\/te_physicsprop.obj
         .\Release_portal\/te_playerdecal.obj
         .\Release_portal\/te_projecteddecal.obj
         .\Release_portal\/te_showline.obj
         .\Release_portal\/te_smoke.obj
         .\Release_portal\/te_sparks.obj
         .\Release_portal\/te_sprite.obj
         .\Release_portal\/te_spritespray.obj
         .\Release_portal\/te_worlddecal.obj
         .\Release_portal\/usermessages.obj
         .\Release_portal\/entity_tools_server.obj
         .\Release_portal\/toolframework_server.obj
         ..\..\lib\public\choreoobjects.lib
         ..\..\lib\public\dmxloader.lib
         ..\..\lib\public\libprotobuf.lib
         ..\..\lib\public\mathlib.lib
         ..\..\lib\public\particles.lib
         ..\..\lib\public\steam_api.lib
         ..\..\lib\public\tier0.lib
         ..\..\lib\public\tier1.lib
         ..\..\lib\public\tier2.lib
         ..\..\lib\public\tier3.lib
         ..\..\lib\public\vstdlib.lib
            Creating library .\Release_portal\server.lib and object .\Release_portal\server.exp
         server_portal.vcxproj -> C:\Users\FredrichVonPreussen\Downloads\lemon-project-main\lemon-project-main\src\game\server\.\Release_portal\server.dll
       PostBuildEvent:
         if not exist "..\..\..\game\portal\bin\." mkdir "..\..\..\game\portal\bin\."
         copy "C:\Users\FredrichVonPreussen\Downloads\lemon-project-main\lemon-project-main\src\game\server\Release_portal\server.dll" "..\..\..\game\portal\bin\.\server.dll"
         if ERRORLEVEL 1 goto BuildEventFailed
         if exist "C:\Users\FredrichVonPreussen\Downloads\lemon-project-main\lemon-project-main\src\game\server\Release_portal\server.map" copy "C:\Users\FredrichVonPreussen\Downloads\lemon-project-main\lemon-project-main\src\game\server\Release_portal\server.map" ..\..\..\game\portal\bin\.\server.map
         copy "C:\Users\FredrichVonPreussen\Downloads\lemon-project-main\lemon-project-main\src\game\server\Release_portal\server.pdb" ..\..\..\game\portal\bin\.\server.pdb
         if ERRORLEVEL 1 goto BuildEventFailed
         goto BuildEventOK
         :BuildEventFailed
         echo *** ERROR! PostBuildStep FAILED for Server (Portal)! EXE or DLL is probably running. ***
         del /q "C:\Users\FredrichVonPreussen\Downloads\lemon-project-main\lemon-project-main\src\game\server\Release_portal\server.dll"
         exit 1
         :BuildEventOK
         
         :VCEnd
                 1 file(s) copied.
                 1 file(s) copied.
     1>Done Building Project "C:\Users\FredrichVonPreussen\Downloads\lemon-project-main\lemon-project-main\src\game\server\server_portal.vcxproj" (Build target(s)).

Build succeeded.

Time Elapsed 00:00:04.31
