c:\users\luna\documents\prog\lemon-project\game\server\release_portal\server.pch
c:\users\luna\documents\prog\lemon-project\game\server\release_portal\vc120.pdb
c:\users\luna\documents\prog\lemon-project\game\server\release_portal\stdafx.obj
c:\users\luna\documents\prog\lemon-project\game\server\release_portal\ai_basenpc_schedule.obj
c:\users\luna\documents\prog\lemon-project\game\server\release_portal\ai_initutils.obj
c:\users\luna\documents\prog\lemon-project\game\server\release_portal\ai_relationship.obj
c:\users\luna\documents\prog\lemon-project\game\server\release_portal\ai_speech.obj
c:\users\luna\documents\prog\lemon-project\game\server\release_portal\baseentity_shared.obj
c:\users\luna\documents\prog\lemon-project\game\server\release_portal\colorcorrectionvolume.obj
c:\users\luna\documents\prog\lemon-project\game\server\release_portal\effectsserver.obj
c:\users\luna\documents\prog\lemon-project\game\server\release_portal\entitylist.obj
c:\users\luna\documents\prog\lemon-project\game\server\release_portal\player_lagcompensation.obj
c:\users\luna\documents\prog\lemon-project\game\server\release_portal\point_posecontroller.obj
c:\users\luna\documents\prog\lemon-project\game\server\release_portal\saverestore_gamedll.obj
c:\users\luna\documents\prog\lemon-project\game\server\release_portal\serverbenchmark_base.obj
c:\users\luna\documents\prog\lemon-project\game\server\release_portal\sun.obj
c:\users\luna\documents\prog\lemon-project\game\server\release_portal\test_stressentities.obj
c:\users\luna\documents\prog\lemon-project\game\server\release_portal\vehicle_choreo_generic.obj
c:\users\luna\documents\prog\lemon-project\game\server\release_portal\ai_behavior_passenger_zombie.obj
c:\users\luna\documents\prog\lemon-project\game\server\release_portal\npc_basescanner.obj
c:\users\luna\documents\prog\lemon-project\game\server\release_portal\npc_crow.obj
c:\users\luna\documents\prog\lemon-project\game\server\release_portal\npc_kleiner.obj
c:\users\luna\documents\prog\lemon-project\game\server\release_portal\npc_scanner.obj
c:\users\luna\documents\prog\lemon-project\game\server\release_portal\grenade_hopwire.obj
c:\users\luna\documents\prog\lemon-project\game\server\release_portal\cbaseanimatingprojectile.obj
c:\users\luna\documents\prog\lemon-project\game\server\release_portal\func_portal_bumper.obj
c:\users\luna\documents\prog\lemon-project\game\server\release_portal\neurotoxin_countdown.obj
c:\users\luna\documents\prog\lemon-project\game\server\release_portal\portal_gamestats.obj
c:\users\luna\documents\prog\lemon-project\game\server\release_portal\weapon_portalbase.obj
c:\users\luna\documents\prog\lemon-project\game\server\release_portal\te_beaments.obj
c:\users\luna\documents\prog\lemon-project\game\server\release_portal\te_breakmodel.obj
c:\users\luna\documents\prog\lemon-project\game\server\release_portal\te_impact.obj
c:\users\luna\documents\prog\lemon-project\game\server\release_portal\ai_basenpc.obj
c:\users\luna\documents\prog\lemon-project\game\server\release_portal\collisionproperty.obj
c:\users\luna\documents\prog\lemon-project\game\server\release_portal\dynamiclight.obj
c:\users\luna\documents\prog\lemon-project\game\server\release_portal\entityparticletrail_shared.obj
c:\users\luna\documents\prog\lemon-project\game\server\release_portal\env_entity_maker.obj
c:\users\luna\documents\prog\lemon-project\game\server\release_portal\env_wind_shared.obj
c:\users\luna\documents\prog\lemon-project\game\server\release_portal\eventlist.obj
c:\users\luna\documents\prog\lemon-project\game\server\release_portal\fire_smoke.obj
c:\users\luna\documents\prog\lemon-project\game\server\release_portal\func_breakablesurf.obj
c:\users\luna\documents\prog\lemon-project\game\server\release_portal\item_world.obj
c:\users\luna\documents\prog\lemon-project\game\server\release_portal\monstermaker.obj
c:\users\luna\documents\prog\lemon-project\game\server\release_portal\physobj.obj
c:\users\luna\documents\prog\lemon-project\game\server\release_portal\rope.obj
c:\users\luna\documents\prog\lemon-project\game\server\release_portal\sendproxy.obj
c:\users\luna\documents\prog\lemon-project\game\server\release_portal\singleplay_gamerules.obj
c:\users\luna\documents\prog\lemon-project\game\server\release_portal\soundparametersinternal.obj
c:\users\luna\documents\prog\lemon-project\game\server\release_portal\sprite.obj
c:\users\luna\documents\prog\lemon-project\game\server\release_portal\team_spawnpoint.obj
c:\users\luna\documents\prog\lemon-project\game\server\release_portal\util_shared.obj
c:\users\luna\documents\prog\lemon-project\game\server\release_portal\wcedit.obj
c:\users\luna\documents\prog\lemon-project\game\server\release_portal\ai_goal_police.obj
c:\users\luna\documents\prog\lemon-project\game\server\release_portal\ar2_explosion.obj
c:\users\luna\documents\prog\lemon-project\game\server\release_portal\cbasehelicopter.obj
c:\users\luna\documents\prog\lemon-project\game\server\release_portal\info_darknessmode_lightsource.obj
c:\users\luna\documents\prog\lemon-project\game\server\release_portal\item_dynamic_resupply.obj
c:\users\luna\documents\prog\lemon-project\game\server\release_portal\npc_attackchopper.obj
c:\users\luna\documents\prog\lemon-project\game\server\release_portal\npc_gman.obj
c:\users\luna\documents\prog\lemon-project\game\server\release_portal\npc_turret_floor.obj
c:\users\luna\documents\prog\lemon-project\game\server\release_portal\vehicle_jeep_episodic.obj
c:\users\luna\documents\prog\lemon-project\game\server\release_portal\portal_util_shared.obj
c:\users\luna\documents\prog\lemon-project\game\server\release_portal\weapon_portalbasecombatweapon.obj
c:\users\luna\documents\prog\lemon-project\game\server\release_portal\te_basebeam.obj
c:\users\luna\documents\prog\lemon-project\game\server\release_portal\te_beamringpoint.obj
c:\users\luna\documents\prog\lemon-project\game\server\release_portal\te_glassshatter.obj
c:\users\luna\documents\prog\lemon-project\game\server\release_portal\activitylist.obj
c:\users\luna\documents\prog\lemon-project\game\server\release_portal\ai_default.obj
c:\users\luna\documents\prog\lemon-project\game\server\release_portal\ai_movesolver.obj
c:\users\luna\documents\prog\lemon-project\game\server\release_portal\ai_node.obj
c:\users\luna\documents\prog\lemon-project\game\server\release_portal\ai_scriptconditions.obj
c:\users\luna\documents\prog\lemon-project\game\server\release_portal\base_playeranimstate.obj
c:\users\luna\documents\prog\lemon-project\game\server\release_portal\basecombatweapon_shared.obj
c:\users\luna\documents\prog\lemon-project\game\server\release_portal\baseprojectile.obj
c:\users\luna\documents\prog\lemon-project\game\server\release_portal\beam_shared.obj
c:\users\luna\documents\prog\lemon-project\game\server\release_portal\controlentities.obj
c:\users\luna\documents\prog\lemon-project\game\server\release_portal\effect_dispatch_data.obj
c:\users\luna\documents\prog\lemon-project\game\server\release_portal\entitydissolve.obj
c:\users\luna\documents\prog\lemon-project\game\server\release_portal\fogcontroller.obj
c:\users\luna\documents\prog\lemon-project\game\server\release_portal\func_reflective_glass.obj
c:\users\luna\documents\prog\lemon-project\game\server\release_portal\gamemovement.obj
c:\users\luna\documents\prog\lemon-project\game\server\release_portal\hintmessage.obj
c:\users\luna\documents\prog\lemon-project\game\server\release_portal\intermission.obj
c:\users\luna\documents\prog\lemon-project\game\server\release_portal\logic_measure_movement.obj
c:\users\luna\documents\prog\lemon-project\game\server\release_portal\maprules.obj
c:\users\luna\documents\prog\lemon-project\game\server\release_portal\mp_shareddefs.obj
c:\users\luna\documents\prog\lemon-project\game\server\release_portal\particle_light.obj
c:\users\luna\documents\prog\lemon-project\game\server\release_portal\phys_controller.obj
c:\users\luna\documents\prog\lemon-project\game\server\release_portal\physics_main.obj
c:\users\luna\documents\prog\lemon-project\game\server\release_portal\precache_register.obj
c:\users\luna\documents\prog\lemon-project\game\server\release_portal\props_shared.obj
c:\users\luna\documents\prog\lemon-project\game\server\release_portal\soundemittersystem.obj
c:\users\luna\documents\prog\lemon-project\game\server\release_portal\tanktrain.obj
c:\users\luna\documents\prog\lemon-project\game\server\release_portal\timedeventmgr.obj
c:\users\luna\documents\prog\lemon-project\game\server\release_portal\vguiscreen.obj
c:\users\luna\documents\prog\lemon-project\game\server\release_portal\world.obj
c:\users\luna\documents\prog\lemon-project\game\server\release_portal\ai_behavior_passenger_companion.obj
c:\users\luna\documents\prog\lemon-project\game\server\release_portal\npc_breen.obj
c:\users\luna\documents\prog\lemon-project\game\server\release_portal\npc_combines.obj
c:\users\luna\documents\prog\lemon-project\game\server\release_portal\npc_poisonzombie.obj
c:\users\luna\documents\prog\lemon-project\game\server\release_portal\npc_turret_ground.obj
c:\users\luna\documents\prog\lemon-project\game\server\release_portal\vehicle_cannon.obj
c:\users\luna\documents\prog\lemon-project\game\server\release_portal\weapon_striderbuster.obj
c:\users\luna\documents\prog\lemon-project\game\server\release_portal\npc_security_camera.obj
c:\users\luna\documents\prog\lemon-project\game\server\release_portal\particle_smokegrenade.obj
c:\users\luna\documents\prog\lemon-project\game\server\release_portal\te_armorricochet.obj
c:\users\luna\documents\prog\lemon-project\game\server\release_portal\te_beamfollow.obj
c:\users\luna\documents\prog\lemon-project\game\server\release_portal\te_clientprojectile.obj
c:\users\luna\documents\prog\lemon-project\game\server\release_portal\te_sparks.obj
c:\users\luna\documents\prog\lemon-project\game\server\release_portal\ai_activity.obj
c:\users\luna\documents\prog\lemon-project\game\server\release_portal\ai_utils.obj
c:\users\luna\documents\prog\lemon-project\game\server\release_portal\basegrenade_shared.obj
c:\users\luna\documents\prog\lemon-project\game\server\release_portal\bitstring.obj
c:\users\luna\documents\prog\lemon-project\game\server\release_portal\buttons.obj
c:\users\luna\documents\prog\lemon-project\game\server\release_portal\cragdollmagnet.obj
c:\users\luna\documents\prog\lemon-project\game\server\release_portal\ehandle.obj
c:\users\luna\documents\prog\lemon-project\game\server\release_portal\entityblocker.obj
c:\users\luna\documents\prog\lemon-project\game\server\release_portal\env_debughistory.obj
c:\users\luna\documents\prog\lemon-project\game\server\release_portal\env_projectedtexture.obj
c:\users\luna\documents\prog\lemon-project\game\server\release_portal\envshake.obj
c:\users\luna\documents\prog\lemon-project\game\server\release_portal\func_areaportal.obj
c:\users\luna\documents\prog\lemon-project\game\server\release_portal\func_ladder_endpoint.obj
c:\users\luna\documents\prog\lemon-project\game\server\release_portal\game_ui.obj
c:\users\luna\documents\prog\lemon-project\game\server\release_portal\globalstate.obj
c:\users\luna\documents\prog\lemon-project\game\server\release_portal\lightglow.obj
c:\users\luna\documents\prog\lemon-project\game\server\release_portal\logicrelay.obj
c:\users\luna\documents\prog\lemon-project\game\server\release_portal\movehelper_server.obj
c:\users\luna\documents\prog\lemon-project\game\server\release_portal\npc_vehicledriver.obj
c:\users\luna\documents\prog\lemon-project\game\server\release_portal\predictableid.obj
c:\users\luna\documents\prog\lemon-project\game\server\release_portal\ragdollboogie.obj
c:\users\luna\documents\prog\lemon-project\game\server\release_portal\scriptedtarget.obj
c:\users\luna\documents\prog\lemon-project\game\server\release_portal\tesla.obj
c:\users\luna\documents\prog\lemon-project\game\server\release_portal\triggers.obj
c:\users\luna\documents\prog\lemon-project\game\server\release_portal\env_headcrabcanister.obj
c:\users\luna\documents\prog\lemon-project\game\server\release_portal\npc_alyx_episodic.obj
c:\users\luna\documents\prog\lemon-project\game\server\release_portal\npc_mossman.obj
c:\users\luna\documents\prog\lemon-project\game\server\release_portal\npc_zombine.obj
c:\users\luna\documents\prog\lemon-project\game\server\release_portal\weapon_annabelle.obj
c:\users\luna\documents\prog\lemon-project\game\server\release_portal\weapon_stunstick.obj
c:\users\luna\documents\prog\lemon-project\game\server\release_portal\portal_collideable_enumerator.obj
c:\users\luna\documents\prog\lemon-project\game\server\release_portal\portal_placement.obj
c:\users\luna\documents\prog\lemon-project\game\server\release_portal\prop_portal_stats_display.obj
c:\users\luna\documents\prog\lemon-project\game\server\release_portal\te.obj
c:\users\luna\documents\prog\lemon-project\game\server\release_portal\te_beamlaser.obj
c:\users\luna\documents\prog\lemon-project\game\server\release_portal\te_decal.obj
c:\users\luna\documents\prog\lemon-project\game\server\release_portal\te_particlesystem.obj
c:\users\luna\documents\prog\lemon-project\game\server\release_portal\te_sprite.obj
c:\users\luna\documents\prog\lemon-project\game\server\release_portal\ai_basenpc_flyer_new.obj
c:\users\luna\documents\prog\lemon-project\game\server\release_portal\ai_behavior_rappel.obj
c:\users\luna\documents\prog\lemon-project\game\server\release_portal\ai_moveshoot.obj
c:\users\luna\documents\prog\lemon-project\game\server\release_portal\ai_route.obj
c:\users\luna\documents\prog\lemon-project\game\server\release_portal\ai_tacticalservices.obj
c:\users\luna\documents\prog\lemon-project\game\server\release_portal\basegrenade_contact.obj
c:\users\luna\documents\prog\lemon-project\game\server\release_portal\baseparticleentity.obj
c:\users\luna\documents\prog\lemon-project\game\server\release_portal\baseviewmodel.obj
c:\users\luna\documents\prog\lemon-project\game\server\release_portal\client.obj
c:\users\luna\documents\prog\lemon-project\game\server\release_portal\envhudhint.obj
c:\users\luna\documents\prog\lemon-project\game\server\release_portal\eventlog.obj
c:\users\luna\documents\prog\lemon-project\game\server\release_portal\func_areaportalwindow.obj
c:\users\luna\documents\prog\lemon-project\game\server\release_portal\func_occluder.obj
c:\users\luna\documents\prog\lemon-project\game\server\release_portal\gamestringpool.obj
c:\users\luna\documents\prog\lemon-project\game\server\release_portal\guntarget.obj
c:\users\luna\documents\prog\lemon-project\game\server\release_portal\hltvdirector.obj
c:\users\luna\documents\prog\lemon-project\game\server\release_portal\logicentities.obj
c:\users\luna\documents\prog\lemon-project\game\server\release_portal\physics_cannister.obj
c:\users\luna\documents\prog\lemon-project\game\server\release_portal\physics_shared.obj
c:\users\luna\documents\prog\lemon-project\game\server\release_portal\plugin_check.obj
c:\users\luna\documents\prog\lemon-project\game\server\release_portal\point_camera.obj
c:\users\luna\documents\prog\lemon-project\game\server\release_portal\pointhurt.obj
c:\users\luna\documents\prog\lemon-project\game\server\release_portal\querycache.obj
c:\users\luna\documents\prog\lemon-project\game\server\release_portal\shadowcontrol.obj
c:\users\luna\documents\prog\lemon-project\game\server\release_portal\soundenvelope.obj
c:\users\luna\documents\prog\lemon-project\game\server\release_portal\tempmonster.obj
c:\users\luna\documents\prog\lemon-project\game\server\release_portal\test_ehandle.obj
c:\users\luna\documents\prog\lemon-project\game\server\release_portal\trains.obj
c:\users\luna\documents\prog\lemon-project\game\server\release_portal\ai_behavior_operator.obj
c:\users\luna\documents\prog\lemon-project\game\server\release_portal\cbasespriteprojectile.obj
c:\users\luna\documents\prog\lemon-project\game\server\release_portal\env_alyxemp.obj
c:\users\luna\documents\prog\lemon-project\game\server\release_portal\env_starfield.obj
c:\users\luna\documents\prog\lemon-project\game\server\release_portal\grenade_ar2.obj
c:\users\luna\documents\prog\lemon-project\game\server\release_portal\hl_playermove.obj
c:\users\luna\documents\prog\lemon-project\game\server\release_portal\npc_citizen17.obj
c:\users\luna\documents\prog\lemon-project\game\server\release_portal\npc_turret_ceiling.obj
c:\users\luna\documents\prog\lemon-project\game\server\release_portal\prop_combine_ball.obj
c:\users\luna\documents\prog\lemon-project\game\server\release_portal\weapon_pistol.obj
c:\users\luna\documents\prog\lemon-project\game\server\release_portal\weapon_cguard.obj
c:\users\luna\documents\prog\lemon-project\game\server\release_portal\env_portal_credits.obj
c:\users\luna\documents\prog\lemon-project\game\server\release_portal\npc_rocket_turret.obj
c:\users\luna\documents\prog\lemon-project\game\server\release_portal\basetempentity.obj
c:\users\luna\documents\prog\lemon-project\game\server\release_portal\plasma.obj
c:\users\luna\documents\prog\lemon-project\game\server\release_portal\te_beamentpoint.obj
c:\users\luna\documents\prog\lemon-project\game\server\release_portal\te_bubbles.obj
c:\users\luna\documents\prog\lemon-project\game\server\release_portal\te_gaussexplosion.obj
c:\users\luna\documents\prog\lemon-project\game\server\release_portal\te_showline.obj
c:\users\luna\documents\prog\lemon-project\game\server\release_portal\ai_basehumanoid.obj
c:\users\luna\documents\prog\lemon-project\game\server\release_portal\ai_dynamiclink.obj
c:\users\luna\documents\prog\lemon-project\game\server\release_portal\ai_hull.obj
c:\users\luna\documents\prog\lemon-project\game\server\release_portal\ai_link.obj
c:\users\luna\documents\prog\lemon-project\game\server\release_portal\ai_memory.obj
c:\users\luna\documents\prog\lemon-project\game\server\release_portal\ai_schedule.obj
c:\users\luna\documents\prog\lemon-project\game\server\release_portal\ai_trackpather.obj
c:\users\luna\documents\prog\lemon-project\game\server\release_portal\basegrenade_concussion.obj
c:\users\luna\documents\prog\lemon-project\game\server\release_portal\basemultiplayerplayer.obj
c:\users\luna\documents\prog\lemon-project\game\server\release_portal\bmodels.obj
c:\users\luna\documents\prog\lemon-project\game\server\release_portal\damagemodifier.obj
c:\users\luna\documents\prog\lemon-project\game\server\release_portal\doors.obj
c:\users\luna\documents\prog\lemon-project\game\server\release_portal\env_detail_controller.obj
c:\users\luna\documents\prog\lemon-project\game\server\release_portal\env_screenoverlay.obj
c:\users\luna\documents\prog\lemon-project\game\server\release_portal\envmessage.obj
c:\users\luna\documents\prog\lemon-project\game\server\release_portal\func_dust.obj
c:\users\luna\documents\prog\lemon-project\game\server\release_portal\gamerules.obj
c:\users\luna\documents\prog\lemon-project\game\server\release_portal\particle_system.obj
c:\users\luna\documents\prog\lemon-project\game\server\release_portal\player_resource.obj
c:\users\luna\documents\prog\lemon-project\game\server\release_portal\point_playermoveconstraint.obj
c:\users\luna\documents\prog\lemon-project\game\server\release_portal\pointteleport.obj
c:\users\luna\documents\prog\lemon-project\game\server\release_portal\rope_helpers.obj
c:\users\luna\documents\prog\lemon-project\game\server\release_portal\sceneentity_shared.obj
c:\users\luna\documents\prog\lemon-project\game\server\release_portal\scripted.obj
c:\users\luna\documents\prog\lemon-project\game\server\release_portal\testtraceline.obj
c:\users\luna\documents\prog\lemon-project\game\server\release_portal\voice_gamemgr.obj
c:\users\luna\documents\prog\lemon-project\game\server\release_portal\weapon_parse.obj
c:\users\luna\documents\prog\lemon-project\game\server\release_portal\ai_behavior_alyx_injured.obj
c:\users\luna\documents\prog\lemon-project\game\server\release_portal\grenade_spit.obj
c:\users\luna\documents\prog\lemon-project\game\server\release_portal\item_battery.obj
c:\users\luna\documents\prog\lemon-project\game\server\release_portal\look_door.obj
c:\users\luna\documents\prog\lemon-project\game\server\release_portal\npc_barnacle.obj
c:\users\luna\documents\prog\lemon-project\game\server\release_portal\npc_eli.obj
c:\users\luna\documents\prog\lemon-project\game\server\release_portal\npc_ichthyosaur.obj
c:\users\luna\documents\prog\lemon-project\game\server\release_portal\npc_rollermine.obj
c:\users\luna\documents\prog\lemon-project\game\server\release_portal\rotorwash.obj
c:\users\luna\documents\prog\lemon-project\game\server\release_portal\script_intro_shared.obj
c:\users\luna\documents\prog\lemon-project\game\server\release_portal\vehicle_airboat.obj
c:\users\luna\documents\prog\lemon-project\game\server\release_portal\weapon_crossbow.obj
c:\users\luna\documents\prog\lemon-project\game\server\release_portal\weapon_flaregun.obj
c:\users\luna\documents\prog\lemon-project\game\server\release_portal\func_liquidportal.obj
c:\users\luna\documents\prog\lemon-project\game\server\release_portal\portal_player.obj
c:\users\luna\documents\prog\lemon-project\game\server\release_portal\te_bubbletrail.obj
c:\users\luna\documents\prog\lemon-project\game\server\release_portal\te_muzzleflash.obj
c:\users\luna\documents\prog\lemon-project\game\server\release_portal\usermessages.obj
c:\users\luna\documents\prog\lemon-project\game\server\release_portal\ai_basenpc_physicsflyer.obj
c:\users\luna\documents\prog\lemon-project\game\server\release_portal\ai_concommands.obj
c:\users\luna\documents\prog\lemon-project\game\server\release_portal\ai_moveprobe.obj
c:\users\luna\documents\prog\lemon-project\game\server\release_portal\ai_senses.obj
c:\users\luna\documents\prog\lemon-project\game\server\release_portal\ammodef.obj
c:\users\luna\documents\prog\lemon-project\game\server\release_portal\base_gameinterface.obj
c:\users\luna\documents\prog\lemon-project\game\server\release_portal\basecombatcharacter.obj
c:\users\luna\documents\prog\lemon-project\game\server\release_portal\envspark.obj
c:\users\luna\documents\prog\lemon-project\game\server\release_portal\fourwheelvehiclephysics.obj
c:\users\luna\documents\prog\lemon-project\game\server\release_portal\h_ai.obj
c:\users\luna\documents\prog\lemon-project\game\server\release_portal\hintsystem.obj
c:\users\luna\documents\prog\lemon-project\game\server\release_portal\lights.obj
c:\users\luna\documents\prog\lemon-project\game\server\release_portal\materialmodifycontrol.obj
c:\users\luna\documents\prog\lemon-project\game\server\release_portal\movement.obj
c:\users\luna\documents\prog\lemon-project\game\server\release_portal\pathcorner.obj
c:\users\luna\documents\prog\lemon-project\game\server\release_portal\physconstraint.obj
c:\users\luna\documents\prog\lemon-project\game\server\release_portal\player.obj
c:\users\luna\documents\prog\lemon-project\game\server\release_portal\ai_spotlight.obj
c:\users\luna\documents\prog\lemon-project\game\server\release_portal\env_speaker.obj
c:\users\luna\documents\prog\lemon-project\game\server\release_portal\grenade_frag.obj
c:\users\luna\documents\prog\lemon-project\game\server\release_portal\hl2_triggers.obj
c:\users\luna\documents\prog\lemon-project\game\server\release_portal\monster_dummy.obj
c:\users\luna\documents\prog\lemon-project\game\server\release_portal\npc_combinecamera.obj
c:\users\luna\documents\prog\lemon-project\game\server\release_portal\npc_dog.obj
c:\users\luna\documents\prog\lemon-project\game\server\release_portal\npc_playercompanion.obj
c:\users\luna\documents\prog\lemon-project\game\server\release_portal\weapon_bugbait.obj
c:\users\luna\documents\prog\lemon-project\game\server\release_portal\func_noportal_volume.obj
c:\users\luna\documents\prog\lemon-project\game\server\release_portal\physicsclonearea.obj
c:\users\luna\documents\prog\lemon-project\game\server\release_portal\portal_player_shared.obj
c:\users\luna\documents\prog\lemon-project\game\server\release_portal\particle_fire.obj
c:\users\luna\documents\prog\lemon-project\game\server\release_portal\steamjet.obj
c:\users\luna\documents\prog\lemon-project\game\server\release_portal\te_beampoints.obj
c:\users\luna\documents\prog\lemon-project\game\server\release_portal\te_effect_dispatch.obj
c:\users\luna\documents\prog\lemon-project\game\server\release_portal\te_largefunnel.obj
c:\users\luna\documents\prog\lemon-project\game\server\release_portal\te_worlddecal.obj
c:\users\luna\documents\prog\lemon-project\game\server\release_portal\ai_baseactor.obj
c:\users\luna\documents\prog\lemon-project\game\server\release_portal\ai_interest_target.obj
c:\users\luna\documents\prog\lemon-project\game\server\release_portal\ai_looktarget.obj
c:\users\luna\documents\prog\lemon-project\game\server\release_portal\ai_namespaces.obj
c:\users\luna\documents\prog\lemon-project\game\server\release_portal\ai_navigator.obj
c:\users\luna\documents\prog\lemon-project\game\server\release_portal\ai_task.obj
c:\users\luna\documents\prog\lemon-project\game\server\release_portal\basecombatweapon.obj
c:\users\luna\documents\prog\lemon-project\game\server\release_portal\commentarysystem.obj
c:\users\luna\documents\prog\lemon-project\game\server\release_portal\func_monitor.obj
c:\users\luna\documents\prog\lemon-project\game\server\release_portal\gamestats.obj
c:\users\luna\documents\prog\lemon-project\game\server\release_portal\multiplay_gamerules.obj
c:\users\luna\documents\prog\lemon-project\game\server\release_portal\player_command.obj
c:\users\luna\documents\prog\lemon-project\game\server\release_portal\playerlocaldata.obj
c:\users\luna\documents\prog\lemon-project\game\server\release_portal\point_template.obj
c:\users\luna\documents\prog\lemon-project\game\server\release_portal\scenecache.obj
c:\users\luna\documents\prog\lemon-project\game\server\release_portal\spotlightend.obj
c:\users\luna\documents\prog\lemon-project\game\server\release_portal\studio_shared.obj
c:\users\luna\documents\prog\lemon-project\game\server\release_portal\tactical_mission.obj
c:\users\luna\documents\prog\lemon-project\game\server\release_portal\variant_t.obj
c:\users\luna\documents\prog\lemon-project\game\server\release_portal\vehicle_viewblend_shared.obj
c:\users\luna\documents\prog\lemon-project\game\server\release_portal\ai_behavior_holster.obj
c:\users\luna\documents\prog\lemon-project\game\server\release_portal\antlion_maker.obj
c:\users\luna\documents\prog\lemon-project\game\server\release_portal\hl_gamemovement.obj
c:\users\luna\documents\prog\lemon-project\game\server\release_portal\item_itemcrate.obj
c:\users\luna\documents\prog\lemon-project\game\server\release_portal\npc_barney.obj
c:\users\luna\documents\prog\lemon-project\game\server\release_portal\npc_metropolice.obj
c:\users\luna\documents\prog\lemon-project\game\server\release_portal\script_intro.obj
c:\users\luna\documents\prog\lemon-project\game\server\release_portal\vehicle_jeep.obj
c:\users\luna\documents\prog\lemon-project\game\server\release_portal\vehicle_apc.obj
c:\users\luna\documents\prog\lemon-project\game\server\release_portal\portal_shareddefs.obj
c:\users\luna\documents\prog\lemon-project\game\server\release_portal\portal_usermessages.obj
c:\users\luna\documents\prog\lemon-project\game\server\release_portal\portalsimulation.obj
c:\users\luna\documents\prog\lemon-project\game\server\release_portal\te_bloodstream.obj
c:\users\luna\documents\prog\lemon-project\game\server\release_portal\te_fizz.obj
c:\users\luna\documents\prog\lemon-project\game\server\release_portal\te_killplayerattachments.obj
c:\users\luna\documents\prog\lemon-project\game\server\release_portal\te_spritespray.obj
c:\users\luna\documents\prog\lemon-project\game\server\release_portal\achievements_hlx.obj
c:\users\luna\documents\prog\lemon-project\game\server\release_portal\ai_behavior_assault.obj
c:\users\luna\documents\prog\lemon-project\game\server\release_portal\ai_eventresponse.obj
c:\users\luna\documents\prog\lemon-project\game\server\release_portal\ai_pathfinder.obj
c:\users\luna\documents\prog\lemon-project\game\server\release_portal\ai_squadslot.obj
c:\users\luna\documents\prog\lemon-project\game\server\release_portal\basecombatcharacter_shared.obj
c:\users\luna\documents\prog\lemon-project\game\server\release_portal\baseentity.obj
c:\users\luna\documents\prog\lemon-project\game\server\release_portal\func_ladder.obj
c:\users\luna\documents\prog\lemon-project\game\server\release_portal\gametrace_dll.obj
c:\users\luna\documents\prog\lemon-project\game\server\release_portal\globals.obj
c:\users\luna\documents\prog\lemon-project\game\server\release_portal\grenadethrown.obj
c:\users\luna\documents\prog\lemon-project\game\server\release_portal\hierarchy.obj
c:\users\luna\documents\prog\lemon-project\game\server\release_portal\info_overlay_accessor.obj
c:\users\luna\documents\prog\lemon-project\game\server\release_portal\logic_achievement.obj
c:\users\luna\documents\prog\lemon-project\game\server\release_portal\mapentities_shared.obj
c:\users\luna\documents\prog\lemon-project\game\server\release_portal\message_entity.obj
c:\users\luna\documents\prog\lemon-project\game\server\release_portal\ndebugoverlay.obj
c:\users\luna\documents\prog\lemon-project\game\server\release_portal\pathtrack.obj
c:\users\luna\documents\prog\lemon-project\game\server\release_portal\physics_fx.obj
c:\users\luna\documents\prog\lemon-project\game\server\release_portal\physics_impact_damage.obj
c:\users\luna\documents\prog\lemon-project\game\server\release_portal\physics_saverestore.obj
c:\users\luna\documents\prog\lemon-project\game\server\release_portal\pointanglesensor.obj
c:\users\luna\documents\prog\lemon-project\game\server\release_portal\ragdoll_manager.obj
c:\users\luna\documents\prog\lemon-project\game\server\release_portal\soundscape_system.obj
c:\users\luna\documents\prog\lemon-project\game\server\release_portal\textstatsmgr.obj
c:\users\luna\documents\prog\lemon-project\game\server\release_portal\waterbullet.obj
c:\users\luna\documents\prog\lemon-project\game\server\release_portal\weight_button.obj
c:\users\luna\documents\prog\lemon-project\game\server\release_portal\ai_behavior_actbusy.obj
c:\users\luna\documents\prog\lemon-project\game\server\release_portal\hl2_gamerules.obj
c:\users\luna\documents\prog\lemon-project\game\server\release_portal\npc_bullseye.obj
c:\users\luna\documents\prog\lemon-project\game\server\release_portal\npc_combinegunship.obj
c:\users\luna\documents\prog\lemon-project\game\server\release_portal\prop_thumper.obj
c:\users\luna\documents\prog\lemon-project\game\server\release_portal\vehicle_viewcontroller.obj
c:\users\luna\documents\prog\lemon-project\game\server\release_portal\weapon_citizenpackage.obj
c:\users\luna\documents\prog\lemon-project\game\server\release_portal\weapon_rpg.obj
c:\users\luna\documents\prog\lemon-project\game\server\release_portal\portal_gamerules.obj
c:\users\luna\documents\prog\lemon-project\game\server\release_portal\spritetrail.obj
c:\users\luna\documents\prog\lemon-project\game\server\release_portal\te_bloodsprite.obj
c:\users\luna\documents\prog\lemon-project\game\server\release_portal\te_footprintdecal.obj
c:\users\luna\documents\prog\lemon-project\game\server\release_portal\te_smoke.obj
c:\users\luna\documents\prog\lemon-project\game\server\release_portal\achievement_saverestore.obj
c:\users\luna\documents\prog\lemon-project\game\server\release_portal\ai_behavior_follow.obj
c:\users\luna\documents\prog\lemon-project\game\server\release_portal\ai_network.obj
c:\users\luna\documents\prog\lemon-project\game\server\release_portal\ai_sentence.obj
c:\users\luna\documents\prog\lemon-project\game\server\release_portal\baseachievement.obj
c:\users\luna\documents\prog\lemon-project\game\server\release_portal\basegrenade_timed.obj
c:\users\luna\documents\prog\lemon-project\game\server\release_portal\baseplayer_shared.obj
c:\users\luna\documents\prog\lemon-project\game\server\release_portal\env_tonemap_controller.obj
c:\users\luna\documents\prog\lemon-project\game\server\release_portal\envmicrophone.obj
c:\users\luna\documents\prog\lemon-project\game\server\release_portal\func_break.obj
c:\users\luna\documents\prog\lemon-project\game\server\release_portal\h_cycler.obj
c:\users\luna\documents\prog\lemon-project\game\server\release_portal\physics.obj
c:\users\luna\documents\prog\lemon-project\game\server\release_portal\saverestore.obj
c:\users\luna\documents\prog\lemon-project\game\server\release_portal\sprite_perfmonitor.obj
c:\users\luna\documents\prog\lemon-project\game\server\release_portal\team.obj
c:\users\luna\documents\prog\lemon-project\game\server\release_portal\util.obj
c:\users\luna\documents\prog\lemon-project\game\server\release_portal\ai_behavior_passenger.obj
c:\users\luna\documents\prog\lemon-project\game\server\release_portal\item_suit.obj
c:\users\luna\documents\prog\lemon-project\game\server\release_portal\npc_apcdriver.obj
c:\users\luna\documents\prog\lemon-project\game\server\release_portal\npc_cranedriver.obj
c:\users\luna\documents\prog\lemon-project\game\server\release_portal\npc_manhack.obj
c:\users\luna\documents\prog\lemon-project\game\server\release_portal\npc_vortigaunt_episodic.obj
c:\users\luna\documents\prog\lemon-project\game\server\release_portal\env_lightrail_endpoint.obj
c:\users\luna\documents\prog\lemon-project\game\server\release_portal\func_portal_orientation.obj
c:\users\luna\documents\prog\lemon-project\game\server\release_portal\portal_customstatsvisualizer.obj
c:\users\luna\documents\prog\lemon-project\game\server\release_portal\portal_playeranimstate.obj
c:\users\luna\documents\prog\lemon-project\game\server\release_portal\prop_telescopic_arm.obj
c:\users\luna\documents\prog\lemon-project\game\server\release_portal\event_tempentity_tester.obj
c:\users\luna\documents\prog\lemon-project\game\server\release_portal\smoke_trail.obj
c:\users\luna\documents\prog\lemon-project\game\server\release_portal\te_glowsprite.obj
c:\users\luna\documents\prog\lemon-project\game\server\release_portal\toolframework_server.obj
c:\users\luna\documents\prog\lemon-project\game\server\release_portal\ai_basenpc_squad.obj
c:\users\luna\documents\prog\lemon-project\game\server\release_portal\ai_behavior_standoff.obj
c:\users\luna\documents\prog\lemon-project\game\server\release_portal\ai_networkmanager.obj
c:\users\luna\documents\prog\lemon-project\game\server\release_portal\ai_waypoint.obj
c:\users\luna\documents\prog\lemon-project\game\server\release_portal\animation.obj
c:\users\luna\documents\prog\lemon-project\game\server\release_portal\baseanimatingoverlay.obj
c:\users\luna\documents\prog\lemon-project\game\server\release_portal\baseviewmodel_shared.obj
c:\users\luna\documents\prog\lemon-project\game\server\release_portal\colorcorrection.obj
c:\users\luna\documents\prog\lemon-project\game\server\release_portal\cplane.obj
c:\users\luna\documents\prog\lemon-project\game\server\release_portal\debugoverlay_shared.obj
c:\users\luna\documents\prog\lemon-project\game\server\release_portal\entityflame.obj
c:\users\luna\documents\prog\lemon-project\game\server\release_portal\explode.obj
c:\users\luna\documents\prog\lemon-project\game\server\release_portal\gib.obj
c:\users\luna\documents\prog\lemon-project\game\server\release_portal\logicauto.obj
c:\users\luna\documents\prog\lemon-project\game\server\release_portal\modelsoundscache.obj
c:\users\luna\documents\prog\lemon-project\game\server\release_portal\particle_parse.obj
c:\users\luna\documents\prog\lemon-project\game\server\release_portal\point_bonusmaps_accessor.obj
c:\users\luna\documents\prog\lemon-project\game\server\release_portal\pointangularvelocitysensor.obj
c:\users\luna\documents\prog\lemon-project\game\server\release_portal\ragdoll_shared.obj
c:\users\luna\documents\prog\lemon-project\game\server\release_portal\slideshow_display.obj
c:\users\luna\documents\prog\lemon-project\game\server\release_portal\takedamageinfo.obj
c:\users\luna\documents\prog\lemon-project\game\server\release_portal\teamplay_gamerules.obj
c:\users\luna\documents\prog\lemon-project\game\server\release_portal\vote_controller.obj
c:\users\luna\documents\prog\lemon-project\game\server\release_portal\ai_behavior_functank.obj
c:\users\luna\documents\prog\lemon-project\game\server\release_portal\basehlcombatweapon.obj
c:\users\luna\documents\prog\lemon-project\game\server\release_portal\func_tank.obj
c:\users\luna\documents\prog\lemon-project\game\server\release_portal\npc_combinedropship.obj
c:\users\luna\documents\prog\lemon-project\game\server\release_portal\npc_launcher.obj
c:\users\luna\documents\prog\lemon-project\game\server\release_portal\npc_talker.obj
c:\users\luna\documents\prog\lemon-project\game\server\release_portal\vehicle_crane.obj
c:\users\luna\documents\prog\lemon-project\game\server\release_portal\grenade_beam.obj
c:\users\luna\documents\prog\lemon-project\game\server\release_portal\npc_missiledefense.obj
c:\users\luna\documents\prog\lemon-project\game\server\release_portal\portal_physics_collisionevent.obj
c:\users\luna\documents\prog\lemon-project\game\server\release_portal\prop_portal_shared.obj
c:\users\luna\documents\prog\lemon-project\game\server\release_portal\weapon_portalgun_shared.obj
c:\users\luna\documents\prog\lemon-project\game\server\release_portal\te_beamspline.obj
c:\users\luna\documents\prog\lemon-project\game\server\release_portal\te_energysplash.obj
c:\users\luna\documents\prog\lemon-project\game\server\release_portal\te_playerdecal.obj
c:\users\luna\documents\prog\lemon-project\game\server\release_portal\ai_basenpc_flyer.obj
c:\users\luna\documents\prog\lemon-project\game\server\release_portal\ai_condition.obj
c:\users\luna\documents\prog\lemon-project\game\server\release_portal\ai_hint.obj
c:\users\luna\documents\prog\lemon-project\game\server\release_portal\ai_responsesystem.obj
c:\users\luna\documents\prog\lemon-project\game\server\release_portal\base_transmit_proxy.obj
c:\users\luna\documents\prog\lemon-project\game\server\release_portal\baseanimating.obj
c:\users\luna\documents\prog\lemon-project\game\server\release_portal\entitylist_base.obj
c:\users\luna\documents\prog\lemon-project\game\server\release_portal\entityparticletrail.obj
c:\users\luna\documents\prog\lemon-project\game\server\release_portal\env_particlescript.obj
c:\users\luna\documents\prog\lemon-project\game\server\release_portal\env_texturetoggle.obj
c:\users\luna\documents\prog\lemon-project\game\server\release_portal\envlaser.obj
c:\users\luna\documents\prog\lemon-project\game\server\release_portal\func_areaportalbase.obj
c:\users\luna\documents\prog\lemon-project\game\server\release_portal\func_movelinear.obj
c:\users\luna\documents\prog\lemon-project\game\server\release_portal\gamerules_register.obj
c:\users\luna\documents\prog\lemon-project\game\server\release_portal\gameweaponmanager.obj
c:\users\luna\documents\prog\lemon-project\game\server\release_portal\haptic_msgs.obj
c:\users\luna\documents\prog\lemon-project\game\server\release_portal\igamesystem.obj
c:\users\luna\documents\prog\lemon-project\game\server\release_portal\logic_navigation.obj
c:\users\luna\documents\prog\lemon-project\game\server\release_portal\modelentities.obj
c:\users\luna\documents\prog\lemon-project\game\server\release_portal\movevars_shared.obj
c:\users\luna\documents\prog\lemon-project\game\server\release_portal\obstacle_pushaway.obj
c:\users\luna\documents\prog\lemon-project\game\server\release_portal\physics_main_shared.obj
c:\users\luna\documents\prog\lemon-project\game\server\release_portal\props.obj
c:\users\luna\documents\prog\lemon-project\game\server\release_portal\ai_behavior_police.obj
c:\users\luna\documents\prog\lemon-project\game\server\release_portal\hl2_ai_network.obj
c:\users\luna\documents\prog\lemon-project\game\server\release_portal\npc_basezombie.obj
c:\users\luna\documents\prog\lemon-project\game\server\release_portal\npc_enemyfinder.obj
c:\users\luna\documents\prog\lemon-project\game\server\release_portal\npc_hunter.obj
c:\users\luna\documents\prog\lemon-project\game\server\release_portal\vehicle_prisoner_pod.obj
c:\users\luna\documents\prog\lemon-project\game\server\release_portal\weapon_crowbar.obj
c:\users\luna\documents\prog\lemon-project\game\server\release_portal\grenade_pathfollower.obj
c:\users\luna\documents\prog\lemon-project\game\server\release_portal\env_portal_path_track.obj
c:\users\luna\documents\prog\lemon-project\game\server\release_portal\npc_portal_turret_floor.obj
c:\users\luna\documents\prog\lemon-project\game\server\release_portal\trigger_portal_cleanser.obj
c:\users\luna\documents\prog\lemon-project\game\server\release_portal\te_beamring.obj
c:\users\luna\documents\prog\lemon-project\game\server\release_portal\te_dynamiclight.obj
c:\users\luna\documents\prog\lemon-project\game\server\release_portal\te_physicsprop.obj
c:\users\luna\documents\prog\lemon-project\game\server\release_portal\ai_basenpc_movement.obj
c:\users\luna\documents\prog\lemon-project\game\server\release_portal\ai_blended_movement.obj
c:\users\luna\documents\prog\lemon-project\game\server\release_portal\ai_motor.obj
c:\users\luna\documents\prog\lemon-project\game\server\release_portal\ai_saverestore.obj
c:\users\luna\documents\prog\lemon-project\game\server\release_portal\env_effectsscript.obj
c:\users\luna\documents\prog\lemon-project\game\server\release_portal\envbeam.obj
c:\users\luna\documents\prog\lemon-project\game\server\release_portal\fish.obj
c:\users\luna\documents\prog\lemon-project\game\server\release_portal\game.obj
c:\users\luna\documents\prog\lemon-project\game\server\release_portal\gamevars_shared.obj
c:\users\luna\documents\prog\lemon-project\game\server\release_portal\genericactor.obj
c:\users\luna\documents\prog\lemon-project\game\server\release_portal\particlesystemquery.obj
c:\users\luna\documents\prog\lemon-project\game\server\release_portal\player_pickup.obj
c:\users\luna\documents\prog\lemon-project\game\server\release_portal\playerinfomanager.obj
c:\users\luna\documents\prog\lemon-project\game\server\release_portal\point_devshot_camera.obj
c:\users\luna\documents\prog\lemon-project\game\server\release_portal\recipientfilter.obj
c:\users\luna\documents\prog\lemon-project\game\server\release_portal\scratchpad_gamedll_helpers.obj
c:\users\luna\documents\prog\lemon-project\game\server\release_portal\servernetworkproperty.obj
c:\users\luna\documents\prog\lemon-project\game\server\release_portal\soundent.obj
c:\users\luna\documents\prog\lemon-project\game\server\release_portal\subs.obj
c:\users\luna\documents\prog\lemon-project\game\server\release_portal\test_proxytoggle.obj
c:\users\luna\documents\prog\lemon-project\game\server\release_portal\usercmd.obj
c:\users\luna\documents\prog\lemon-project\game\server\release_portal\vehicle_baseserver.obj
c:\users\luna\documents\prog\lemon-project\game\server\release_portal\basehlcombatweapon_shared.obj
c:\users\luna\documents\prog\lemon-project\game\server\release_portal\combine_mine.obj
c:\users\luna\documents\prog\lemon-project\game\server\release_portal\hl2_player.obj
c:\users\luna\documents\prog\lemon-project\game\server\release_portal\npc_monk.obj
c:\users\luna\documents\prog\lemon-project\game\server\release_portal\npc_zombie.obj
c:\users\luna\documents\prog\lemon-project\game\server\release_portal\weapon_357.obj
c:\users\luna\documents\prog\lemon-project\game\server\release_portal\weapon_smg1.obj
c:\users\luna\documents\prog\lemon-project\game\server\release_portal\achievements_portal.obj
c:\users\luna\documents\prog\lemon-project\game\server\release_portal\portal_gamemovement.obj
c:\users\luna\documents\prog\lemon-project\game\server\release_portal\prop_portal.obj
c:\users\luna\documents\prog\lemon-project\game\server\release_portal\entity_tools_server.obj
c:\users\luna\documents\prog\lemon-project\game\server\release_portal\achievementmgr.obj
c:\users\luna\documents\prog\lemon-project\game\server\release_portal\ai_criteria.obj
c:\users\luna\documents\prog\lemon-project\game\server\release_portal\ai_goalentity.obj
c:\users\luna\documents\prog\lemon-project\game\server\release_portal\ai_planesolver.obj
c:\users\luna\documents\prog\lemon-project\game\server\release_portal\ai_speechfilter.obj
c:\users\luna\documents\prog\lemon-project\game\server\release_portal\death_pose.obj
c:\users\luna\documents\prog\lemon-project\game\server\release_portal\effects.obj
c:\users\luna\documents\prog\lemon-project\game\server\release_portal\func_lod.obj
c:\users\luna\documents\prog\lemon-project\game\server\release_portal\gameinterface.obj
c:\users\luna\documents\prog\lemon-project\game\server\release_portal\sequence_transitioner.obj
c:\users\luna\documents\prog\lemon-project\game\server\release_portal\simtimer.obj
c:\users\luna\documents\prog\lemon-project\game\server\release_portal\sound.obj
c:\users\luna\documents\prog\lemon-project\game\server\release_portal\templateentities.obj
c:\users\luna\documents\prog\lemon-project\game\server\release_portal\waterlodcontrol.obj
c:\users\luna\documents\prog\lemon-project\game\server\release_portal\weapon_proficiency.obj
c:\users\luna\documents\prog\lemon-project\game\server\release_portal\ai_allymanager.obj
c:\users\luna\documents\prog\lemon-project\game\server\release_portal\item_ammo.obj
c:\users\luna\documents\prog\lemon-project\game\server\release_portal\npc_antlionguard.obj
c:\users\luna\documents\prog\lemon-project\game\server\release_portal\npc_fastzombie.obj
c:\users\luna\documents\prog\lemon-project\game\server\release_portal\npc_stalker.obj
c:\users\luna\documents\prog\lemon-project\game\server\release_portal\weapon_alyxgun.obj
c:\users\luna\documents\prog\lemon-project\game\server\release_portal\weapon_frag.obj
c:\users\luna\documents\prog\lemon-project\game\server\release_portal\grenade_homer.obj
c:\users\luna\documents\prog\lemon-project\game\server\release_portal\func_portal_detector.obj
c:\users\luna\documents\prog\lemon-project\game\server\release_portal\portal_client.obj
c:\users\luna\documents\prog\lemon-project\game\server\release_portal\prop_energy_ball.obj
c:\users\luna\documents\prog\lemon-project\game\server\release_portal\weapon_portalgun.obj
c:\users\luna\documents\prog\lemon-project\game\server\release_portal\gamedll_replay.obj
c:\users\luna\documents\prog\lemon-project\game\server\release_portal\ai_behavior_fear.obj
c:\users\luna\documents\prog\lemon-project\game\server\release_portal\ai_event.obj
c:\users\luna\documents\prog\lemon-project\game\server\release_portal\ai_localnavigator.obj
c:\users\luna\documents\prog\lemon-project\game\server\release_portal\ai_playerally.obj
c:\users\luna\documents\prog\lemon-project\game\server\release_portal\cbase.obj
c:\users\luna\documents\prog\lemon-project\game\server\release_portal\decals.obj
c:\users\luna\documents\prog\lemon-project\game\server\release_portal\env_player_surface_trigger.obj
c:\users\luna\documents\prog\lemon-project\game\server\release_portal\env_zoom.obj
c:\users\luna\documents\prog\lemon-project\game\server\release_portal\fire.obj
c:\users\luna\documents\prog\lemon-project\game\server\release_portal\func_smokevolume.obj
c:\users\luna\documents\prog\lemon-project\game\server\release_portal\genericmonster.obj
c:\users\luna\documents\prog\lemon-project\game\server\release_portal\physics_bone_follower.obj
c:\users\luna\documents\prog\lemon-project\game\server\release_portal\physics_prop_ragdoll.obj
c:\users\luna\documents\prog\lemon-project\game\server\release_portal\skycamera.obj
c:\users\luna\documents\prog\lemon-project\game\server\release_portal\soundscape.obj
c:\users\luna\documents\prog\lemon-project\game\server\release_portal\testfunctions.obj
c:\users\luna\documents\prog\lemon-project\game\server\release_portal\vehicle_base.obj
c:\users\luna\documents\prog\lemon-project\game\server\release_portal\antlion_dust.obj
c:\users\luna\documents\prog\lemon-project\game\server\release_portal\basebludgeonweapon.obj
c:\users\luna\documents\prog\lemon-project\game\server\release_portal\citadel_effects.obj
c:\users\luna\documents\prog\lemon-project\game\server\release_portal\env_headcrabcanister_shared.obj
c:\users\luna\documents\prog\lemon-project\game\server\release_portal\func_recharge.obj
c:\users\luna\documents\prog\lemon-project\game\server\release_portal\grenade_bugbait.obj
c:\users\luna\documents\prog\lemon-project\game\server\release_portal\npc_combine.obj
c:\users\luna\documents\prog\lemon-project\game\server\release_portal\npc_headcrab.obj
c:\users\luna\documents\prog\lemon-project\game\server\release_portal\npc_strider.obj
c:\users\luna\documents\prog\lemon-project\game\server\release_portal\weapon_ar2.obj
c:\users\luna\documents\prog\lemon-project\game\server\release_portal\npc_portal_turret_ground.obj
c:\users\luna\documents\prog\lemon-project\game\server\release_portal\portal_weapon_parse.obj
c:\users\luna\documents\prog\lemon-project\game\server\release_portal\prop_glados_core.obj
c:\users\luna\documents\prog\lemon-project\game\server\release_portal\weapon_physcannon.obj
c:\users\luna\documents\prog\lemon-project\game\server\release_portal\ai_behavior.obj
c:\users\luna\documents\prog\lemon-project\game\server\release_portal\ai_behavior_lead.obj
c:\users\luna\documents\prog\lemon-project\game\server\release_portal\ai_squad.obj
c:\users\luna\documents\prog\lemon-project\game\server\release_portal\baseflex.obj
c:\users\luna\documents\prog\lemon-project\game\server\release_portal\envfade.obj
c:\users\luna\documents\prog\lemon-project\game\server\release_portal\filters.obj
c:\users\luna\documents\prog\lemon-project\game\server\release_portal\haptic_utils.obj
c:\users\luna\documents\prog\lemon-project\game\server\release_portal\info_camera_link.obj
c:\users\luna\documents\prog\lemon-project\game\server\release_portal\mapentities.obj
c:\users\luna\documents\prog\lemon-project\game\server\release_portal\physics_npc_solver.obj
c:\users\luna\documents\prog\lemon-project\game\server\release_portal\point_spotlight.obj
c:\users\luna\documents\prog\lemon-project\game\server\release_portal\sceneentity.obj
c:\users\luna\documents\prog\lemon-project\game\server\release_portal\hl2_eventlog.obj
c:\users\luna\documents\prog\lemon-project\game\server\release_portal\hl2_playerlocaldata.obj
c:\users\luna\documents\prog\lemon-project\game\server\release_portal\info_teleporter_countdown.obj
c:\users\luna\documents\prog\lemon-project\game\server\release_portal\item_healthkit.obj
c:\users\luna\documents\prog\lemon-project\game\server\release_portal\npc_antlion.obj
c:\users\luna\documents\prog\lemon-project\game\server\release_portal\npc_fisherman.obj
c:\users\luna\documents\prog\lemon-project\game\server\release_portal\point_apc_controller.obj
c:\users\luna\documents\prog\lemon-project\game\server\release_portal\proto_sniper.obj
c:\users\luna\documents\prog\lemon-project\game\server\release_portal\weapon_cubemap.obj
c:\users\luna\documents\prog\lemon-project\game\server\release_portal\weapon_shotgun.obj
c:\users\luna\documents\prog\lemon-project\game\server\release_portal\weapon_hopwire.obj
c:\users\luna\documents\prog\lemon-project\game\server\release_portal\multiplayer_animstate.obj
c:\users\luna\documents\prog\lemon-project\game\server\release_portal\physicsshadowclone.obj
c:\users\luna\documents\prog\lemon-project\game\server\release_portal\portal_radio.obj
c:\users\luna\documents\prog\lemon-project\game\server\release_portal\staticcollisionpolyhedroncache.obj
c:\users\luna\documents\prog\lemon-project\game\server\release_portal\movie_explosion.obj
c:\users\luna\documents\prog\lemon-project\game\server\release_portal\smokestack.obj
c:\users\luna\documents\prog\lemon-project\game\server\release_portal\te_bspdecal.obj
c:\users\luna\documents\prog\lemon-project\game\server\release_portal\te_explosion.obj
c:\users\luna\documents\prog\lemon-project\game\server\release_portal\te_projecteddecal.obj
c:\users\luna\documents\prog\lemon-project\game\server\release_portal\map_utils.obj
c:\users\luna\documents\prog\lemon-project\game\server\release_portal\server_class.obj
c:\users\luna\documents\prog\lemon-project\game\server\release_portal\bone_setup.obj
c:\users\luna\documents\prog\lemon-project\game\server\release_portal\dt_utlvector_send.obj
c:\users\luna\documents\prog\lemon-project\game\server\release_portal\simple_physics.obj
c:\users\luna\documents\prog\lemon-project\game\server\release_portal\dt_utlvector_common.obj
c:\users\luna\documents\prog\lemon-project\game\server\release_portal\scratchpadutils.obj
c:\users\luna\documents\prog\lemon-project\game\server\release_portal\filesystem_helpers.obj
c:\users\luna\documents\prog\lemon-project\game\server\release_portal\stringregistry.obj
c:\users\luna\documents\prog\lemon-project\game\server\release_portal\init_factory.obj
c:\users\luna\documents\prog\lemon-project\game\server\release_portal\memoverride.obj
c:\users\luna\documents\prog\lemon-project\game\server\release_portal\interval.obj
c:\users\luna\documents\prog\lemon-project\game\server\release_portal\randoverride.obj
c:\users\luna\documents\prog\lemon-project\game\server\release_portal\h_export.obj
c:\users\luna\documents\prog\lemon-project\game\server\release_portal\studio.obj
c:\users\luna\documents\prog\lemon-project\game\server\release_portal\language.obj
c:\users\luna\documents\prog\lemon-project\game\server\release_portal\networkvar.obj
c:\users\luna\documents\prog\lemon-project\game\server\release_portal\rope_physics.obj
c:\users\luna\documents\prog\lemon-project\game\server\release_portal\gamehandle.obj
c:\users\luna\documents\prog\lemon-project\game\server\release_portal\registry.obj
c:\users\luna\documents\prog\lemon-project\game\server\release_portal\editor_sendcommand.obj
c:\users\luna\documents\prog\lemon-project\game\server\release_portal\interpolatortypes.obj
c:\users\luna\documents\prog\lemon-project\game\server\release_portal\scratchpad3d.obj
c:\users\luna\documents\prog\lemon-project\game\server\release_portal\dt_send.obj
c:\users\luna\documents\prog\lemon-project\game\server\release_portal\gamestats_basicstatsfunctions.obj
c:\users\luna\documents\prog\lemon-project\game\server\release_portal\keyframe.obj
c:\users\luna\documents\prog\lemon-project\game\server\release_portal\sheetsimulator.obj
c:\users\luna\documents\prog\lemon-project\game\server\release_portal\collisionutils.obj
c:\users\luna\documents\prog\lemon-project\game\server\release_portal\pointeroverride.obj
c:\users\luna\documents\prog\lemon-project\game\server\server_portal.vpc.sentinel
c:\users\luna\documents\prog\lemon-project\game\server\release_portal\server.exp
c:\users\luna\documents\prog\lemon-project\game\server\release_portal\server.pdb
c:\users\luna\documents\prog\lemon-project\game\server\release_portal\server (portal).tlog\cl.command.1.tlog
c:\users\luna\documents\prog\lemon-project\game\server\release_portal\server (portal).tlog\cl.read.1.tlog
c:\users\luna\documents\prog\lemon-project\game\server\release_portal\server (portal).tlog\cl.read.10.tlog
c:\users\luna\documents\prog\lemon-project\game\server\release_portal\server (portal).tlog\cl.read.11.tlog
c:\users\luna\documents\prog\lemon-project\game\server\release_portal\server (portal).tlog\cl.read.12.tlog
c:\users\luna\documents\prog\lemon-project\game\server\release_portal\server (portal).tlog\cl.read.13.tlog
c:\users\luna\documents\prog\lemon-project\game\server\release_portal\server (portal).tlog\cl.read.14.tlog
c:\users\luna\documents\prog\lemon-project\game\server\release_portal\server (portal).tlog\cl.read.15.tlog
c:\users\luna\documents\prog\lemon-project\game\server\release_portal\server (portal).tlog\cl.read.16.tlog
c:\users\luna\documents\prog\lemon-project\game\server\release_portal\server (portal).tlog\cl.read.2.tlog
c:\users\luna\documents\prog\lemon-project\game\server\release_portal\server (portal).tlog\cl.read.3.tlog
c:\users\luna\documents\prog\lemon-project\game\server\release_portal\server (portal).tlog\cl.read.4.tlog
c:\users\luna\documents\prog\lemon-project\game\server\release_portal\server (portal).tlog\cl.read.5.tlog
c:\users\luna\documents\prog\lemon-project\game\server\release_portal\server (portal).tlog\cl.read.6.tlog
c:\users\luna\documents\prog\lemon-project\game\server\release_portal\server (portal).tlog\cl.read.7.tlog
c:\users\luna\documents\prog\lemon-project\game\server\release_portal\server (portal).tlog\cl.read.8.tlog
c:\users\luna\documents\prog\lemon-project\game\server\release_portal\server (portal).tlog\cl.read.9.tlog
c:\users\luna\documents\prog\lemon-project\game\server\release_portal\server (portal).tlog\cl.write.1.tlog
c:\users\luna\documents\prog\lemon-project\game\server\release_portal\server (portal).tlog\custombuild.command.1.tlog
c:\users\luna\documents\prog\lemon-project\game\server\release_portal\server (portal).tlog\custombuild.read.1.tlog
c:\users\luna\documents\prog\lemon-project\game\server\release_portal\server (portal).tlog\custombuild.write.1.tlog
c:\users\luna\documents\prog\lemon-project\game\server\release_portal\server (portal).tlog\link.command.1.tlog
c:\users\luna\documents\prog\lemon-project\game\server\release_portal\server (portal).tlog\link.read.1.tlog
c:\users\luna\documents\prog\lemon-project\game\server\release_portal\server (portal).tlog\link.write.1.tlog
