c:\users\fredrichvonpreussen\downloads\lemon-project-main\lemon-project-main\src\utils\vtfdiff\debug\vc120.pdb
c:\users\fvp\documents\programming\cpp\source\lemon-project-main\src\utils\vtfdiff\debug\vtfdiff.obj
c:\users\fvp\documents\programming\cpp\source\lemon-project-main\src\utils\vtfdiff\debug\memoverride.obj
c:\users\fvp\documents\programming\cpp\source\lemon-project-main\src\utils\vtfdiff\debug\vc120.pdb
c:\users\fredrichvonpreussen\downloads\lemon-project-main\lemon-project-main\src\utils\vtfdiff\debug\pointeroverride.obj
c:\users\fredrichvonpreussen\downloads\lemon-project-main\lemon-project-main\src\utils\vtfdiff\vtfdiff.vpc.sentinel
c:\users\fvp\documents\programming\cpp\source\lemon-project-main\src\utils\vtfdiff\debug\pointeroverride.obj
c:\users\fvp\documents\programming\cpp\source\lemon-project-main\src\utils\vtfdiff\vtfdiff.vpc.sentinel
c:\users\fredrichvonpreussen\downloads\lemon-project-main\lemon-project-main\src\utils\vtfdiff\debug\vtfdiff.ilk
c:\users\fredrichvonpreussen\downloads\lemon-project-main\lemon-project-main\src\utils\vtfdiff\debug\vtfdiff.exe
c:\users\fredrichvonpreussen\downloads\lemon-project-main\lemon-project-main\src\utils\vtfdiff\debug\vtfdiff.pdb
c:\users\fvp\documents\programming\cpp\source\lemon-project-main\src\utils\vtfdiff\debug\vtfdiff.ilk
c:\users\fvp\documents\programming\cpp\source\lemon-project-main\src\utils\vtfdiff\debug\vtfdiff.exe
c:\users\fvp\documents\programming\cpp\source\lemon-project-main\src\utils\vtfdiff\debug\vtfdiff.pdb
c:\users\fvp\documents\programming\cpp\source\lemon-project-main\src\utils\vtfdiff\debug\vc120.idb
c:\users\fvp\documents\programming\cpp\source\lemon-project-main\src\utils\vtfdiff\.\debug\.\vtfdiff.exe
c:\users\fvp\documents\programming\cpp\source\lemon-project-main\src\utils\vtfdiff\debug\vtfdiff.tlog\cl.command.1.tlog
c:\users\fvp\documents\programming\cpp\source\lemon-project-main\src\utils\vtfdiff\debug\vtfdiff.tlog\cl.read.1.tlog
c:\users\fvp\documents\programming\cpp\source\lemon-project-main\src\utils\vtfdiff\debug\vtfdiff.tlog\cl.write.1.tlog
c:\users\fvp\documents\programming\cpp\source\lemon-project-main\src\utils\vtfdiff\debug\vtfdiff.tlog\custombuild.command.1.tlog
c:\users\fvp\documents\programming\cpp\source\lemon-project-main\src\utils\vtfdiff\debug\vtfdiff.tlog\custombuild.read.1.tlog
c:\users\fvp\documents\programming\cpp\source\lemon-project-main\src\utils\vtfdiff\debug\vtfdiff.tlog\custombuild.write.1.tlog
c:\users\fvp\documents\programming\cpp\source\lemon-project-main\src\utils\vtfdiff\debug\vtfdiff.tlog\link.command.1.tlog
c:\users\fvp\documents\programming\cpp\source\lemon-project-main\src\utils\vtfdiff\debug\vtfdiff.tlog\link.read.1.tlog
c:\users\fvp\documents\programming\cpp\source\lemon-project-main\src\utils\vtfdiff\debug\vtfdiff.tlog\link.write.1.tlog
