c:\users\fredrichvonpreussen\downloads\lemon-project-main\lemon-project-main\src\raytrace\debug\vc120.pdb
c:\users\fvp\documents\programming\cpp\source\lemon-project-main\src\raytrace\debug\trace3.obj
c:\users\fvp\documents\programming\cpp\source\lemon-project-main\src\raytrace\debug\raytrace.obj
c:\users\fvp\documents\programming\cpp\source\lemon-project-main\src\raytrace\debug\trace2.obj
c:\users\fvp\documents\programming\cpp\source\lemon-project-main\src\raytrace\debug\vc120.pdb
c:\users\fredrichvonpreussen\downloads\lemon-project-main\lemon-project-main\src\raytrace\raytrace.vpc.sentinel
c:\users\fvp\documents\programming\cpp\source\lemon-project-main\src\raytrace\raytrace.vpc.sentinel
c:\users\fredrichvonpreussen\downloads\lemon-project-main\lemon-project-main\src\lib\public\raytrace.lib
c:\users\fvp\documents\programming\cpp\source\lemon-project-main\src\lib\public\raytrace.lib
c:\users\fvp\documents\programming\cpp\source\lemon-project-main\src\raytrace\debug\vc120.idb
c:\users\fvp\documents\programming\cpp\source\lemon-project-main\src\raytrace\..\lib\public\.\raytrace.lib
c:\users\fvp\documents\programming\cpp\source\lemon-project-main\src\raytrace\debug\raytrace.tlog\cl.command.1.tlog
c:\users\fvp\documents\programming\cpp\source\lemon-project-main\src\raytrace\debug\raytrace.tlog\cl.read.1.tlog
c:\users\fvp\documents\programming\cpp\source\lemon-project-main\src\raytrace\debug\raytrace.tlog\cl.write.1.tlog
c:\users\fvp\documents\programming\cpp\source\lemon-project-main\src\raytrace\debug\raytrace.tlog\custombuild.command.1.tlog
c:\users\fvp\documents\programming\cpp\source\lemon-project-main\src\raytrace\debug\raytrace.tlog\custombuild.read.1.tlog
c:\users\fvp\documents\programming\cpp\source\lemon-project-main\src\raytrace\debug\raytrace.tlog\custombuild.write.1.tlog
c:\users\fvp\documents\programming\cpp\source\lemon-project-main\src\raytrace\debug\raytrace.tlog\lib-link.read.1.tlog
c:\users\fvp\documents\programming\cpp\source\lemon-project-main\src\raytrace\debug\raytrace.tlog\lib-link.write.1.tlog
c:\users\fvp\documents\programming\cpp\source\lemon-project-main\src\raytrace\debug\raytrace.tlog\lib.command.1.tlog
