c:\users\fredrichvonpreussen\downloads\lemon-project-main\lemon-project-main\src\utils\vbsp\debug\vc120.pdb
c:\users\fvp\documents\programming\cpp\source\lemon-project-main\src\utils\vbsp\debug\brushbsp.obj
c:\users\fvp\documents\programming\cpp\source\lemon-project-main\src\utils\vbsp\debug\manifest.obj
c:\users\fvp\documents\programming\cpp\source\lemon-project-main\src\utils\vbsp\debug\worldvertextransitionfixup.obj
c:\users\fvp\documents\programming\cpp\source\lemon-project-main\src\utils\vbsp\debug\polylib.obj
c:\users\fvp\documents\programming\cpp\source\lemon-project-main\src\utils\vbsp\debug\detailobjects.obj
c:\users\fvp\documents\programming\cpp\source\lemon-project-main\src\utils\vbsp\debug\normals.obj
c:\users\fvp\documents\programming\cpp\source\lemon-project-main\src\utils\vbsp\debug\bsplib.obj
c:\users\fvp\documents\programming\cpp\source\lemon-project-main\src\utils\vbsp\debug\cubemap.obj
c:\users\fvp\documents\programming\cpp\source\lemon-project-main\src\utils\vbsp\debug\memoverride.obj
c:\users\fvp\documents\programming\cpp\source\lemon-project-main\src\utils\vbsp\debug\prtfile.obj
c:\users\fvp\documents\programming\cpp\source\lemon-project-main\src\utils\vbsp\debug\cmdlib.obj
c:\users\fvp\documents\programming\cpp\source\lemon-project-main\src\utils\vbsp\debug\tools_minidump.obj
c:\users\fvp\documents\programming\cpp\source\lemon-project-main\src\utils\vbsp\debug\collisionutils.obj
c:\users\fvp\documents\programming\cpp\source\lemon-project-main\src\utils\vbsp\debug\ivp.obj
c:\users\fvp\documents\programming\cpp\source\lemon-project-main\src\utils\vbsp\debug\scratchpad_helpers.obj
c:\users\fvp\documents\programming\cpp\source\lemon-project-main\src\utils\vbsp\debug\vbsp.obj
c:\users\fvp\documents\programming\cpp\source\lemon-project-main\src\utils\vbsp\debug\csg.obj
c:\users\fvp\documents\programming\cpp\source\lemon-project-main\src\utils\vbsp\debug\lumpfiles.obj
c:\users\fvp\documents\programming\cpp\source\lemon-project-main\src\utils\vbsp\debug\portals.obj
c:\users\fvp\documents\programming\cpp\source\lemon-project-main\src\utils\vbsp\debug\builddisp.obj
c:\users\fvp\documents\programming\cpp\source\lemon-project-main\src\utils\vbsp\debug\filesystem_tools.obj
c:\users\fvp\documents\programming\cpp\source\lemon-project-main\src\utils\vbsp\debug\disp_ivp.obj
c:\users\fvp\documents\programming\cpp\source\lemon-project-main\src\utils\vbsp\debug\mstristrip.obj
c:\users\fvp\documents\programming\cpp\source\lemon-project-main\src\utils\vbsp\debug\scratchpad3d.obj
c:\users\fvp\documents\programming\cpp\source\lemon-project-main\src\utils\vbsp\debug\utilmatlib.obj
c:\users\fvp\documents\programming\cpp\source\lemon-project-main\src\utils\vbsp\debug\filesystem_init.obj
c:\users\fvp\documents\programming\cpp\source\lemon-project-main\src\utils\vbsp\debug\disp_common.obj
c:\users\fvp\documents\programming\cpp\source\lemon-project-main\src\utils\vbsp\debug\leakfile.obj
c:\users\fvp\documents\programming\cpp\source\lemon-project-main\src\utils\vbsp\debug\overlay.obj
c:\users\fvp\documents\programming\cpp\source\lemon-project-main\src\utils\vbsp\debug\chunkfile.obj
c:\users\fvp\documents\programming\cpp\source\lemon-project-main\src\utils\vbsp\debug\scriplib.obj
c:\users\fvp\documents\programming\cpp\source\lemon-project-main\src\utils\vbsp\debug\disp_powerinfo.obj
c:\users\fvp\documents\programming\cpp\source\lemon-project-main\src\utils\vbsp\debug\glfile.obj
c:\users\fvp\documents\programming\cpp\source\lemon-project-main\src\utils\vbsp\debug\nodraw.obj
c:\users\fvp\documents\programming\cpp\source\lemon-project-main\src\utils\vbsp\debug\writebsp.obj
c:\users\fvp\documents\programming\cpp\source\lemon-project-main\src\utils\vbsp\debug\disp_vbsp.obj
c:\users\fvp\documents\programming\cpp\source\lemon-project-main\src\utils\vbsp\debug\materialsub.obj
c:\users\fvp\documents\programming\cpp\source\lemon-project-main\src\utils\vbsp\debug\tree.obj
c:\users\fvp\documents\programming\cpp\source\lemon-project-main\src\utils\vbsp\debug\map_shared.obj
c:\users\fvp\documents\programming\cpp\source\lemon-project-main\src\utils\vbsp\debug\detail.obj
c:\users\fvp\documents\programming\cpp\source\lemon-project-main\src\utils\vbsp\debug\map.obj
c:\users\fvp\documents\programming\cpp\source\lemon-project-main\src\utils\vbsp\debug\zip_utils.obj
c:\users\fvp\documents\programming\cpp\source\lemon-project-main\src\utils\vbsp\debug\filesystem_helpers.obj
c:\users\fvp\documents\programming\cpp\source\lemon-project-main\src\utils\vbsp\debug\faces.obj
c:\users\fvp\documents\programming\cpp\source\lemon-project-main\src\utils\vbsp\debug\materialpatch.obj
c:\users\fvp\documents\programming\cpp\source\lemon-project-main\src\utils\vbsp\debug\textures.obj
c:\users\fvp\documents\programming\cpp\source\lemon-project-main\src\utils\vbsp\debug\pacifier.obj
c:\users\fvp\documents\programming\cpp\source\lemon-project-main\src\utils\vbsp\debug\threads.obj
c:\users\fvp\documents\programming\cpp\source\lemon-project-main\src\utils\vbsp\debug\boundbox.obj
c:\users\fvp\documents\programming\cpp\source\lemon-project-main\src\utils\vbsp\debug\loadcmdline.obj
c:\users\fvp\documents\programming\cpp\source\lemon-project-main\src\utils\vbsp\debug\physdll.obj
c:\users\fvp\documents\programming\cpp\source\lemon-project-main\src\utils\vbsp\debug\staticprop.obj
c:\users\fvp\documents\programming\cpp\source\lemon-project-main\src\utils\vbsp\debug\vc120.pdb
c:\users\fredrichvonpreussen\downloads\lemon-project-main\lemon-project-main\src\utils\vbsp\debug\pointeroverride.obj
c:\users\fredrichvonpreussen\downloads\lemon-project-main\lemon-project-main\src\utils\vbsp\vbsp.vpc.sentinel
c:\users\fvp\documents\programming\cpp\source\lemon-project-main\src\utils\vbsp\debug\pointeroverride.obj
c:\users\fvp\documents\programming\cpp\source\lemon-project-main\src\utils\vbsp\vbsp.vpc.sentinel
c:\users\fredrichvonpreussen\downloads\lemon-project-main\lemon-project-main\src\utils\vbsp\debug\vbsp.ilk
c:\users\fredrichvonpreussen\downloads\lemon-project-main\lemon-project-main\src\utils\vbsp\debug\vbsp.exe
c:\users\fredrichvonpreussen\downloads\lemon-project-main\lemon-project-main\src\utils\vbsp\debug\vbsp.pdb
c:\users\fvp\documents\programming\cpp\source\lemon-project-main\src\utils\vbsp\debug\vbsp.ilk
c:\users\fvp\documents\programming\cpp\source\lemon-project-main\src\utils\vbsp\debug\vbsp.exe
c:\users\fvp\documents\programming\cpp\source\lemon-project-main\src\utils\vbsp\debug\vbsp.pdb
c:\users\fredrichvonpreussen\downloads\lemon-project-main\lemon-project-main\src\utils\vbsp\debug\vbsp.lib
c:\users\fredrichvonpreussen\downloads\lemon-project-main\lemon-project-main\src\utils\vbsp\debug\vbsp.exp
c:\users\fvp\documents\programming\cpp\source\lemon-project-main\src\utils\vbsp\debug\vbsp.lib
c:\users\fvp\documents\programming\cpp\source\lemon-project-main\src\utils\vbsp\debug\vbsp.exp
c:\users\fvp\documents\programming\cpp\source\lemon-project-main\src\utils\vbsp\debug\vc120.idb
c:\users\fvp\documents\programming\cpp\source\lemon-project-main\src\utils\vbsp\.\debug\.\vbsp.exe
c:\users\fvp\documents\programming\cpp\source\lemon-project-main\src\utils\vbsp\debug\vbsp.tlog\cl.command.1.tlog
c:\users\fvp\documents\programming\cpp\source\lemon-project-main\src\utils\vbsp\debug\vbsp.tlog\cl.read.1.tlog
c:\users\fvp\documents\programming\cpp\source\lemon-project-main\src\utils\vbsp\debug\vbsp.tlog\cl.write.1.tlog
c:\users\fvp\documents\programming\cpp\source\lemon-project-main\src\utils\vbsp\debug\vbsp.tlog\custombuild.command.1.tlog
c:\users\fvp\documents\programming\cpp\source\lemon-project-main\src\utils\vbsp\debug\vbsp.tlog\custombuild.read.1.tlog
c:\users\fvp\documents\programming\cpp\source\lemon-project-main\src\utils\vbsp\debug\vbsp.tlog\custombuild.write.1.tlog
c:\users\fvp\documents\programming\cpp\source\lemon-project-main\src\utils\vbsp\debug\vbsp.tlog\link.command.1.tlog
c:\users\fvp\documents\programming\cpp\source\lemon-project-main\src\utils\vbsp\debug\vbsp.tlog\link.read.1.tlog
c:\users\fvp\documents\programming\cpp\source\lemon-project-main\src\utils\vbsp\debug\vbsp.tlog\link.write.1.tlog
c:\users\fvp\documents\programming\cpp\source\lemon-project-main\src\utils\vbsp\debug\vbsp.tlog\vbsp.write.1u.tlog
