c:\users\fredrichvonpreussen\downloads\lemon-project-main\lemon-project-main\src\utils\vtf2tga\debug\vc120.pdb
c:\users\fvp\documents\programming\cpp\source\lemon-project-main\src\utils\vtf2tga\debug\memoverride.obj
c:\users\fvp\documents\programming\cpp\source\lemon-project-main\src\utils\vtf2tga\debug\vtf2tga.obj
c:\users\fvp\documents\programming\cpp\source\lemon-project-main\src\utils\vtf2tga\debug\vc120.pdb
c:\users\fredrichvonpreussen\downloads\lemon-project-main\lemon-project-main\src\utils\vtf2tga\debug\pointeroverride.obj
c:\users\fredrichvonpreussen\downloads\lemon-project-main\lemon-project-main\src\utils\vtf2tga\vtf2tga.vpc.sentinel
c:\users\fvp\documents\programming\cpp\source\lemon-project-main\src\utils\vtf2tga\debug\pointeroverride.obj
c:\users\fvp\documents\programming\cpp\source\lemon-project-main\src\utils\vtf2tga\vtf2tga.vpc.sentinel
c:\users\fredrichvonpreussen\downloads\lemon-project-main\lemon-project-main\src\utils\vtf2tga\debug\vtf2tga.ilk
c:\users\fredrichvonpreussen\downloads\lemon-project-main\lemon-project-main\src\utils\vtf2tga\debug\vtf2tga.exe
c:\users\fredrichvonpreussen\downloads\lemon-project-main\lemon-project-main\src\utils\vtf2tga\debug\vtf2tga.pdb
c:\users\fvp\documents\programming\cpp\source\lemon-project-main\src\utils\vtf2tga\debug\vtf2tga.ilk
c:\users\fvp\documents\programming\cpp\source\lemon-project-main\src\utils\vtf2tga\debug\vtf2tga.exe
c:\users\fvp\documents\programming\cpp\source\lemon-project-main\src\utils\vtf2tga\debug\vtf2tga.pdb
c:\users\fredrichvonpreussen\downloads\lemon-project-main\lemon-project-main\src\utils\vtf2tga\debug\vtf2tga.lib
c:\users\fredrichvonpreussen\downloads\lemon-project-main\lemon-project-main\src\utils\vtf2tga\debug\vtf2tga.exp
c:\users\fvp\documents\programming\cpp\source\lemon-project-main\src\utils\vtf2tga\debug\vtf2tga.lib
c:\users\fvp\documents\programming\cpp\source\lemon-project-main\src\utils\vtf2tga\debug\vtf2tga.exp
c:\users\fvp\documents\programming\cpp\source\lemon-project-main\src\utils\vtf2tga\debug\vc120.idb
c:\users\fvp\documents\programming\cpp\source\lemon-project-main\src\utils\vtf2tga\.\debug\.\vtf2tga.exe
c:\users\fvp\documents\programming\cpp\source\lemon-project-main\src\utils\vtf2tga\debug\vtf2tga.tlog\cl.command.1.tlog
c:\users\fvp\documents\programming\cpp\source\lemon-project-main\src\utils\vtf2tga\debug\vtf2tga.tlog\cl.read.1.tlog
c:\users\fvp\documents\programming\cpp\source\lemon-project-main\src\utils\vtf2tga\debug\vtf2tga.tlog\cl.write.1.tlog
c:\users\fvp\documents\programming\cpp\source\lemon-project-main\src\utils\vtf2tga\debug\vtf2tga.tlog\custombuild.command.1.tlog
c:\users\fvp\documents\programming\cpp\source\lemon-project-main\src\utils\vtf2tga\debug\vtf2tga.tlog\custombuild.read.1.tlog
c:\users\fvp\documents\programming\cpp\source\lemon-project-main\src\utils\vtf2tga\debug\vtf2tga.tlog\custombuild.write.1.tlog
c:\users\fvp\documents\programming\cpp\source\lemon-project-main\src\utils\vtf2tga\debug\vtf2tga.tlog\link.command.1.tlog
c:\users\fvp\documents\programming\cpp\source\lemon-project-main\src\utils\vtf2tga\debug\vtf2tga.tlog\link.read.1.tlog
c:\users\fvp\documents\programming\cpp\source\lemon-project-main\src\utils\vtf2tga\debug\vtf2tga.tlog\link.write.1.tlog
c:\users\fvp\documents\programming\cpp\source\lemon-project-main\src\utils\vtf2tga\debug\vtf2tga.tlog\vtf2tga.write.1u.tlog
