c:\users\luna\documents\prog\lemon-project\tier1\debug\vc120.pdb
c:\users\luna\documents\prog\lemon-project\tier1\debug\vc120.idb
c:\users\luna\documents\prog\lemon-project\tier1\debug\processor_detect.obj
c:\users\luna\documents\prog\lemon-project\tier1\tier1.vpc.sentinel
c:\users\luna\documents\prog\lemon-project\lib\public\tier1.lib
c:\users\luna\documents\prog\lemon-project\tier1\debug\bitbuf.obj
c:\users\luna\documents\prog\lemon-project\tier1\debug\byteswap.obj
c:\users\luna\documents\prog\lemon-project\tier1\debug\characterset.obj
c:\users\luna\documents\prog\lemon-project\tier1\debug\checksum_crc.obj
c:\users\luna\documents\prog\lemon-project\tier1\debug\checksum_md5.obj
c:\users\luna\documents\prog\lemon-project\tier1\debug\checksum_sha1.obj
c:\users\luna\documents\prog\lemon-project\tier1\debug\commandbuffer.obj
c:\users\luna\documents\prog\lemon-project\tier1\debug\convar.obj
c:\users\luna\documents\prog\lemon-project\tier1\debug\datamanager.obj
c:\users\luna\documents\prog\lemon-project\tier1\debug\diff.obj
c:\users\luna\documents\prog\lemon-project\tier1\debug\generichash.obj
c:\users\luna\documents\prog\lemon-project\tier1\debug\ilocalize.obj
c:\users\luna\documents\prog\lemon-project\tier1\debug\interface.obj
c:\users\luna\documents\prog\lemon-project\tier1\debug\keyvalues.obj
c:\users\luna\documents\prog\lemon-project\tier1\debug\kvpacker.obj
c:\users\luna\documents\prog\lemon-project\tier1\debug\lzmadecoder.obj
c:\users\luna\documents\prog\lemon-project\tier1\debug\mempool.obj
c:\users\luna\documents\prog\lemon-project\tier1\debug\memstack.obj
c:\users\luna\documents\prog\lemon-project\tier1\debug\netadr.obj
c:\users\luna\documents\prog\lemon-project\tier1\debug\newbitbuf.obj
c:\users\luna\documents\prog\lemon-project\tier1\debug\rangecheckedvar.obj
c:\users\luna\documents\prog\lemon-project\tier1\debug\reliabletimer.obj
c:\users\luna\documents\prog\lemon-project\tier1\debug\snappy-sinksource.obj
c:\users\luna\documents\prog\lemon-project\tier1\debug\snappy-stubs-internal.obj
c:\users\luna\documents\prog\lemon-project\tier1\debug\snappy.obj
c:\users\luna\documents\prog\lemon-project\tier1\debug\sparsematrix.obj
c:\users\luna\documents\prog\lemon-project\tier1\debug\splitstring.obj
c:\users\luna\documents\prog\lemon-project\tier1\debug\stringpool.obj
c:\users\luna\documents\prog\lemon-project\tier1\debug\strtools.obj
c:\users\luna\documents\prog\lemon-project\tier1\debug\tier1.obj
c:\users\luna\documents\prog\lemon-project\tier1\debug\tokenreader.obj
c:\users\luna\documents\prog\lemon-project\tier1\debug\uniqueid.obj
c:\users\luna\documents\prog\lemon-project\tier1\debug\utlbuffer.obj
c:\users\luna\documents\prog\lemon-project\tier1\debug\utlbufferutil.obj
c:\users\luna\documents\prog\lemon-project\tier1\debug\utlstring.obj
c:\users\luna\documents\prog\lemon-project\tier1\debug\utlsymbol.obj
c:\users\luna\documents\prog\lemon-project\tier1\..\lib\public\.\tier1.lib
c:\users\luna\documents\prog\lemon-project\tier1\debug\tier1.tlog\cl.command.1.tlog
c:\users\luna\documents\prog\lemon-project\tier1\debug\tier1.tlog\cl.read.1.tlog
c:\users\luna\documents\prog\lemon-project\tier1\debug\tier1.tlog\cl.read.10.tlog
c:\users\luna\documents\prog\lemon-project\tier1\debug\tier1.tlog\cl.read.11.tlog
c:\users\luna\documents\prog\lemon-project\tier1\debug\tier1.tlog\cl.read.12.tlog
c:\users\luna\documents\prog\lemon-project\tier1\debug\tier1.tlog\cl.read.13.tlog
c:\users\luna\documents\prog\lemon-project\tier1\debug\tier1.tlog\cl.read.14.tlog
c:\users\luna\documents\prog\lemon-project\tier1\debug\tier1.tlog\cl.read.15.tlog
c:\users\luna\documents\prog\lemon-project\tier1\debug\tier1.tlog\cl.read.16.tlog
c:\users\luna\documents\prog\lemon-project\tier1\debug\tier1.tlog\cl.read.2.tlog
c:\users\luna\documents\prog\lemon-project\tier1\debug\tier1.tlog\cl.read.3.tlog
c:\users\luna\documents\prog\lemon-project\tier1\debug\tier1.tlog\cl.read.4.tlog
c:\users\luna\documents\prog\lemon-project\tier1\debug\tier1.tlog\cl.read.5.tlog
c:\users\luna\documents\prog\lemon-project\tier1\debug\tier1.tlog\cl.read.6.tlog
c:\users\luna\documents\prog\lemon-project\tier1\debug\tier1.tlog\cl.read.7.tlog
c:\users\luna\documents\prog\lemon-project\tier1\debug\tier1.tlog\cl.read.8.tlog
c:\users\luna\documents\prog\lemon-project\tier1\debug\tier1.tlog\cl.read.9.tlog
c:\users\luna\documents\prog\lemon-project\tier1\debug\tier1.tlog\cl.write.1.tlog
c:\users\luna\documents\prog\lemon-project\tier1\debug\tier1.tlog\custombuild.command.1.tlog
c:\users\luna\documents\prog\lemon-project\tier1\debug\tier1.tlog\custombuild.read.1.tlog
c:\users\luna\documents\prog\lemon-project\tier1\debug\tier1.tlog\custombuild.write.1.tlog
c:\users\luna\documents\prog\lemon-project\tier1\debug\tier1.tlog\lib-link.write.1.tlog
c:\users\luna\documents\prog\lemon-project\tier1\debug\tier1.tlog\lib.command.1.tlog
c:\users\luna\documents\prog\lemon-project\tier1\debug\tier1.tlog\lib.read.1.tlog
