c:\users\fredrichvonpreussen\downloads\half-portal-main\half-portal-main\src\utils\vvis_launcher\debug\vvis_launcher.pch
c:\users\fredrichvonpreussen\downloads\half-portal-main\half-portal-main\src\utils\vvis_launcher\release\vc120.pdb
c:\users\fredrichvonpreussen\downloads\half-portal-main\half-portal-main\src\utils\vvis_launcher\release\stdafx.obj
c:\users\fredrichvonpreussen\downloads\half-portal-main\half-portal-main\src\utils\vvis_launcher\release\memoverride.obj
c:\users\fredrichvonpreussen\downloads\half-portal-main\half-portal-main\src\utils\vvis_launcher\release\vvis_launcher.obj
c:\users\fredrichvonpreussen\downloads\half-portal-main\half-portal-main\src\utils\vvis_launcher\release\pointeroverride.obj
c:\users\fredrichvonpreussen\downloads\half-portal-main\half-portal-main\src\utils\vvis_launcher\vvis_launcher.vpc.sentinel
c:\users\fredrichvonpreussen\downloads\half-portal-main\half-portal-main\src\utils\vvis_launcher\release\vvis.exe
c:\users\fredrichvonpreussen\downloads\half-portal-main\half-portal-main\src\utils\vvis_launcher\release\vvis.pdb
c:\users\fredrichvonpreussen\downloads\half-portal-main\half-portal-main\src\utils\vvis_launcher\release\vvis.lib
c:\users\fredrichvonpreussen\downloads\half-portal-main\half-portal-main\src\utils\vvis_launcher\release\vvis.exp
c:\users\fredrichvonpreussen\downloads\lemon-project-main\lemon-project-main\src\utils\vvis_launcher\release\memoverride.obj
c:\users\fredrichvonpreussen\downloads\lemon-project-main\lemon-project-main\src\utils\vvis_launcher\release\pointeroverride.obj
c:\users\fredrichvonpreussen\downloads\lemon-project-main\lemon-project-main\src\utils\vvis_launcher\release\stdafx.obj
c:\users\fredrichvonpreussen\downloads\lemon-project-main\lemon-project-main\src\utils\vvis_launcher\release\vvis_launcher.obj
c:\users\fredrichvonpreussen\downloads\lemon-project-main\lemon-project-main\src\utils\vvis_launcher\release\vvis.exp
c:\users\fredrichvonpreussen\downloads\lemon-project-main\lemon-project-main\src\utils\vvis_launcher\release\vc120.pdb
c:\users\fredrichvonpreussen\downloads\lemon-project-main\lemon-project-main\src\utils\vvis_launcher\release\vvis.pdb
c:\users\fredrichvonpreussen\downloads\lemon-project-main\lemon-project-main\src\utils\vvis_launcher\.\release\.\vvis.exe
c:\users\fredrichvonpreussen\downloads\lemon-project-main\lemon-project-main\src\utils\vvis_launcher\release\vvis_launcher.tlog\cl.command.1.tlog
c:\users\fredrichvonpreussen\downloads\lemon-project-main\lemon-project-main\src\utils\vvis_launcher\release\vvis_launcher.tlog\cl.read.1.tlog
c:\users\fredrichvonpreussen\downloads\lemon-project-main\lemon-project-main\src\utils\vvis_launcher\release\vvis_launcher.tlog\cl.write.1.tlog
c:\users\fredrichvonpreussen\downloads\lemon-project-main\lemon-project-main\src\utils\vvis_launcher\release\vvis_launcher.tlog\custombuild.command.1.tlog
c:\users\fredrichvonpreussen\downloads\lemon-project-main\lemon-project-main\src\utils\vvis_launcher\release\vvis_launcher.tlog\custombuild.read.1.tlog
c:\users\fredrichvonpreussen\downloads\lemon-project-main\lemon-project-main\src\utils\vvis_launcher\release\vvis_launcher.tlog\custombuild.write.1.tlog
c:\users\fredrichvonpreussen\downloads\lemon-project-main\lemon-project-main\src\utils\vvis_launcher\release\vvis_launcher.tlog\link.command.1.tlog
c:\users\fredrichvonpreussen\downloads\lemon-project-main\lemon-project-main\src\utils\vvis_launcher\release\vvis_launcher.tlog\link.read.1.tlog
c:\users\fredrichvonpreussen\downloads\lemon-project-main\lemon-project-main\src\utils\vvis_launcher\release\vvis_launcher.tlog\link.write.1.tlog
c:\users\fredrichvonpreussen\downloads\lemon-project-main\lemon-project-main\src\utils\vvis_launcher\release\vvis_launcher.tlog\vvis_launcher.write.1u.tlog
