c:\users\fredrichvonpreussen\downloads\lemon-project-main\lemon-project-main\src\utils\motionmapper\debug\vc120.pdb
c:\users\fvp\documents\programming\cpp\source\lemon-project-main\src\utils\motionmapper\debug\filesystem_helpers.obj
c:\users\fvp\documents\programming\cpp\source\lemon-project-main\src\utils\motionmapper\debug\memoverride.obj
c:\users\fvp\documents\programming\cpp\source\lemon-project-main\src\utils\motionmapper\debug\scriplib.obj
c:\users\fvp\documents\programming\cpp\source\lemon-project-main\src\utils\motionmapper\debug\filesystem_tools.obj
c:\users\fvp\documents\programming\cpp\source\lemon-project-main\src\utils\motionmapper\debug\motionmapper.obj
c:\users\fvp\documents\programming\cpp\source\lemon-project-main\src\utils\motionmapper\debug\cmdlib.obj
c:\users\fvp\documents\programming\cpp\source\lemon-project-main\src\utils\motionmapper\debug\filesystem_init.obj
c:\users\fvp\documents\programming\cpp\source\lemon-project-main\src\utils\motionmapper\debug\vc120.pdb
c:\users\fredrichvonpreussen\downloads\lemon-project-main\lemon-project-main\src\utils\motionmapper\debug\pointeroverride.obj
c:\users\fredrichvonpreussen\downloads\lemon-project-main\lemon-project-main\src\utils\motionmapper\motionmapper.vpc.sentinel
c:\users\fvp\documents\programming\cpp\source\lemon-project-main\src\utils\motionmapper\debug\pointeroverride.obj
c:\users\fvp\documents\programming\cpp\source\lemon-project-main\src\utils\motionmapper\motionmapper.vpc.sentinel
c:\users\fredrichvonpreussen\downloads\lemon-project-main\lemon-project-main\src\utils\motionmapper\debug\motionmapper.ilk
c:\users\fredrichvonpreussen\downloads\lemon-project-main\lemon-project-main\src\utils\motionmapper\debug\motionmapper.exe
c:\users\fredrichvonpreussen\downloads\lemon-project-main\lemon-project-main\src\utils\motionmapper\debug\motionmapper.pdb
c:\users\fvp\documents\programming\cpp\source\lemon-project-main\src\utils\motionmapper\debug\motionmapper.ilk
c:\users\fvp\documents\programming\cpp\source\lemon-project-main\src\utils\motionmapper\debug\motionmapper.exe
c:\users\fvp\documents\programming\cpp\source\lemon-project-main\src\utils\motionmapper\debug\motionmapper.pdb
c:\users\fredrichvonpreussen\downloads\lemon-project-main\lemon-project-main\src\utils\motionmapper\debug\motionmapper.lib
c:\users\fredrichvonpreussen\downloads\lemon-project-main\lemon-project-main\src\utils\motionmapper\debug\motionmapper.exp
c:\users\fvp\documents\programming\cpp\source\lemon-project-main\src\utils\motionmapper\debug\motionmapper.lib
c:\users\fvp\documents\programming\cpp\source\lemon-project-main\src\utils\motionmapper\debug\motionmapper.exp
c:\users\fvp\documents\programming\cpp\source\lemon-project-main\src\utils\motionmapper\debug\vc120.idb
c:\users\fvp\documents\programming\cpp\source\lemon-project-main\src\utils\motionmapper\.\debug\.\motionmapper.exe
c:\users\fvp\documents\programming\cpp\source\lemon-project-main\src\utils\motionmapper\debug\motionmapper.tlog\cl.command.1.tlog
c:\users\fvp\documents\programming\cpp\source\lemon-project-main\src\utils\motionmapper\debug\motionmapper.tlog\cl.read.1.tlog
c:\users\fvp\documents\programming\cpp\source\lemon-project-main\src\utils\motionmapper\debug\motionmapper.tlog\cl.write.1.tlog
c:\users\fvp\documents\programming\cpp\source\lemon-project-main\src\utils\motionmapper\debug\motionmapper.tlog\custombuild.command.1.tlog
c:\users\fvp\documents\programming\cpp\source\lemon-project-main\src\utils\motionmapper\debug\motionmapper.tlog\custombuild.read.1.tlog
c:\users\fvp\documents\programming\cpp\source\lemon-project-main\src\utils\motionmapper\debug\motionmapper.tlog\custombuild.write.1.tlog
c:\users\fvp\documents\programming\cpp\source\lemon-project-main\src\utils\motionmapper\debug\motionmapper.tlog\link.command.1.tlog
c:\users\fvp\documents\programming\cpp\source\lemon-project-main\src\utils\motionmapper\debug\motionmapper.tlog\link.read.1.tlog
c:\users\fvp\documents\programming\cpp\source\lemon-project-main\src\utils\motionmapper\debug\motionmapper.tlog\link.write.1.tlog
c:\users\fvp\documents\programming\cpp\source\lemon-project-main\src\utils\motionmapper\debug\motionmapper.tlog\motionmapper.write.1u.tlog
