c:\users\fredrichvonpreussen\downloads\half-portal-main\half-portal-main\src\utils\qc_eyes\debug\qc_eyes.pch
c:\users\fredrichvonpreussen\downloads\half-portal-main\half-portal-main\src\utils\qc_eyes\release\vc120.pdb
c:\users\fredrichvonpreussen\downloads\half-portal-main\half-portal-main\src\utils\qc_eyes\release\stdafx.obj
c:\users\fredrichvonpreussen\downloads\half-portal-main\half-portal-main\src\utils\qc_eyes\release\qc_eyesdlg.obj
c:\users\fredrichvonpreussen\downloads\half-portal-main\half-portal-main\src\utils\qc_eyes\release\qc_eyes.obj
c:\users\fredrichvonpreussen\downloads\half-portal-main\half-portal-main\src\utils\qc_eyes\release\pointeroverride.obj
c:\users\fredrichvonpreussen\downloads\half-portal-main\half-portal-main\src\utils\qc_eyes\qc_eyes.vpc.sentinel
c:\users\fredrichvonpreussen\downloads\half-portal-main\half-portal-main\src\utils\qc_eyes\release\qc_eyes.exe
c:\users\fredrichvonpreussen\downloads\half-portal-main\half-portal-main\src\utils\qc_eyes\release\qc_eyes.pdb
c:\users\fredrichvonpreussen\downloads\half-portal-main\half-portal-main\src\utils\qc_eyes\release\qc_eyes.res
c:\users\fredrichvonpreussen\downloads\lemon-project-main\lemon-project-main\src\utils\qc_eyes\release\pointeroverride.obj
c:\users\fredrichvonpreussen\downloads\lemon-project-main\lemon-project-main\src\utils\qc_eyes\release\qc_eyes.obj
c:\users\fredrichvonpreussen\downloads\lemon-project-main\lemon-project-main\src\utils\qc_eyes\release\qc_eyesdlg.obj
c:\users\fredrichvonpreussen\downloads\lemon-project-main\lemon-project-main\src\utils\qc_eyes\release\stdafx.obj
c:\users\fredrichvonpreussen\downloads\lemon-project-main\lemon-project-main\src\utils\qc_eyes\release\qc_eyes.res
c:\users\fredrichvonpreussen\downloads\lemon-project-main\lemon-project-main\src\utils\qc_eyes\release\qc_eyes.pdb
c:\users\fredrichvonpreussen\downloads\lemon-project-main\lemon-project-main\src\utils\qc_eyes\release\vc120.pdb
c:\users\fredrichvonpreussen\downloads\lemon-project-main\lemon-project-main\src\utils\qc_eyes\.\release\.\qc_eyes.exe
c:\users\fredrichvonpreussen\downloads\lemon-project-main\lemon-project-main\src\utils\qc_eyes\release\qc_eyes.tlog\cl.command.1.tlog
c:\users\fredrichvonpreussen\downloads\lemon-project-main\lemon-project-main\src\utils\qc_eyes\release\qc_eyes.tlog\cl.read.1.tlog
c:\users\fredrichvonpreussen\downloads\lemon-project-main\lemon-project-main\src\utils\qc_eyes\release\qc_eyes.tlog\cl.write.1.tlog
c:\users\fredrichvonpreussen\downloads\lemon-project-main\lemon-project-main\src\utils\qc_eyes\release\qc_eyes.tlog\custombuild.command.1.tlog
c:\users\fredrichvonpreussen\downloads\lemon-project-main\lemon-project-main\src\utils\qc_eyes\release\qc_eyes.tlog\custombuild.read.1.tlog
c:\users\fredrichvonpreussen\downloads\lemon-project-main\lemon-project-main\src\utils\qc_eyes\release\qc_eyes.tlog\custombuild.write.1.tlog
c:\users\fredrichvonpreussen\downloads\lemon-project-main\lemon-project-main\src\utils\qc_eyes\release\qc_eyes.tlog\link.command.1.tlog
c:\users\fredrichvonpreussen\downloads\lemon-project-main\lemon-project-main\src\utils\qc_eyes\release\qc_eyes.tlog\link.read.1.tlog
c:\users\fredrichvonpreussen\downloads\lemon-project-main\lemon-project-main\src\utils\qc_eyes\release\qc_eyes.tlog\link.write.1.tlog
c:\users\fredrichvonpreussen\downloads\lemon-project-main\lemon-project-main\src\utils\qc_eyes\release\qc_eyes.tlog\rc.command.1.tlog
c:\users\fredrichvonpreussen\downloads\lemon-project-main\lemon-project-main\src\utils\qc_eyes\release\qc_eyes.tlog\rc.read.1.tlog
c:\users\fredrichvonpreussen\downloads\lemon-project-main\lemon-project-main\src\utils\qc_eyes\release\qc_eyes.tlog\rc.write.1.tlog
