c:\users\luna\documents\prog\lemon-project\game\client\debug_portal\client.pch
c:\users\luna\documents\prog\lemon-project\game\client\debug_portal\vc120.pdb
c:\users\luna\documents\prog\lemon-project\game\client\debug_portal\vc120.idb
c:\users\luna\documents\prog\lemon-project\game\client\debug_portal\stdafx.obj
c:\users\luna\documents\prog\lemon-project\game\client\debug_portal\activitylist.obj
c:\users\luna\documents\prog\lemon-project\game\client\debug_portal\c_baseanimatingoverlay.obj
c:\users\luna\documents\prog\lemon-project\game\client\debug_portal\c_env_particlescript.obj
c:\users\luna\documents\prog\lemon-project\game\client\debug_portal\c_func_dust.obj
c:\users\luna\documents\prog\lemon-project\game\client\debug_portal\c_plasma.obj
c:\users\luna\documents\prog\lemon-project\game\client\debug_portal\c_sprite.obj
c:\users\luna\documents\prog\lemon-project\game\client\debug_portal\camomaterialproxy.obj
c:\users\luna\documents\prog\lemon-project\game\client\debug_portal\clientmode_shared.obj
c:\users\luna\documents\prog\lemon-project\game\client\debug_portal\hud_redraw.obj
c:\users\luna\documents\prog\lemon-project\game\client\debug_portal\movehelper_client.obj
c:\users\luna\documents\prog\lemon-project\game\client\debug_portal\physics_main_client.obj
c:\users\luna\documents\prog\lemon-project\game\client\debug_portal\point_posecontroller.obj
c:\users\luna\documents\prog\lemon-project\game\client\debug_portal\ragdoll_shared.obj
c:\users\luna\documents\prog\lemon-project\game\client\debug_portal\vgui_bitmapbutton.obj
c:\users\luna\documents\prog\lemon-project\game\client\debug_portal\vgui_video_player.obj
c:\users\luna\documents\prog\lemon-project\game\client\debug_portal\worlddimsproxy.obj
c:\users\luna\documents\prog\lemon-project\game\client\debug_portal\mapoverview.obj
c:\users\luna\documents\prog\lemon-project\game\client\debug_portal\c_rotorwash.obj
c:\users\luna\documents\prog\lemon-project\game\client\debug_portal\c_vort_charge_token.obj
c:\users\luna\documents\prog\lemon-project\game\client\debug_portal\hl_gamemovement.obj
c:\users\luna\documents\prog\lemon-project\game\client\debug_portal\hud_zoom.obj
c:\users\luna\documents\prog\lemon-project\game\client\debug_portal\clientmode_portal.obj
c:\users\luna\documents\prog\lemon-project\game\client\debug_portal\c_te_beamlaser.obj
c:\users\luna\documents\prog\lemon-project\game\client\debug_portal\c_te_explosion.obj
c:\users\luna\documents\prog\lemon-project\game\client\debug_portal\fx_sparks.obj
c:\users\luna\documents\prog\lemon-project\game\client\debug_portal\achievementmgr.obj
c:\users\luna\documents\prog\lemon-project\game\client\debug_portal\c_info_overlay_accessor.obj
c:\users\luna\documents\prog\lemon-project\game\client\debug_portal\c_point_commentary_node.obj
c:\users\luna\documents\prog\lemon-project\game\client\debug_portal\collisionproperty.obj
c:\users\luna\documents\prog\lemon-project\game\client\debug_portal\entityoriginmaterialproxy.obj
c:\users\luna\documents\prog\lemon-project\game\client\debug_portal\fx_cube.obj
c:\users\luna\documents\prog\lemon-project\game\client\debug_portal\fx_staticline.obj
c:\users\luna\documents\prog\lemon-project\game\client\debug_portal\gamevars_shared.obj
c:\users\luna\documents\prog\lemon-project\game\client\debug_portal\hintmessage.obj
c:\users\luna\documents\prog\lemon-project\game\client\debug_portal\hud_bitmapnumericdisplay.obj
c:\users\luna\documents\prog\lemon-project\game\client\debug_portal\hud_vehicle.obj
c:\users\luna\documents\prog\lemon-project\game\client\debug_portal\movevars_shared.obj
c:\users\luna\documents\prog\lemon-project\game\client\debug_portal\particles_attractor.obj
c:\users\luna\documents\prog\lemon-project\game\client\debug_portal\physics.obj
c:\users\luna\documents\prog\lemon-project\game\client\debug_portal\screenspaceeffects.obj
c:\users\luna\documents\prog\lemon-project\game\client\debug_portal\takedamageinfo.obj
c:\users\luna\documents\prog\lemon-project\game\client\debug_portal\timematerialproxy.obj
c:\users\luna\documents\prog\lemon-project\game\client\debug_portal\vgui_bitmappanel.obj
c:\users\luna\documents\prog\lemon-project\game\client\debug_portal\vgui_slideshow_display_screen.obj
c:\users\luna\documents\prog\lemon-project\game\client\debug_portal\weapons_resource.obj
c:\users\luna\documents\prog\lemon-project\game\client\debug_portal\basehlcombatweapon_shared.obj
c:\users\luna\documents\prog\lemon-project\game\client\debug_portal\c_basehlcombatweapon.obj
c:\users\luna\documents\prog\lemon-project\game\client\debug_portal\c_hl2_playerlocaldata.obj
c:\users\luna\documents\prog\lemon-project\game\client\debug_portal\c_script_intro.obj
c:\users\luna\documents\prog\lemon-project\game\client\debug_portal\c_weapon_stunstick.obj
c:\users\luna\documents\prog\lemon-project\game\client\debug_portal\hud_damageindicator.obj
c:\users\luna\documents\prog\lemon-project\game\client\debug_portal\c_portalghostrenderable.obj
c:\users\luna\documents\prog\lemon-project\game\client\debug_portal\portal_usermessages.obj
c:\users\luna\documents\prog\lemon-project\game\client\debug_portal\vgui_neurotoxin_countdown_screen.obj
c:\users\luna\documents\prog\lemon-project\game\client\debug_portal\c_particle_smokegrenade.obj
c:\users\luna\documents\prog\lemon-project\game\client\debug_portal\c_te_beamentpoint.obj
c:\users\luna\documents\prog\lemon-project\game\client\debug_portal\c_te_bubbletrail.obj
c:\users\luna\documents\prog\lemon-project\game\client\debug_portal\c_te_particlesystem.obj
c:\users\luna\documents\prog\lemon-project\game\client\debug_portal\fx_envelope.obj
c:\users\luna\documents\prog\lemon-project\game\client\debug_portal\achievement_notification_panel.obj
c:\users\luna\documents\prog\lemon-project\game\client\debug_portal\c_fire_smoke.obj
c:\users\luna\documents\prog\lemon-project\game\client\debug_portal\c_slideshow_display.obj
c:\users\luna\documents\prog\lemon-project\game\client\debug_portal\cam_thirdperson.obj
c:\users\luna\documents\prog\lemon-project\game\client\debug_portal\cliententitylist.obj
c:\users\luna\documents\prog\lemon-project\game\client\debug_portal\debugoverlay_shared.obj
c:\users\luna\documents\prog\lemon-project\game\client\debug_portal\entitylist_base.obj
c:\users\luna\documents\prog\lemon-project\game\client\debug_portal\func_ladder.obj
c:\users\luna\documents\prog\lemon-project\game\client\debug_portal\gamemovement.obj
c:\users\luna\documents\prog\lemon-project\game\client\debug_portal\hud.obj
c:\users\luna\documents\prog\lemon-project\game\client\debug_portal\in_joystick.obj
c:\users\luna\documents\prog\lemon-project\game\client\debug_portal\particle_litsmokeemitter.obj
c:\users\luna\documents\prog\lemon-project\game\client\debug_portal\particles_simple.obj
c:\users\luna\documents\prog\lemon-project\game\client\debug_portal\proxyentity.obj
c:\users\luna\documents\prog\lemon-project\game\client\debug_portal\sceneentity_shared.obj
c:\users\luna\documents\prog\lemon-project\game\client\debug_portal\splinepatch.obj
c:\users\luna\documents\prog\lemon-project\game\client\debug_portal\teamplayroundbased_gamerules.obj
c:\users\luna\documents\prog\lemon-project\game\client\debug_portal\vgui_video.obj
c:\users\luna\documents\prog\lemon-project\game\client\debug_portal\basemodel_panel.obj
c:\users\luna\documents\prog\lemon-project\game\client\debug_portal\c_barney.obj
c:\users\luna\documents\prog\lemon-project\game\client\debug_portal\c_citadel_effects.obj
c:\users\luna\documents\prog\lemon-project\game\client\debug_portal\c_info_teleporter_countdown.obj
c:\users\luna\documents\prog\lemon-project\game\client\debug_portal\achievements_portal.obj
c:\users\luna\documents\prog\lemon-project\game\client\debug_portal\portal_collideable_enumerator.obj
c:\users\luna\documents\prog\lemon-project\game\client\debug_portal\portal_util_shared.obj
c:\users\luna\documents\prog\lemon-project\game\client\debug_portal\c_particle_fire.obj
c:\users\luna\documents\prog\lemon-project\game\client\debug_portal\c_te_armorricochet.obj
c:\users\luna\documents\prog\lemon-project\game\client\debug_portal\c_te_bloodstream.obj
c:\users\luna\documents\prog\lemon-project\game\client\debug_portal\c_te_glowsprite.obj
c:\users\luna\documents\prog\lemon-project\game\client\debug_portal\fx.obj
c:\users\luna\documents\prog\lemon-project\game\client\debug_portal\animation.obj
c:\users\luna\documents\prog\lemon-project\game\client\debug_portal\baseviewmodel_shared.obj
c:\users\luna\documents\prog\lemon-project\game\client\debug_portal\c_baseflex.obj
c:\users\luna\documents\prog\lemon-project\game\client\debug_portal\c_tesla.obj
c:\users\luna\documents\prog\lemon-project\game\client\debug_portal\c_world.obj
c:\users\luna\documents\prog\lemon-project\game\client\debug_portal\clientshadowmgr.obj
c:\users\luna\documents\prog\lemon-project\game\client\debug_portal\gamestringpool.obj
c:\users\luna\documents\prog\lemon-project\game\client\debug_portal\hud_autoaim.obj
c:\users\luna\documents\prog\lemon-project\game\client\debug_portal\igamesystem.obj
c:\users\luna\documents\prog\lemon-project\game\client\debug_portal\in_camera.obj
c:\users\luna\documents\prog\lemon-project\game\client\debug_portal\message.obj
c:\users\luna\documents\prog\lemon-project\game\client\debug_portal\proxyplayer.obj
c:\users\luna\documents\prog\lemon-project\game\client\debug_portal\soundparametersinternal.obj
c:\users\luna\documents\prog\lemon-project\game\client\debug_portal\teamplay_gamerules.obj
c:\users\luna\documents\prog\lemon-project\game\client\debug_portal\usercmd.obj
c:\users\luna\documents\prog\lemon-project\game\client\debug_portal\vgui_consolepanel.obj
c:\users\luna\documents\prog\lemon-project\game\client\debug_portal\vgui_loadingdiscpanel.obj
c:\users\luna\documents\prog\lemon-project\game\client\debug_portal\viewrender.obj
c:\users\luna\documents\prog\lemon-project\game\client\debug_portal\script_intro_shared.obj
c:\users\luna\documents\prog\lemon-project\game\client\debug_portal\survival_gamerules.obj
c:\users\luna\documents\prog\lemon-project\game\client\debug_portal\c_env_portal_path_track.obj
c:\users\luna\documents\prog\lemon-project\game\client\debug_portal\c_prop_portal.obj
c:\users\luna\documents\prog\lemon-project\game\client\debug_portal\c_weapon_physcannon.obj
c:\users\luna\documents\prog\lemon-project\game\client\debug_portal\c_steamjet.obj
c:\users\luna\documents\prog\lemon-project\game\client\debug_portal\c_te_beamring.obj
c:\users\luna\documents\prog\lemon-project\game\client\debug_portal\c_te_energysplash.obj
c:\users\luna\documents\prog\lemon-project\game\client\debug_portal\c_te_showline.obj
c:\users\luna\documents\prog\lemon-project\game\client\debug_portal\particlesphererenderer.obj
c:\users\luna\documents\prog\lemon-project\game\client\debug_portal\alphamaterialproxy.obj
c:\users\luna\documents\prog\lemon-project\game\client\debug_portal\baseplayer_shared.obj
c:\users\luna\documents\prog\lemon-project\game\client\debug_portal\c_breakableprop.obj
c:\users\luna\documents\prog\lemon-project\game\client\debug_portal\c_env_fog_controller.obj
c:\users\luna\documents\prog\lemon-project\game\client\debug_portal\c_func_conveyor.obj
c:\users\luna\documents\prog\lemon-project\game\client\debug_portal\c_materialmodifycontrol.obj
c:\users\luna\documents\prog\lemon-project\game\client\debug_portal\c_ragdoll_manager.obj
c:\users\luna\documents\prog\lemon-project\game\client\debug_portal\c_sprite_perfmonitor.obj
c:\users\luna\documents\prog\lemon-project\game\client\debug_portal\c_user_message_register.obj
c:\users\luna\documents\prog\lemon-project\game\client\debug_portal\c_waterlodcontrol.obj
c:\users\luna\documents\prog\lemon-project\game\client\debug_portal\clientleafsystem.obj
c:\users\luna\documents\prog\lemon-project\game\client\debug_portal\fx_water.obj
c:\users\luna\documents\prog\lemon-project\game\client\debug_portal\history_resource.obj
c:\users\luna\documents\prog\lemon-project\game\client\debug_portal\hud_msg.obj
c:\users\luna\documents\prog\lemon-project\game\client\debug_portal\lampbeamproxy.obj
c:\users\luna\documents\prog\lemon-project\game\client\debug_portal\obstacle_pushaway.obj
c:\users\luna\documents\prog\lemon-project\game\client\debug_portal\particles_localspace.obj
c:\users\luna\documents\prog\lemon-project\game\client\debug_portal\playerspawncache.obj
c:\users\luna\documents\prog\lemon-project\game\client\debug_portal\props_shared.obj
c:\users\luna\documents\prog\lemon-project\game\client\debug_portal\test_ehandle.obj
c:\users\luna\documents\prog\lemon-project\game\client\debug_portal\usermessages.obj
c:\users\luna\documents\prog\lemon-project\game\client\debug_portal\vgui_game_viewport.obj
c:\users\luna\documents\prog\lemon-project\game\client\debug_portal\vgui_schemevisualizer.obj
c:\users\luna\documents\prog\lemon-project\game\client\debug_portal\intromenu.obj
c:\users\luna\documents\prog\lemon-project\game\client\debug_portal\c_func_tankmortar.obj
c:\users\luna\documents\prog\lemon-project\game\client\debug_portal\c_strider.obj
c:\users\luna\documents\prog\lemon-project\game\client\debug_portal\hud_flashlight.obj
c:\users\luna\documents\prog\lemon-project\game\client\debug_portal\c_portal_radio.obj
c:\users\luna\documents\prog\lemon-project\game\client\debug_portal\portal_playeranimstate.obj
c:\users\luna\documents\prog\lemon-project\game\client\debug_portal\in_sixense.obj
c:\users\luna\documents\prog\lemon-project\game\client\debug_portal\sixense_convars.obj
c:\users\luna\documents\prog\lemon-project\game\client\debug_portal\c_movie_explosion.obj
c:\users\luna\documents\prog\lemon-project\game\client\debug_portal\c_stickybolt.obj
c:\users\luna\documents\prog\lemon-project\game\client\debug_portal\c_te_bubbles.obj
c:\users\luna\documents\prog\lemon-project\game\client\debug_portal\c_te_muzzleflash.obj
c:\users\luna\documents\prog\lemon-project\game\client\debug_portal\c_tracer.obj
c:\users\luna\documents\prog\lemon-project\game\client\debug_portal\animatespecifictextureproxy.obj
c:\users\luna\documents\prog\lemon-project\game\client\debug_portal\baseprojectile.obj
c:\users\luna\documents\prog\lemon-project\game\client\debug_portal\bone_merge_cache.obj
c:\users\luna\documents\prog\lemon-project\game\client\debug_portal\c_baseviewmodel.obj
c:\users\luna\documents\prog\lemon-project\game\client\debug_portal\c_entityparticletrail.obj
c:\users\luna\documents\prog\lemon-project\game\client\debug_portal\c_func_breakablesurf.obj
c:\users\luna\documents\prog\lemon-project\game\client\debug_portal\c_physmagnet.obj
c:\users\luna\documents\prog\lemon-project\game\client\debug_portal\c_sceneentity.obj
c:\users\luna\documents\prog\lemon-project\game\client\debug_portal\effectsclient.obj
c:\users\luna\documents\prog\lemon-project\game\client\debug_portal\eventlist.obj
c:\users\luna\documents\prog\lemon-project\game\client\debug_portal\fx_interpvalue.obj
c:\users\luna\documents\prog\lemon-project\game\client\debug_portal\fx_tracer.obj
c:\users\luna\documents\prog\lemon-project\game\client\debug_portal\glow_outline_effect.obj
c:\users\luna\documents\prog\lemon-project\game\client\debug_portal\hltvcamera.obj
c:\users\luna\documents\prog\lemon-project\game\client\debug_portal\hud_crosshair.obj
c:\users\luna\documents\prog\lemon-project\game\client\debug_portal\mathproxy.obj
c:\users\luna\documents\prog\lemon-project\game\client\debug_portal\particle_proxies.obj
c:\users\luna\documents\prog\lemon-project\game\client\debug_portal\particlesystemquery.obj
c:\users\luna\documents\prog\lemon-project\game\client\debug_portal\precache_register.obj
c:\users\luna\documents\prog\lemon-project\game\client\debug_portal\proxyhealth.obj
c:\users\luna\documents\prog\lemon-project\game\client\debug_portal\sequence_transitioner.obj
c:\users\luna\documents\prog\lemon-project\game\client\debug_portal\sprite.obj
c:\users\luna\documents\prog\lemon-project\game\client\debug_portal\vgui_int.obj
c:\users\luna\documents\prog\lemon-project\game\client\debug_portal\voice_status.obj
c:\users\luna\documents\prog\lemon-project\game\client\debug_portal\c_antlion_dust.obj
c:\users\luna\documents\prog\lemon-project\game\client\debug_portal\c_basehelicopter.obj
c:\users\luna\documents\prog\lemon-project\game\client\debug_portal\c_env_starfield.obj
c:\users\luna\documents\prog\lemon-project\game\client\debug_portal\c_te_concussiveexplosion.obj
c:\users\luna\documents\prog\lemon-project\game\client\debug_portal\c_weapon_hopwire.obj
c:\users\luna\documents\prog\lemon-project\game\client\debug_portal\hud_blood.obj
c:\users\luna\documents\prog\lemon-project\game\client\debug_portal\shieldproxy.obj
c:\users\luna\documents\prog\lemon-project\game\client\debug_portal\vgui_rootpanel_hl2.obj
c:\users\luna\documents\prog\lemon-project\game\client\debug_portal\c_env_lightraill_endpoint.obj
c:\users\luna\documents\prog\lemon-project\game\client\debug_portal\c_prop_energy_ball.obj
c:\users\luna\documents\prog\lemon-project\game\client\debug_portal\portal_gamemovement.obj
c:\users\luna\documents\prog\lemon-project\game\client\debug_portal\weapon_portalbase.obj
c:\users\luna\documents\prog\lemon-project\game\client\debug_portal\c_te_largefunnel.obj
c:\users\luna\documents\prog\lemon-project\game\client\debug_portal\c_testtraceline.obj
c:\users\luna\documents\prog\lemon-project\game\client\debug_portal\animatedentitytextureproxy.obj
c:\users\luna\documents\prog\lemon-project\game\client\debug_portal\baseparticleentity.obj
c:\users\luna\documents\prog\lemon-project\game\client\debug_portal\c_ai_basehumanoid.obj
c:\users\luna\documents\prog\lemon-project\game\client\debug_portal\c_basecombatweapon.obj
c:\users\luna\documents\prog\lemon-project\game\client\debug_portal\c_func_monitor.obj
c:\users\luna\documents\prog\lemon-project\game\client\debug_portal\c_lightglow.obj
c:\users\luna\documents\prog\lemon-project\game\client\debug_portal\c_team.obj
c:\users\luna\documents\prog\lemon-project\game\client\debug_portal\c_vguiscreen.obj
c:\users\luna\documents\prog\lemon-project\game\client\debug_portal\fx_impact.obj
c:\users\luna\documents\prog\lemon-project\game\client\debug_portal\gamerules_register.obj
c:\users\luna\documents\prog\lemon-project\game\client\debug_portal\hintsystem.obj
c:\users\luna\documents\prog\lemon-project\game\client\debug_portal\hud_chat.obj
c:\users\luna\documents\prog\lemon-project\game\client\debug_portal\interpolatedvar.obj
c:\users\luna\documents\prog\lemon-project\game\client\debug_portal\particle_simple3d.obj
c:\users\luna\documents\prog\lemon-project\game\client\debug_portal\perfvisualbenchmark.obj
c:\users\luna\documents\prog\lemon-project\game\client\debug_portal\point_bonusmaps_accessor.obj
c:\users\luna\documents\prog\lemon-project\game\client\debug_portal\proxypupil.obj
c:\users\luna\documents\prog\lemon-project\game\client\debug_portal\simple_keys.obj
c:\users\luna\documents\prog\lemon-project\game\client\debug_portal\studio_shared.obj
c:\users\luna\documents\prog\lemon-project\game\client\debug_portal\text_message.obj
c:\users\luna\documents\prog\lemon-project\game\client\debug_portal\vehicle_viewblend_shared.obj
c:\users\luna\documents\prog\lemon-project\game\client\debug_portal\vgui_grid.obj
c:\users\luna\documents\prog\lemon-project\game\client\debug_portal\viewconeimage.obj
c:\users\luna\documents\prog\lemon-project\game\client\debug_portal\iconpanel.obj
c:\users\luna\documents\prog\lemon-project\game\client\debug_portal\c_barnacle.obj
c:\users\luna\documents\prog\lemon-project\game\client\debug_portal\c_env_alyxtemp.obj
c:\users\luna\documents\prog\lemon-project\game\client\debug_portal\c_npc_manhack.obj
c:\users\luna\documents\prog\lemon-project\game\client\debug_portal\c_thumper_dust.obj
c:\users\luna\documents\prog\lemon-project\game\client\debug_portal\death.obj
c:\users\luna\documents\prog\lemon-project\game\client\debug_portal\hud_weaponselection.obj
c:\users\luna\documents\prog\lemon-project\game\client\debug_portal\multiplayer_animstate.obj
c:\users\luna\documents\prog\lemon-project\game\client\debug_portal\portal_render_targets.obj
c:\users\luna\documents\prog\lemon-project\game\client\debug_portal\prop_portal_shared.obj
c:\users\luna\documents\prog\lemon-project\game\client\debug_portal\in_sixense_gesture_bindings.obj
c:\users\luna\documents\prog\lemon-project\game\client\debug_portal\c_effects.obj
c:\users\luna\documents\prog\lemon-project\game\client\debug_portal\c_te_bspdecal.obj
c:\users\luna\documents\prog\lemon-project\game\client\debug_portal\c_te_legacytempents.obj
c:\users\luna\documents\prog\lemon-project\game\client\debug_portal\achievement_saverestore.obj
c:\users\luna\documents\prog\lemon-project\game\client\debug_portal\base_playeranimstate.obj
c:\users\luna\documents\prog\lemon-project\game\client\debug_portal\c_basedoor.obj
c:\users\luna\documents\prog\lemon-project\game\client\debug_portal\c_colorcorrection.obj
c:\users\luna\documents\prog\lemon-project\game\client\debug_portal\c_fish.obj
c:\users\luna\documents\prog\lemon-project\game\client\debug_portal\c_func_smokevolume.obj
c:\users\luna\documents\prog\lemon-project\game\client\debug_portal\c_playerresource.obj
c:\users\luna\documents\prog\lemon-project\game\client\debug_portal\c_spotlight_end.obj
c:\users\luna\documents\prog\lemon-project\game\client\debug_portal\c_vehicle_jeep.obj
c:\users\luna\documents\prog\lemon-project\game\client\debug_portal\cdll_util.obj
c:\users\luna\documents\prog\lemon-project\game\client\debug_portal\decals.obj
c:\users\luna\documents\prog\lemon-project\game\client\debug_portal\fx_fleck.obj
c:\users\luna\documents\prog\lemon-project\game\client\debug_portal\gamerules.obj
c:\users\luna\documents\prog\lemon-project\game\client\debug_portal\hud_basetimer.obj
c:\users\luna\documents\prog\lemon-project\game\client\debug_portal\hud_weapon.obj
c:\users\luna\documents\prog\lemon-project\game\client\debug_portal\mp_shareddefs.obj
c:\users\luna\documents\prog\lemon-project\game\client\debug_portal\particles_ez.obj
c:\users\luna\documents\prog\lemon-project\game\client\debug_portal\physpropclientside.obj
c:\users\luna\documents\prog\lemon-project\game\client\debug_portal\saverestore.obj
c:\users\luna\documents\prog\lemon-project\game\client\debug_portal\vgui_avatarimage.obj
c:\users\luna\documents\prog\lemon-project\game\client\debug_portal\viewdebug.obj
c:\users\luna\documents\prog\lemon-project\game\client\debug_portal\baseviewport.obj
c:\users\luna\documents\prog\lemon-project\game\client\debug_portal\fx_antlion.obj
c:\users\luna\documents\prog\lemon-project\game\client\debug_portal\hud_bonusprogress.obj
c:\users\luna\documents\prog\lemon-project\game\client\debug_portal\c_npc_portal_turret_floor.obj
c:\users\luna\documents\prog\lemon-project\game\client\debug_portal\portal_dynamicmeshrenderingutils.obj
c:\users\luna\documents\prog\lemon-project\game\client\debug_portal\portal_weapon_parse.obj
c:\users\luna\documents\prog\lemon-project\game\client\debug_portal\staticcollisionpolyhedroncache.obj
c:\users\luna\documents\prog\lemon-project\game\client\debug_portal\weapon_portalbasecombatweapon.obj
c:\users\luna\documents\prog\lemon-project\game\client\debug_portal\c_te_basebeam.obj
c:\users\luna\documents\prog\lemon-project\game\client\debug_portal\c_te_breakmodel.obj
c:\users\luna\documents\prog\lemon-project\game\client\debug_portal\c_te_killplayerattachments.obj
c:\users\luna\documents\prog\lemon-project\game\client\debug_portal\fx_discreetline.obj
c:\users\luna\documents\prog\lemon-project\game\client\debug_portal\achievements_hlx.obj
c:\users\luna\documents\prog\lemon-project\game\client\debug_portal\basecombatcharacter_shared.obj
c:\users\luna\documents\prog\lemon-project\game\client\debug_portal\bone_accessor.obj
c:\users\luna\documents\prog\lemon-project\game\client\debug_portal\c_basecombatcharacter.obj
c:\users\luna\documents\prog\lemon-project\game\client\debug_portal\c_dynamiclight.obj
c:\users\luna\documents\prog\lemon-project\game\client\debug_portal\c_env_projectedtexture.obj
c:\users\luna\documents\prog\lemon-project\game\client\debug_portal\c_func_occluder.obj
c:\users\luna\documents\prog\lemon-project\game\client\debug_portal\c_hairball.obj
c:\users\luna\documents\prog\lemon-project\game\client\debug_portal\c_rope.obj
c:\users\luna\documents\prog\lemon-project\game\client\debug_portal\classmap.obj
c:\users\luna\documents\prog\lemon-project\game\client\debug_portal\clientsteamcontext.obj
c:\users\luna\documents\prog\lemon-project\game\client\debug_portal\functionproxy.obj
c:\users\luna\documents\prog\lemon-project\game\client\debug_portal\fx_shelleject.obj
c:\users\luna\documents\prog\lemon-project\game\client\debug_portal\gametrace_client.obj
c:\users\luna\documents\prog\lemon-project\game\client\debug_portal\haptic_utils.obj
c:\users\luna\documents\prog\lemon-project\game\client\debug_portal\hud_closecaption.obj
c:\users\luna\documents\prog\lemon-project\game\client\debug_portal\particlemgr.obj
c:\users\luna\documents\prog\lemon-project\game\client\debug_portal\soundenvelope.obj
c:\users\luna\documents\prog\lemon-project\game\client\debug_portal\toggletextureproxy.obj
c:\users\luna\documents\prog\lemon-project\game\client\debug_portal\vgui_debugoverlaypanel.obj
c:\users\luna\documents\prog\lemon-project\game\client\debug_portal\view_scene.obj
c:\users\luna\documents\prog\lemon-project\game\client\debug_portal\voice_banmgr.obj
c:\users\luna\documents\prog\lemon-project\game\client\debug_portal\basemodelpanel.obj
c:\users\luna\documents\prog\lemon-project\game\client\debug_portal\c_npc_antlionguard.obj
c:\users\luna\documents\prog\lemon-project\game\client\debug_portal\c_te_flare.obj
c:\users\luna\documents\prog\lemon-project\game\client\debug_portal\flesh_internal_material_proxy.obj
c:\users\luna\documents\prog\lemon-project\game\client\debug_portal\hud_battery.obj
c:\users\luna\documents\prog\lemon-project\game\client\debug_portal\c_func_liquidportal.obj
c:\users\luna\documents\prog\lemon-project\game\client\debug_portal\portal_credits.obj
c:\users\luna\documents\prog\lemon-project\game\client\debug_portal\c_weapon_stubs_portal.obj
c:\users\luna\documents\prog\lemon-project\game\client\debug_portal\c_smokestack.obj
c:\users\luna\documents\prog\lemon-project\game\client\debug_portal\c_te_beamspline.obj
c:\users\luna\documents\prog\lemon-project\game\client\debug_portal\c_te_glassshatter.obj
c:\users\luna\documents\prog\lemon-project\game\client\debug_portal\c_te_spritespray.obj
c:\users\luna\documents\prog\lemon-project\game\client\debug_portal\mp3player.obj
c:\users\luna\documents\prog\lemon-project\game\client\debug_portal\baseanimatedtextureproxy.obj
c:\users\luna\documents\prog\lemon-project\game\client\debug_portal\beamdraw.obj
c:\users\luna\documents\prog\lemon-project\game\client\debug_portal\c_baseplayer.obj
c:\users\luna\documents\prog\lemon-project\game\client\debug_portal\c_vote_controller.obj
c:\users\luna\documents\prog\lemon-project\game\client\debug_portal\ehandle.obj
c:\users\luna\documents\prog\lemon-project\game\client\debug_portal\env_wind_shared.obj
c:\users\luna\documents\prog\lemon-project\game\client\debug_portal\fx_quad.obj
c:\users\luna\documents\prog\lemon-project\game\client\debug_portal\gamestats.obj
c:\users\luna\documents\prog\lemon-project\game\client\debug_portal\hud_pdump.obj
c:\users\luna\documents\prog\lemon-project\game\client\debug_portal\menu.obj
c:\users\luna\documents\prog\lemon-project\game\client\debug_portal\prediction.obj
c:\users\luna\documents\prog\lemon-project\game\client\debug_portal\train.obj
c:\users\luna\documents\prog\lemon-project\game\client\debug_portal\view_beams.obj
c:\users\luna\documents\prog\lemon-project\game\client\debug_portal\clientscoreboarddialog.obj
c:\users\luna\documents\prog\lemon-project\game\client\debug_portal\c_plasma_beam_node.obj
c:\users\luna\documents\prog\lemon-project\game\client\debug_portal\c_vehicle_cannon.obj
c:\users\luna\documents\prog\lemon-project\game\client\debug_portal\fx_bugbait.obj
c:\users\luna\documents\prog\lemon-project\game\client\debug_portal\hl_in_main.obj
c:\users\luna\documents\prog\lemon-project\game\client\debug_portal\hud_squadstatus.obj
c:\users\luna\documents\prog\lemon-project\game\client\debug_portal\hud_quickinfo.obj
c:\users\luna\documents\prog\lemon-project\game\client\debug_portal\weapon_portalgun_shared.obj
c:\users\luna\documents\prog\lemon-project\game\client\debug_portal\c_te_beampoints.obj
c:\users\luna\documents\prog\lemon-project\game\client\debug_portal\c_te_fizz.obj
c:\users\luna\documents\prog\lemon-project\game\client\debug_portal\c_te_smoke.obj
c:\users\luna\documents\prog\lemon-project\game\client\debug_portal\toolframework_client.obj
c:\users\luna\documents\prog\lemon-project\game\client\debug_portal\animatedtextureproxy.obj
c:\users\luna\documents\prog\lemon-project\game\client\debug_portal\basepresence.obj
c:\users\luna\documents\prog\lemon-project\game\client\debug_portal\c_ai_basenpc.obj
c:\users\luna\documents\prog\lemon-project\game\client\debug_portal\c_colorcorrectionvolume.obj
c:\users\luna\documents\prog\lemon-project\game\client\debug_portal\c_env_tonemap_controller.obj
c:\users\luna\documents\prog\lemon-project\game\client\debug_portal\c_func_rotating.obj
c:\users\luna\documents\prog\lemon-project\game\client\debug_portal\c_physicsprop.obj
c:\users\luna\documents\prog\lemon-project\game\client\debug_portal\c_shadowcontrol.obj
c:\users\luna\documents\prog\lemon-project\game\client\debug_portal\c_test_proxytoggle.obj
c:\users\luna\documents\prog\lemon-project\game\client\debug_portal\c_waterbullet.obj
c:\users\luna\documents\prog\lemon-project\game\client\debug_portal\client_virtualreality.obj
c:\users\luna\documents\prog\lemon-project\game\client\debug_portal\flashlighteffect.obj
c:\users\luna\documents\prog\lemon-project\game\client\debug_portal\fx_trail.obj
c:\users\luna\documents\prog\lemon-project\game\client\debug_portal\haptic_msgs.obj
c:\users\luna\documents\prog\lemon-project\game\client\debug_portal\hud_basechat.obj
c:\users\luna\documents\prog\lemon-project\game\client\debug_portal\lamphaloproxy.obj
c:\users\luna\documents\prog\lemon-project\game\client\debug_portal\particle_collision.obj
c:\users\luna\documents\prog\lemon-project\game\client\debug_portal\particles_new.obj
c:\users\luna\documents\prog\lemon-project\game\client\debug_portal\predictioncopy.obj
c:\users\luna\documents\prog\lemon-project\game\client\debug_portal\soundemittersystem.obj
c:\users\luna\documents\prog\lemon-project\game\client\debug_portal\vgui_messagechars.obj
c:\users\luna\documents\prog\lemon-project\game\client\debug_portal\viewpostprocess.obj
c:\users\luna\documents\prog\lemon-project\game\client\debug_portal\teammenu.obj
c:\users\luna\documents\prog\lemon-project\game\client\debug_portal\c_vehicle_crane.obj
c:\users\luna\documents\prog\lemon-project\game\client\debug_portal\fx_hl2_impacts.obj
c:\users\luna\documents\prog\lemon-project\game\client\debug_portal\hud_credits.obj
c:\users\luna\documents\prog\lemon-project\game\client\debug_portal\materialproxy_portalstatic.obj
c:\users\luna\documents\prog\lemon-project\game\client\debug_portal\portal_shareddefs.obj
c:\users\luna\documents\prog\lemon-project\game\client\debug_portal\portalrenderable_flatbasic.obj
c:\users\luna\documents\prog\lemon-project\game\client\debug_portal\c_prop_vehicle.obj
c:\users\luna\documents\prog\lemon-project\game\client\debug_portal\c_te_decal.obj
c:\users\luna\documents\prog\lemon-project\game\client\debug_portal\c_te_playerdecal.obj
c:\users\luna\documents\prog\lemon-project\game\client\debug_portal\bonelist.obj
c:\users\luna\documents\prog\lemon-project\game\client\debug_portal\replaycamera.obj
c:\users\luna\documents\prog\lemon-project\game\client\debug_portal\baseachievement.obj
c:\users\luna\documents\prog\lemon-project\game\client\debug_portal\c_func_areaportalwindow.obj
c:\users\luna\documents\prog\lemon-project\game\client\debug_portal\c_func_tracktrain.obj
c:\users\luna\documents\prog\lemon-project\game\client\debug_portal\c_pixel_visibility.obj
c:\users\luna\documents\prog\lemon-project\game\client\debug_portal\c_vehicle_choreo_generic.obj
c:\users\luna\documents\prog\lemon-project\game\client\debug_portal\cl_mat_stub.obj
c:\users\luna\documents\prog\lemon-project\game\client\debug_portal\clientsideeffects.obj
c:\users\luna\documents\prog\lemon-project\game\client\debug_portal\death_pose.obj
c:\users\luna\documents\prog\lemon-project\game\client\debug_portal\effect_dispatch_data.obj
c:\users\luna\documents\prog\lemon-project\game\client\debug_portal\env_detail_controller.obj
c:\users\luna\documents\prog\lemon-project\game\client\debug_portal\fx_explosion.obj
c:\users\luna\documents\prog\lemon-project\game\client\debug_portal\hud_animationinfo.obj
c:\users\luna\documents\prog\lemon-project\game\client\debug_portal\hud_numericdisplay.obj
c:\users\luna\documents\prog\lemon-project\game\client\debug_portal\mapentities_shared.obj
c:\users\luna\documents\prog\lemon-project\game\client\debug_portal\particle_parse.obj
c:\users\luna\documents\prog\lemon-project\game\client\debug_portal\physics_main_shared.obj
c:\users\luna\documents\prog\lemon-project\game\client\debug_portal\util_shared.obj
c:\users\luna\documents\prog\lemon-project\game\client\debug_portal\vgui_netgraphpanel.obj
c:\users\luna\documents\prog\lemon-project\game\client\debug_portal\waterlodmaterialproxy.obj
c:\users\luna\documents\prog\lemon-project\game\client\debug_portal\commandmenu.obj
c:\users\luna\documents\prog\lemon-project\game\client\debug_portal\c_corpse.obj
c:\users\luna\documents\prog\lemon-project\game\client\debug_portal\c_npc_combinegunship.obj
c:\users\luna\documents\prog\lemon-project\game\client\debug_portal\c_weapon_crossbow.obj
c:\users\luna\documents\prog\lemon-project\game\client\debug_portal\hl2_gamerules.obj
c:\users\luna\documents\prog\lemon-project\game\client\debug_portal\hud_radar.obj
c:\users\luna\documents\prog\lemon-project\game\client\debug_portal\fx_portal.obj
c:\users\luna\documents\prog\lemon-project\game\client\debug_portal\portal_hud_crosshair.obj
c:\users\luna\documents\prog\lemon-project\game\client\debug_portal\c_recipientfilter.obj
c:\users\luna\documents\prog\lemon-project\game\client\debug_portal\c_te.obj
c:\users\luna\documents\prog\lemon-project\game\client\debug_portal\c_te_bloodsprite.obj
c:\users\luna\documents\prog\lemon-project\game\client\debug_portal\c_te_impact.obj
c:\users\luna\documents\prog\lemon-project\game\client\debug_portal\c_te_worlddecal.obj
c:\users\luna\documents\prog\lemon-project\game\client\debug_portal\c_flyingportal.obj
c:\users\luna\documents\prog\lemon-project\game\client\debug_portal\basegrenade_shared.obj
c:\users\luna\documents\prog\lemon-project\game\client\debug_portal\c_baseanimating.obj
c:\users\luna\documents\prog\lemon-project\game\client\debug_portal\client_thinklist.obj
c:\users\luna\documents\prog\lemon-project\game\client\debug_portal\commentary_modelviewer.obj
c:\users\luna\documents\prog\lemon-project\game\client\debug_portal\hud_hdrdemo.obj
c:\users\luna\documents\prog\lemon-project\game\client\debug_portal\initializer.obj
c:\users\luna\documents\prog\lemon-project\game\client\debug_portal\matrixproxy.obj
c:\users\luna\documents\prog\lemon-project\game\client\debug_portal\particle_property.obj
c:\users\luna\documents\prog\lemon-project\game\client\debug_portal\physics_shared.obj
c:\users\luna\documents\prog\lemon-project\game\client\debug_portal\ragdoll.obj
c:\users\luna\documents\prog\lemon-project\game\client\debug_portal\texturescrollmaterialproxy.obj
c:\users\luna\documents\prog\lemon-project\game\client\debug_portal\vgui_basepanel.obj
c:\users\luna\documents\prog\lemon-project\game\client\debug_portal\view.obj
c:\users\luna\documents\prog\lemon-project\game\client\debug_portal\navprogress.obj
c:\users\luna\documents\prog\lemon-project\game\client\debug_portal\c_env_headcrabcanister.obj
c:\users\luna\documents\prog\lemon-project\game\client\debug_portal\c_vehicle_airboat.obj
c:\users\luna\documents\prog\lemon-project\game\client\debug_portal\hl_prediction.obj
c:\users\luna\documents\prog\lemon-project\game\client\debug_portal\hud_suitpower.obj
c:\users\luna\documents\prog\lemon-project\game\client\debug_portal\c_prop_portal_stats_display.obj
c:\users\luna\documents\prog\lemon-project\game\client\debug_portal\portalsimulation.obj
c:\users\luna\documents\prog\lemon-project\game\client\debug_portal\c_impact_effects.obj
c:\users\luna\documents\prog\lemon-project\game\client\debug_portal\c_te_beamfollow.obj
c:\users\luna\documents\prog\lemon-project\game\client\debug_portal\c_te_dynamiclight.obj
c:\users\luna\documents\prog\lemon-project\game\client\debug_portal\c_te_projecteddecal.obj
c:\users\luna\documents\prog\lemon-project\game\client\debug_portal\smoke_fog_overlay.obj
c:\users\luna\documents\prog\lemon-project\game\client\debug_portal\cdll_replay.obj
c:\users\luna\documents\prog\lemon-project\game\client\debug_portal\baseclientrendertargets.obj
c:\users\luna\documents\prog\lemon-project\game\client\debug_portal\beam_shared.obj
c:\users\luna\documents\prog\lemon-project\game\client\debug_portal\c_env_screenoverlay.obj
c:\users\luna\documents\prog\lemon-project\game\client\debug_portal\c_func_reflective_glass.obj
c:\users\luna\documents\prog\lemon-project\game\client\debug_portal\c_physbox.obj
c:\users\luna\documents\prog\lemon-project\game\client\debug_portal\c_props.obj
c:\users\luna\documents\prog\lemon-project\game\client\debug_portal\c_team_objectiveresource.obj
c:\users\luna\documents\prog\lemon-project\game\client\debug_portal\cdll_client_int.obj
c:\users\luna\documents\prog\lemon-project\game\client\debug_portal\isnpcproxy.obj
c:\users\luna\documents\prog\lemon-project\game\client\debug_portal\panelmetaclassmgr.obj
c:\users\luna\documents\prog\lemon-project\game\client\debug_portal\recvproxy.obj
c:\users\luna\documents\prog\lemon-project\game\client\debug_portal\singleplay_gamerules.obj
c:\users\luna\documents\prog\lemon-project\game\client\debug_portal\spritetrail.obj
c:\users\luna\documents\prog\lemon-project\game\client\debug_portal\vgui_bitmapimage.obj
c:\users\luna\documents\prog\lemon-project\game\client\debug_portal\view_effects.obj
c:\users\luna\documents\prog\lemon-project\game\client\debug_portal\weapon_parse.obj
c:\users\luna\documents\prog\lemon-project\game\client\debug_portal\spectatorgui.obj
c:\users\luna\documents\prog\lemon-project\game\client\debug_portal\c_prop_combine_ball.obj
c:\users\luna\documents\prog\lemon-project\game\client\debug_portal\c_vehicle_jeep_episodic.obj
c:\users\luna\documents\prog\lemon-project\game\client\debug_portal\hud_poisondamageindicator.obj
c:\users\luna\documents\prog\lemon-project\game\client\debug_portal\c_npc_rocket_turret.obj
c:\users\luna\documents\prog\lemon-project\game\client\debug_portal\portal_gamerules.obj
c:\users\luna\documents\prog\lemon-project\game\client\debug_portal\vgui_portal_stats_display_screen.obj
c:\users\luna\documents\prog\lemon-project\game\client\debug_portal\c_te_beamringpoint.obj
c:\users\luna\documents\prog\lemon-project\game\client\debug_portal\c_te_footprint.obj
c:\users\luna\documents\prog\lemon-project\game\client\debug_portal\c_te_sparks.obj
c:\users\luna\documents\prog\lemon-project\game\client\debug_portal\entity_client_tools.obj
c:\users\luna\documents\prog\lemon-project\game\client\debug_portal\ammodef.obj
c:\users\luna\documents\prog\lemon-project\game\client\debug_portal\baseentity_shared.obj
c:\users\luna\documents\prog\lemon-project\game\client\debug_portal\c_entitydissolve.obj
c:\users\luna\documents\prog\lemon-project\game\client\debug_portal\c_func_lod.obj
c:\users\luna\documents\prog\lemon-project\game\client\debug_portal\c_gib.obj
c:\users\luna\documents\prog\lemon-project\game\client\debug_portal\c_point_camera.obj
c:\users\luna\documents\prog\lemon-project\game\client\debug_portal\c_soundscape.obj
c:\users\luna\documents\prog\lemon-project\game\client\debug_portal\cdll_bounded_cvars.obj
c:\users\luna\documents\prog\lemon-project\game\client\debug_portal\client_factorylist.obj
c:\users\luna\documents\prog\lemon-project\game\client\debug_portal\clientsideeffects_test.obj
c:\users\luna\documents\prog\lemon-project\game\client\debug_portal\detailobjectsystem.obj
c:\users\luna\documents\prog\lemon-project\game\client\debug_portal\glow_overlay.obj
c:\users\luna\documents\prog\lemon-project\game\client\debug_portal\hud_element_helper.obj
c:\users\luna\documents\prog\lemon-project\game\client\debug_portal\hud_hintdisplay.obj
c:\users\luna\documents\prog\lemon-project\game\client\debug_portal\multiplay_gamerules.obj
c:\users\luna\documents\prog\lemon-project\game\client\debug_portal\physics_saverestore.obj
c:\users\luna\documents\prog\lemon-project\game\client\debug_portal\simtimer.obj
c:\users\luna\documents\prog\lemon-project\game\client\debug_portal\studio_stats.obj
c:\users\luna\documents\prog\lemon-project\game\client\debug_portal\vgui_fpspanel.obj
c:\users\luna\documents\prog\lemon-project\game\client\debug_portal\weapon_selection.obj
c:\users\luna\documents\prog\lemon-project\game\client\debug_portal\c_ar2_explosion.obj
c:\users\luna\documents\prog\lemon-project\game\client\debug_portal\c_basehlplayer.obj
c:\users\luna\documents\prog\lemon-project\game\client\debug_portal\c_npc_rollermine.obj
c:\users\luna\documents\prog\lemon-project\game\client\debug_portal\c_vehicle_prisoner_pod.obj
c:\users\luna\documents\prog\lemon-project\game\client\debug_portal\fx_hl2_tracers.obj
c:\users\luna\documents\prog\lemon-project\game\client\debug_portal\hud_health.obj
c:\users\luna\documents\prog\lemon-project\game\client\debug_portal\c_portal_player.obj
c:\users\luna\documents\prog\lemon-project\game\client\debug_portal\portalrender.obj
c:\users\luna\documents\prog\lemon-project\game\client\debug_portal\c_basetempentity.obj
c:\users\luna\documents\prog\lemon-project\game\client\debug_portal\c_smoke_trail.obj
c:\users\luna\documents\prog\lemon-project\game\client\debug_portal\c_te_effect_dispatch.obj
c:\users\luna\documents\prog\lemon-project\game\client\debug_portal\c_te_sprite.obj
c:\users\luna\documents\prog\lemon-project\game\client\debug_portal\animatedoffsettextureproxy.obj
c:\users\luna\documents\prog\lemon-project\game\client\debug_portal\basecombatweapon_shared.obj
c:\users\luna\documents\prog\lemon-project\game\client\debug_portal\c_baseentity.obj
c:\users\luna\documents\prog\lemon-project\game\client\debug_portal\c_particle_system.obj
c:\users\luna\documents\prog\lemon-project\game\client\debug_portal\c_rumble.obj
c:\users\luna\documents\prog\lemon-project\game\client\debug_portal\c_sun.obj
c:\users\luna\documents\prog\lemon-project\game\client\debug_portal\clienteffectprecachesystem.obj
c:\users\luna\documents\prog\lemon-project\game\client\debug_portal\colorcorrectionmgr.obj
c:\users\luna\documents\prog\lemon-project\game\client\debug_portal\dummyproxy.obj
c:\users\luna\documents\prog\lemon-project\game\client\debug_portal\entityparticletrail_shared.obj
c:\users\luna\documents\prog\lemon-project\game\client\debug_portal\fx_blood.obj
c:\users\luna\documents\prog\lemon-project\game\client\debug_portal\geiger.obj
c:\users\luna\documents\prog\lemon-project\game\client\debug_portal\hud_filmdemo.obj
c:\users\luna\documents\prog\lemon-project\game\client\debug_portal\in_main.obj
c:\users\luna\documents\prog\lemon-project\game\client\debug_portal\playerandobjectenumerator.obj
c:\users\luna\documents\prog\lemon-project\game\client\debug_portal\predictableid.obj
c:\users\luna\documents\prog\lemon-project\game\client\debug_portal\rope_helpers.obj
c:\users\luna\documents\prog\lemon-project\game\client\debug_portal\spritemodel.obj
c:\users\luna\documents\prog\lemon-project\game\client\debug_portal\vgui_centerstringpanel.obj
c:\users\luna\documents\prog\lemon-project\game\client\debug_portal\viewangleanim.obj
c:\users\luna\documents\prog\lemon-project\game\client\debug_portal\warp_overlay.obj
c:\users\luna\documents\prog\lemon-project\game\client\debug_portal\vguitextwindow.obj
c:\users\luna\documents\prog\lemon-project\game\client\debug_portal\env_headcrabcanister_shared.obj
c:\users\luna\documents\prog\lemon-project\game\client\debug_portal\hud_ammo.obj
c:\users\luna\documents\prog\lemon-project\game\client\debug_portal\c_neurotoxin_countdown.obj
c:\users\luna\documents\prog\lemon-project\game\client\debug_portal\materialproxy_portal_pickalphamask.obj
c:\users\luna\documents\prog\lemon-project\game\client\debug_portal\portal_player_shared.obj
c:\users\luna\documents\prog\lemon-project\game\client\debug_portal\c_weapon_portalgun.obj
c:\users\luna\documents\prog\lemon-project\game\client\debug_portal\c_te_beaments.obj
c:\users\luna\documents\prog\lemon-project\game\client\debug_portal\c_te_clientprojectile.obj
c:\users\luna\documents\prog\lemon-project\game\client\debug_portal\c_te_physicsprop.obj
c:\users\luna\documents\prog\lemon-project\game\client\debug_portal\fx_line.obj
c:\users\luna\documents\prog\lemon-project\game\client\debug_portal\crtmemdebug.obj
c:\users\luna\documents\prog\lemon-project\game\client\debug_portal\mumble.obj
c:\users\luna\documents\prog\lemon-project\game\client\debug_portal\dt_utlvector_common.obj
c:\users\luna\documents\prog\lemon-project\game\client\debug_portal\scratchpad3d.obj
c:\users\luna\documents\prog\lemon-project\game\client\debug_portal\bone_setup.obj
c:\users\luna\documents\prog\lemon-project\game\client\debug_portal\compiledcaptionswap.obj
c:\users\luna\documents\prog\lemon-project\game\client\debug_portal\sheetsimulator.obj
c:\users\luna\documents\prog\lemon-project\game\client\debug_portal\client_class.obj
c:\users\luna\documents\prog\lemon-project\game\client\debug_portal\vallocator.obj
c:\users\luna\documents\prog\lemon-project\game\client\debug_portal\collisionutils.obj
c:\users\luna\documents\prog\lemon-project\game\client\debug_portal\sentence.obj
c:\users\luna\documents\prog\lemon-project\game\client\debug_portal\in_mouse.obj
c:\users\luna\documents\prog\lemon-project\game\client\debug_portal\hud_lcd.obj
c:\users\luna\documents\prog\lemon-project\game\client\debug_portal\filesystem_helpers.obj
c:\users\luna\documents\prog\lemon-project\game\client\debug_portal\scratchpadutils.obj
c:\users\luna\documents\prog\lemon-project\game\client\debug_portal\interval.obj
c:\users\luna\documents\prog\lemon-project\game\client\debug_portal\posedebugger.obj
c:\users\luna\documents\prog\lemon-project\game\client\debug_portal\interpolatortypes.obj
c:\users\luna\documents\prog\lemon-project\game\client\debug_portal\renamed_recvtable_compat.obj
c:\users\luna\documents\prog\lemon-project\game\client\debug_portal\stringregistry.obj
c:\users\luna\documents\prog\lemon-project\game\client\debug_portal\jigglebones.obj
c:\users\luna\documents\prog\lemon-project\game\client\debug_portal\vgui_controls.obj
c:\users\luna\documents\prog\lemon-project\game\client\debug_portal\language.obj
c:\users\luna\documents\prog\lemon-project\game\client\debug_portal\networkvar.obj
c:\users\luna\documents\prog\lemon-project\game\client\debug_portal\randoverride.obj
c:\users\luna\documents\prog\lemon-project\game\client\debug_portal\studio.obj
c:\users\luna\documents\prog\lemon-project\game\client\debug_portal\dt_utlvector_recv.obj
c:\users\luna\documents\prog\lemon-project\game\client\debug_portal\rendertexture.obj
c:\users\luna\documents\prog\lemon-project\game\client\debug_portal\dt_recv.obj
c:\users\luna\documents\prog\lemon-project\game\client\debug_portal\rope_physics.obj
c:\users\luna\documents\prog\lemon-project\game\client\debug_portal\memoverride.obj
c:\users\luna\documents\prog\lemon-project\game\client\debug_portal\simple_physics.obj
c:\users\luna\documents\prog\lemon-project\game\client\debug_portal\client.lib
c:\users\luna\documents\prog\lemon-project\game\client\debug_portal\client.exp
c:\users\luna\documents\prog\lemon-project\game\client\debug_portal\pointeroverride.obj
c:\users\luna\documents\prog\lemon-project\game\client\client_portal.vpc.sentinel
c:\users\luna\documents\prog\lemon-project\game\client\debug_portal\client.ilk
c:\users\luna\documents\prog\lemon-project\game\client\debug_portal\client.dll
c:\users\luna\documents\prog\lemon-project\game\client\debug_portal\client.pdb
c:\users\luna\documents\prog\lemon-project\game\client\.\debug_portal\client.dll
c:\users\luna\documents\prog\lemon-project\game\client\debug_portal\client (portal).tlog\cl.command.1.tlog
c:\users\luna\documents\prog\lemon-project\game\client\debug_portal\client (portal).tlog\cl.read.1.tlog
c:\users\luna\documents\prog\lemon-project\game\client\debug_portal\client (portal).tlog\cl.read.10.tlog
c:\users\luna\documents\prog\lemon-project\game\client\debug_portal\client (portal).tlog\cl.read.11.tlog
c:\users\luna\documents\prog\lemon-project\game\client\debug_portal\client (portal).tlog\cl.read.12.tlog
c:\users\luna\documents\prog\lemon-project\game\client\debug_portal\client (portal).tlog\cl.read.13.tlog
c:\users\luna\documents\prog\lemon-project\game\client\debug_portal\client (portal).tlog\cl.read.14.tlog
c:\users\luna\documents\prog\lemon-project\game\client\debug_portal\client (portal).tlog\cl.read.15.tlog
c:\users\luna\documents\prog\lemon-project\game\client\debug_portal\client (portal).tlog\cl.read.16.tlog
c:\users\luna\documents\prog\lemon-project\game\client\debug_portal\client (portal).tlog\cl.read.2.tlog
c:\users\luna\documents\prog\lemon-project\game\client\debug_portal\client (portal).tlog\cl.read.3.tlog
c:\users\luna\documents\prog\lemon-project\game\client\debug_portal\client (portal).tlog\cl.read.4.tlog
c:\users\luna\documents\prog\lemon-project\game\client\debug_portal\client (portal).tlog\cl.read.5.tlog
c:\users\luna\documents\prog\lemon-project\game\client\debug_portal\client (portal).tlog\cl.read.6.tlog
c:\users\luna\documents\prog\lemon-project\game\client\debug_portal\client (portal).tlog\cl.read.7.tlog
c:\users\luna\documents\prog\lemon-project\game\client\debug_portal\client (portal).tlog\cl.read.8.tlog
c:\users\luna\documents\prog\lemon-project\game\client\debug_portal\client (portal).tlog\cl.read.9.tlog
c:\users\luna\documents\prog\lemon-project\game\client\debug_portal\client (portal).tlog\cl.write.1.tlog
c:\users\luna\documents\prog\lemon-project\game\client\debug_portal\client (portal).tlog\client (portal).write.1u.tlog
c:\users\luna\documents\prog\lemon-project\game\client\debug_portal\client (portal).tlog\custombuild.command.1.tlog
c:\users\luna\documents\prog\lemon-project\game\client\debug_portal\client (portal).tlog\custombuild.read.1.tlog
c:\users\luna\documents\prog\lemon-project\game\client\debug_portal\client (portal).tlog\custombuild.write.1.tlog
c:\users\luna\documents\prog\lemon-project\game\client\debug_portal\client (portal).tlog\link.command.1.tlog
c:\users\luna\documents\prog\lemon-project\game\client\debug_portal\client (portal).tlog\link.read.1.tlog
c:\users\luna\documents\prog\lemon-project\game\client\debug_portal\client (portal).tlog\link.write.1.tlog
