Build started 8/21/2021 9:02:19 PM.
     1>Project "C:\Users\FVP\Documents\programming\cpp\source\lemon-project-main\src\game\client\client_portal.vcxproj" on node 2 (Build target(s)).
     1>PreBuildEvent:
         if EXIST ..\..\..\game\portal\bin\.\client.dll for /f "delims=" %%A in ('attrib "..\..\..\game\portal\bin\.\client.dll"') do set valveTmpIsReadOnly="%%A"
         set valveTmpIsReadOnlyLetter=%valveTmpIsReadOnly:~6,1%
         if "%valveTmpIsReadOnlyLetter%"=="R" del /q "C:\Users\FVP\Documents\programming\cpp\source\lemon-project-main\src\game\client\Debug_portal\"client.dll
         if exist "..\..\devtools\bin\vpc.exe" "..\..\devtools\bin\vpc.exe" -crc2 "client_portal.vcxproj"
         if ERRORLEVEL 1 exit /b 1
         
         :VCEnd
       ClCompile:
         C:\Program Files (x86)\Microsoft Visual Studio 12.0\VC\bin\CL.exe /c /I.\hl2 /I.\hl2\elements /I.\portal /I.\portal\vgui /I..\..\game\shared\hl2 /I..\..\game\shared\Multiplayer /I..\..\gcsdk\steamextra /I..\..\game\shared\portal /I.\ /I..\..\common /I..\..\public /I..\..\public\tier0 /I..\..\public\tier1 /I..\..\game\client\generated_proto_portal /I"..\..\thirdparty\protobuf-2.3.0\src" /I..\..\vgui2\include /I..\..\vgui2\controls /I..\..\game\shared /I.\game_controls /I..\..\thirdparty\sixensesdk\include /ZI /nologo /W4 /WX /MP /Od /Oy- /D VPC /D RAD_TELEMETRY_DISABLED /D _HAS_ITERATOR_DEBUGGING=0 /D WIN32 /D _WIN32 /D _DEBUG /D DEBUG /D _WINDOWS /D _USRDLL /D _CRT_SECURE_NO_DEPRECATE /D _CRT_NONSTDC_NO_DEPRECATE /D _ALLOW_RUNTIME_LIBRARY_MISMATCH /D _ALLOW_ITERATOR_DEBUG_LEVEL_MISMATCH /D _ALLOW_MSC_VER_MISMATCH /D _USING_V110_SDK71_ /D _WINDLL /D _MBCS /D COMPILER_MSVC32 /D COMPILER_MSVC32 /D COMPILER_MSVC /D _DLL_EXT=.dll /D DLLNAME=client /D BINK_VIDEO /D AVI_VIDEO /D WMV_VIDEO /D DEV_BUILD /D FRAME_POINTER_OMISSION_DISABLED /D NO_STRING_T /D CLIENT_DLL /D VECTOR /D VERSION_SAFE_STEAM_API_INTERFACES /D PROTECTED_THINGS_ENABLE /D strncpy=use_Q_strncpy_instead /D _snprintf=use_Q_snprintf_instead /D ENABLE_CHROMEHTMLWINDOW /D fopen=dont_use_fopen /D PORTAL /D HL2_EPISODIC /D HL2_CLIENT_DLL /D _EXTERNAL_DLL_EXT=.dll /D VPCGAMECAPS=PORTAL /D "PROJECTDIR=C:\Users\FVP\Documents\programming\cpp\source\lemon-project-main\src\game\client" /D _DLL_EXT=.dll /D VPCGAME=portal /D SOURCE1=1 /GF /Gm- /MTd /GS /arch:SSE /fp:fast /Zc:wchar_t /Zc:forScope /GR /Yu"cbase.h" /Fp".\Debug_portal\/client.pch" /Fo".\Debug_portal\/" /Fd".\Debug_portal\/vc120.pdb" /Gd /TP /wd4316 /analyze- /FC /errorReport:prompt /Zm200 /Gw ..\..\game\shared\Sprite.cpp ..\..\game\shared\baseentity_shared.cpp ..\..\game\shared\beam_shared.cpp ..\..\game\shared\portal\PortalSimulation.cpp ..\..\game\shared\portal\portal_collideable_enumerator.cpp ..\..\game\shared\portal\portal_gamemovement.cpp ..\..\game\shared\portal\portal_player_shared.cpp ..\..\game\shared\portal\portal_playeranimstate.cpp ..\..\game\shared\portal\portal_util_shared.cpp ..\..\game\shared\portal\prop_portal_shared.cpp ..\..\game\shared\portal\weapon_portalbase.cpp ..\..\game\shared\portal\weapon_portalbasecombatweapon.cpp ..\..\game\shared\portal\weapon_portalgun_shared.cpp ..\..\game\shared\ragdoll_shared.cpp c_baseanimating.cpp c_fire_smoke.cpp c_lightglow.cpp c_smoke_trail.cpp c_sun.cpp c_te_explosion.cpp fx.cpp fx_explosion.cpp glow_overlay.cpp hl2\c_env_headcrabcanister.cpp hud_crosshair.cpp portal\C_PortalGhostRenderable.cpp portal\PortalRender.cpp portal\c_npc_portal_turret_floor.cpp portal\c_npc_rocket_turret.cpp portal\c_portal_player.cpp portal\c_prop_portal.cpp portal\c_prop_portal_stats_display.cpp portal\c_weapon_physcannon.cpp portal\c_weapon_portalgun.cpp portal\clientmode_portal.cpp portal\hud_quickinfo.cpp portal\materialproxy_portalstatic.cpp portal\portal_hud_crosshair.cpp portal\portalrenderable_flatbasic.cpp portal\vgui_portal_stats_display_screen.cpp view.cpp view_beams.cpp viewrender.cpp warp_overlay.cpp
         Sprite.cpp
         baseentity_shared.cpp
         beam_shared.cpp
         PortalSimulation.cpp
         portal_collideable_enumerator.cpp
         portal_gamemovement.cpp
         portal_player_shared.cpp
         portal_playeranimstate.cpp
         portal_util_shared.cpp
         prop_portal_shared.cpp
         weapon_portalbase.cpp
         weapon_portalbasecombatweapon.cpp
         weapon_portalgun_shared.cpp
         ragdoll_shared.cpp
         c_baseanimating.cpp
         c_fire_smoke.cpp
         c_lightglow.cpp
         c_smoke_trail.cpp
         c_sun.cpp
         c_te_explosion.cpp
         fx.cpp
         fx_explosion.cpp
         glow_overlay.cpp
         c_env_headcrabcanister.cpp
         hud_crosshair.cpp
         C_PortalGhostRenderable.cpp
         PortalRender.cpp
         c_npc_portal_turret_floor.cpp
         c_npc_rocket_turret.cpp
         c_portal_player.cpp
         c_prop_portal.cpp
         c_prop_portal_stats_display.cpp
         c_weapon_physcannon.cpp
         c_weapon_portalgun.cpp
         clientmode_portal.cpp
         hud_quickinfo.cpp
         materialproxy_portalstatic.cpp
         portal_hud_crosshair.cpp
         portalrenderable_flatbasic.cpp
         vgui_portal_stats_display_screen.cpp
         view.cpp
         view_beams.cpp
         viewrender.cpp
         warp_overlay.cpp
       Link:
         C:\Program Files (x86)\Microsoft Visual Studio 12.0\VC\bin\link.exe /ERRORREPORT:PROMPT /OUT:".\Debug_portal\\client.dll" /INCREMENTAL /NOLOGO /LIBPATH:..\..\lib\common\. /LIBPATH:..\..\lib\public\. shell32.lib user32.lib advapi32.lib gdi32.lib comdlg32.lib ole32.lib winmm.lib /NODEFAULTLIB:libc /NODEFAULTLIB:libcd /NODEFAULTLIB:libcmt /MANIFEST:NO /DEBUG /PDB:".\Debug_portal\/client.pdb" /SUBSYSTEM:WINDOWS,"5.01" /TLBID:1 /DYNAMICBASE:NO /NXCOMPAT /MACHINE:X86 /SAFESEH:NO  /ignore:4221 /DLL .\Debug_portal\\pointeroverride.obj
         .\Debug_portal\/C_FlyingPortal.obj
         .\Debug_portal\/mp3player.obj
         .\Debug_portal\/cdll_replay.obj
         .\Debug_portal\/replaycamera.obj
         .\Debug_portal\/achievement_notification_panel.obj
         .\Debug_portal\/achievement_saverestore.obj
         .\Debug_portal\/achievementmgr.obj
         .\Debug_portal\/achievements_hlx.obj
         .\Debug_portal\/activitylist.obj
         .\Debug_portal\/alphamaterialproxy.obj
         .\Debug_portal\/ammodef.obj
         .\Debug_portal\/animatedentitytextureproxy.obj
         .\Debug_portal\/animatedoffsettextureproxy.obj
         .\Debug_portal\/animatedtextureproxy.obj
         .\Debug_portal\/AnimateSpecificTextureProxy.obj
         .\Debug_portal\/animation.obj
         .\Debug_portal\/base_playeranimstate.obj
         .\Debug_portal\/baseachievement.obj
         .\Debug_portal\/baseanimatedtextureproxy.obj
         .\Debug_portal\/baseclientrendertargets.obj
         .\Debug_portal\/basecombatcharacter_shared.obj
         .\Debug_portal\/basecombatweapon_shared.obj
         .\Debug_portal\/baseentity_shared.obj
         .\Debug_portal\/basegrenade_shared.obj
         .\Debug_portal\/baseparticleentity.obj
         .\Debug_portal\/baseplayer_shared.obj
         .\Debug_portal\/basepresence.obj
         .\Debug_portal\/baseprojectile.obj
         .\Debug_portal\/baseviewmodel_shared.obj
         .\Debug_portal\/beam_shared.obj
         .\Debug_portal\/beamdraw.obj
         .\Debug_portal\/bone_accessor.obj
         .\Debug_portal\/bone_merge_cache.obj
         .\Debug_portal\/bone_setup.obj
         .\Debug_portal\/c_ai_basehumanoid.obj
         .\Debug_portal\/c_ai_basenpc.obj
         .\Debug_portal\/c_baseanimating.obj
         .\Debug_portal\/c_baseanimatingoverlay.obj
         .\Debug_portal\/c_basecombatcharacter.obj
         .\Debug_portal\/c_basecombatweapon.obj
         .\Debug_portal\/c_basedoor.obj
         .\Debug_portal\/c_baseentity.obj
         .\Debug_portal\/c_baseflex.obj
         .\Debug_portal\/c_baseplayer.obj
         .\Debug_portal\/c_baseviewmodel.obj
         .\Debug_portal\/c_breakableprop.obj
         .\Debug_portal\/c_colorcorrection.obj
         .\Debug_portal\/c_colorcorrectionvolume.obj
         .\Debug_portal\/c_dynamiclight.obj
         .\Debug_portal\/c_entitydissolve.obj
         .\Debug_portal\/c_entityparticletrail.obj
         .\Debug_portal\/c_env_fog_controller.obj
         .\Debug_portal\/c_env_particlescript.obj
         .\Debug_portal\/c_env_projectedtexture.obj
         .\Debug_portal\/c_env_screenoverlay.obj
         .\Debug_portal\/c_env_tonemap_controller.obj
         .\Debug_portal\/c_fire_smoke.obj
         .\Debug_portal\/c_fish.obj
         .\Debug_portal\/c_func_areaportalwindow.obj
         .\Debug_portal\/c_func_breakablesurf.obj
         .\Debug_portal\/c_func_conveyor.obj
         .\Debug_portal\/c_func_dust.obj
         .\Debug_portal\/c_func_lod.obj
         .\Debug_portal\/C_Func_Monitor.obj
         .\Debug_portal\/c_func_occluder.obj
         .\Debug_portal\/c_func_reflective_glass.obj
         .\Debug_portal\/c_func_rotating.obj
         .\Debug_portal\/c_func_smokevolume.obj
         .\Debug_portal\/c_func_tracktrain.obj
         .\Debug_portal\/c_gib.obj
         .\Debug_portal\/c_hairball.obj
         .\Debug_portal\/c_info_overlay_accessor.obj
         .\Debug_portal\/c_lightglow.obj
         .\Debug_portal\/C_MaterialModifyControl.obj
         .\Debug_portal\/c_particle_system.obj
         .\Debug_portal\/c_physbox.obj
         .\Debug_portal\/c_physicsprop.obj
         .\Debug_portal\/c_physmagnet.obj
         .\Debug_portal\/c_pixel_visibility.obj
         .\Debug_portal\/c_plasma.obj
         .\Debug_portal\/c_playerresource.obj
         .\Debug_portal\/c_point_camera.obj
         .\Debug_portal\/c_point_commentary_node.obj
         .\Debug_portal\/c_props.obj
         .\Debug_portal\/c_ragdoll_manager.obj
         .\Debug_portal\/c_rope.obj
         .\Debug_portal\/c_rumble.obj
         .\Debug_portal\/c_sceneentity.obj
         .\Debug_portal\/c_shadowcontrol.obj
         .\Debug_portal\/c_slideshow_display.obj
         .\Debug_portal\/c_soundscape.obj
         .\Debug_portal\/c_spotlight_end.obj
         .\Debug_portal\/c_sprite.obj
         .\Debug_portal\/c_sprite_perfmonitor.obj
         .\Debug_portal\/c_sun.obj
         .\Debug_portal\/c_team.obj
         .\Debug_portal\/c_team_objectiveresource.obj
         .\Debug_portal\/c_tesla.obj
         .\Debug_portal\/c_test_proxytoggle.obj
         .\Debug_portal\/c_user_message_register.obj
         .\Debug_portal\/c_vehicle_choreo_generic.obj
         .\Debug_portal\/c_vehicle_jeep.obj
         .\Debug_portal\/c_vguiscreen.obj
         .\Debug_portal\/c_vote_controller.obj
         .\Debug_portal\/c_waterbullet.obj
         .\Debug_portal\/C_WaterLODControl.obj
         .\Debug_portal\/c_world.obj
         .\Debug_portal\/cam_thirdperson.obj
         .\Debug_portal\/camomaterialproxy.obj
         .\Debug_portal\/cdll_bounded_cvars.obj
         .\Debug_portal\/cdll_client_int.obj
         .\Debug_portal\/cdll_util.obj
         .\Debug_portal\/cl_mat_stub.obj
         .\Debug_portal\/classmap.obj
         .\Debug_portal\/client_class.obj
         .\Debug_portal\/client_factorylist.obj
         .\Debug_portal\/client_thinklist.obj
         .\Debug_portal\/client_virtualreality.obj
         .\Debug_portal\/clienteffectprecachesystem.obj
         .\Debug_portal\/cliententitylist.obj
         .\Debug_portal\/clientleafsystem.obj
         .\Debug_portal\/clientmode_shared.obj
         .\Debug_portal\/clientshadowmgr.obj
         .\Debug_portal\/clientsideeffects.obj
         .\Debug_portal\/clientsideeffects_test.obj
         .\Debug_portal\/clientsteamcontext.obj
         .\Debug_portal\/collisionproperty.obj
         .\Debug_portal\/collisionutils.obj
         .\Debug_portal\/colorcorrectionmgr.obj
         .\Debug_portal\/commentary_modelviewer.obj
         .\Debug_portal\/compiledcaptionswap.obj
         .\Debug_portal\/crtmemdebug.obj
         .\Debug_portal\/death_pose.obj
         .\Debug_portal\/debugoverlay_shared.obj
         .\Debug_portal\/decals.obj
         .\Debug_portal\/detailobjectsystem.obj
         .\Debug_portal\/dt_recv.obj
         .\Debug_portal\/dt_utlvector_common.obj
         .\Debug_portal\/dt_utlvector_recv.obj
         .\Debug_portal\/dummyproxy.obj
         .\Debug_portal\/effect_dispatch_data.obj
         .\Debug_portal\/EffectsClient.obj
         .\Debug_portal\/ehandle.obj
         .\Debug_portal\/entitylist_base.obj
         .\Debug_portal\/entityoriginmaterialproxy.obj
         .\Debug_portal\/EntityParticleTrail_Shared.obj
         .\Debug_portal\/env_detail_controller.obj
         .\Debug_portal\/env_wind_shared.obj
         .\Debug_portal\/eventlist.obj
         .\Debug_portal\/filesystem_helpers.obj
         .\Debug_portal\/flashlighteffect.obj
         .\Debug_portal\/func_ladder.obj
         .\Debug_portal\/functionproxy.obj
         .\Debug_portal\/fx_blood.obj
         .\Debug_portal\/fx_cube.obj
         .\Debug_portal\/fx_explosion.obj
         .\Debug_portal\/fx_fleck.obj
         .\Debug_portal\/fx_impact.obj
         .\Debug_portal\/fx_interpvalue.obj
         .\Debug_portal\/fx_quad.obj
         .\Debug_portal\/fx_shelleject.obj
         .\Debug_portal\/fx_staticline.obj
         .\Debug_portal\/fx_tracer.obj
         .\Debug_portal\/fx_trail.obj
         .\Debug_portal\/fx_water.obj
         .\Debug_portal\/gamemovement.obj
         .\Debug_portal\/gamerules.obj
         .\Debug_portal\/gamerules_register.obj
         .\Debug_portal\/GameStats.obj
         .\Debug_portal\/gamestringpool.obj
         .\Debug_portal\/gametrace_client.obj
         .\Debug_portal\/gamevars_shared.obj
         .\Debug_portal\/geiger.obj
         .\Debug_portal\/glow_outline_effect.obj
         .\Debug_portal\/glow_overlay.obj
         .\Debug_portal\/haptic_msgs.obj
         .\Debug_portal\/haptic_utils.obj
         .\Debug_portal\/hintmessage.obj
         .\Debug_portal\/hintsystem.obj
         .\Debug_portal\/history_resource.obj
         .\Debug_portal\/hltvcamera.obj
         .\Debug_portal\/hud.obj
         .\Debug_portal\/hud_animationinfo.obj
         .\Debug_portal\/hud_autoaim.obj
         .\Debug_portal\/hud_basechat.obj
         .\Debug_portal\/hud_basetimer.obj
         .\Debug_portal\/hud_bitmapnumericdisplay.obj
         .\Debug_portal\/hud_chat.obj
         .\Debug_portal\/hud_closecaption.obj
         .\Debug_portal\/hud_crosshair.obj
         .\Debug_portal\/hud_element_helper.obj
         .\Debug_portal\/hud_filmdemo.obj
         .\Debug_portal\/hud_hdrdemo.obj
         .\Debug_portal\/hud_hintdisplay.obj
         .\Debug_portal\/hud_lcd.obj
         .\Debug_portal\/hud_msg.obj
         .\Debug_portal\/hud_numericdisplay.obj
         .\Debug_portal\/hud_pdump.obj
         .\Debug_portal\/hud_redraw.obj
         .\Debug_portal\/hud_vehicle.obj
         .\Debug_portal\/hud_weapon.obj
         .\Debug_portal\/igamesystem.obj
         .\Debug_portal\/in_camera.obj
         .\Debug_portal\/in_joystick.obj
         .\Debug_portal\/in_main.obj
         .\Debug_portal\/in_mouse.obj
         .\Debug_portal\/initializer.obj
         .\Debug_portal\/interpolatedvar.obj
         .\Debug_portal\/interpolatortypes.obj
         .\Debug_portal\/interval.obj
         .\Debug_portal\/IsNPCProxy.obj
         .\Debug_portal\/jigglebones.obj
         .\Debug_portal\/lampbeamproxy.obj
         .\Debug_portal\/lamphaloproxy.obj
         .\Debug_portal\/language.obj
         .\Debug_portal\/mapentities_shared.obj
         .\Debug_portal\/mathproxy.obj
         .\Debug_portal\/matrixproxy.obj
         .\Debug_portal\/memoverride.obj
         .\Debug_portal\/menu.obj
         .\Debug_portal\/message.obj
         .\Debug_portal\/movehelper_client.obj
         .\Debug_portal\/movevars_shared.obj
         .\Debug_portal\/mp_shareddefs.obj
         .\Debug_portal\/multiplay_gamerules.obj
         .\Debug_portal\/mumble.obj
         .\Debug_portal\/networkvar.obj
         .\Debug_portal\/obstacle_pushaway.obj
         .\Debug_portal\/panelmetaclassmgr.obj
         .\Debug_portal\/particle_collision.obj
         .\Debug_portal\/particle_litsmokeemitter.obj
         .\Debug_portal\/particle_parse.obj
         .\Debug_portal\/particle_property.obj
         .\Debug_portal\/particle_proxies.obj
         .\Debug_portal\/particle_simple3d.obj
         .\Debug_portal\/particlemgr.obj
         .\Debug_portal\/particles_attractor.obj
         .\Debug_portal\/particles_ez.obj
         .\Debug_portal\/particles_localspace.obj
         .\Debug_portal\/particles_new.obj
         .\Debug_portal\/particles_simple.obj
         .\Debug_portal\/particlesystemquery.obj
         .\Debug_portal\/perfvisualbenchmark.obj
         .\Debug_portal\/physics.obj
         .\Debug_portal\/physics_main_client.obj
         .\Debug_portal\/physics_main_shared.obj
         .\Debug_portal\/physics_saverestore.obj
         .\Debug_portal\/physics_shared.obj
         .\Debug_portal\/physpropclientside.obj
         .\Debug_portal\/playerandobjectenumerator.obj
         .\Debug_portal\/playerspawncache.obj
         .\Debug_portal\/point_bonusmaps_accessor.obj
         .\Debug_portal\/point_posecontroller.obj
         .\Debug_portal\/posedebugger.obj
         .\Debug_portal\/precache_register.obj
         .\Debug_portal\/predictableid.obj
         .\Debug_portal\/prediction.obj
         .\Debug_portal\/predictioncopy.obj
         .\Debug_portal\/props_shared.obj
         .\Debug_portal\/proxyentity.obj
         .\Debug_portal\/ProxyHealth.obj
         .\Debug_portal\/proxyplayer.obj
         .\Debug_portal\/proxypupil.obj
         .\Debug_portal\/ragdoll.obj
         .\Debug_portal\/ragdoll_shared.obj
         .\Debug_portal\/randoverride.obj
         .\Debug_portal\/recvproxy.obj
         .\Debug_portal\/renamed_recvtable_compat.obj
         .\Debug_portal\/rendertexture.obj
         .\Debug_portal\/rope_helpers.obj
         .\Debug_portal\/rope_physics.obj
         .\Debug_portal\/saverestore.obj
         .\Debug_portal\/sceneentity_shared.obj
         .\Debug_portal\/scratchpad3d.obj
         .\Debug_portal\/ScratchPadUtils.obj
         .\Debug_portal\/ScreenSpaceEffects.obj
         .\Debug_portal\/sentence.obj
         .\Debug_portal\/sequence_Transitioner.obj
         .\Debug_portal\/sheetsimulator.obj
         .\Debug_portal\/simple_keys.obj
         .\Debug_portal\/simple_physics.obj
         .\Debug_portal\/simtimer.obj
         .\Debug_portal\/singleplay_gamerules.obj
         .\Debug_portal\/SoundEmitterSystem.obj
         .\Debug_portal\/soundenvelope.obj
         .\Debug_portal\/SoundParametersInternal.obj
         .\Debug_portal\/splinepatch.obj
         .\Debug_portal\/Sprite.obj
         .\Debug_portal\/spritemodel.obj
         .\Debug_portal\/SpriteTrail.obj
         .\Debug_portal\/stringregistry.obj
         .\Debug_portal\/studio.obj
         .\Debug_portal\/studio_shared.obj
         .\Debug_portal\/studio_stats.obj
         .\Debug_portal\/takedamageinfo.obj
         .\Debug_portal\/teamplay_gamerules.obj
         .\Debug_portal\/teamplayroundbased_gamerules.obj
         .\Debug_portal\/test_ehandle.obj
         .\Debug_portal\/text_message.obj
         .\Debug_portal\/texturescrollmaterialproxy.obj
         .\Debug_portal\/timematerialproxy.obj
         .\Debug_portal\/toggletextureproxy.obj
         .\Debug_portal\/train.obj
         .\Debug_portal\/usercmd.obj
         .\Debug_portal\/usermessages.obj
         .\Debug_portal\/util_shared.obj
         .\Debug_portal\/vallocator.obj
         .\Debug_portal\/vehicle_viewblend_shared.obj
         .\Debug_portal\/vgui_avatarimage.obj
         .\Debug_portal\/vgui_basepanel.obj
         .\Debug_portal\/vgui_bitmapbutton.obj
         .\Debug_portal\/vgui_bitmapimage.obj
         .\Debug_portal\/vgui_bitmappanel.obj
         .\Debug_portal\/vgui_centerstringpanel.obj
         .\Debug_portal\/vgui_consolepanel.obj
         .\Debug_portal\/vgui_controls.obj
         .\Debug_portal\/vgui_debugoverlaypanel.obj
         .\Debug_portal\/vgui_fpspanel.obj
         .\Debug_portal\/vgui_game_viewport.obj
         .\Debug_portal\/vgui_grid.obj
         .\Debug_portal\/vgui_int.obj
         .\Debug_portal\/vgui_loadingdiscpanel.obj
         .\Debug_portal\/vgui_messagechars.obj
         .\Debug_portal\/vgui_netgraphpanel.obj
         .\Debug_portal\/vgui_schemevisualizer.obj
         .\Debug_portal\/vgui_slideshow_display_screen.obj
         .\Debug_portal\/vgui_video.obj
         .\Debug_portal\/vgui_video_player.obj
         .\Debug_portal\/view.obj
         .\Debug_portal\/view_beams.obj
         .\Debug_portal\/view_effects.obj
         .\Debug_portal\/view_scene.obj
         .\Debug_portal\/viewangleanim.obj
         .\Debug_portal\/ViewConeImage.obj
         .\Debug_portal\/viewdebug.obj
         .\Debug_portal\/viewpostprocess.obj
         .\Debug_portal\/viewrender.obj
         .\Debug_portal\/voice_banmgr.obj
         .\Debug_portal\/voice_status.obj
         .\Debug_portal\/warp_overlay.obj
         .\Debug_portal\/WaterLODMaterialProxy.obj
         .\Debug_portal\/weapon_parse.obj
         .\Debug_portal\/weapon_selection.obj
         .\Debug_portal\/weapons_resource.obj
         .\Debug_portal\/WorldDimsProxy.obj
         .\Debug_portal\/basemodel_panel.obj
         .\Debug_portal\/basemodelpanel.obj
         .\Debug_portal\/baseviewport.obj
         .\Debug_portal\/ClientScoreBoardDialog.obj
         .\Debug_portal\/commandmenu.obj
         .\Debug_portal\/IconPanel.obj
         .\Debug_portal\/intromenu.obj
         .\Debug_portal\/MapOverview.obj
         .\Debug_portal\/NavProgress.obj
         .\Debug_portal\/SpectatorGUI.obj
         .\Debug_portal\/teammenu.obj
         .\Debug_portal\/vguitextwindow.obj
         .\Debug_portal\/basehlcombatweapon_shared.obj
         .\Debug_portal\/c_antlion_dust.obj
         .\Debug_portal\/c_ar2_explosion.obj
         .\Debug_portal\/c_barnacle.obj
         .\Debug_portal\/c_barney.obj
         .\Debug_portal\/c_basehelicopter.obj
         .\Debug_portal\/c_basehlcombatweapon.obj
         .\Debug_portal\/c_basehlplayer.obj
         .\Debug_portal\/c_citadel_effects.obj
         .\Debug_portal\/c_corpse.obj
         .\Debug_portal\/c_env_alyxtemp.obj
         .\Debug_portal\/c_env_headcrabcanister.obj
         .\Debug_portal\/c_env_starfield.obj
         .\Debug_portal\/c_func_tankmortar.obj
         .\Debug_portal\/c_hl2_playerlocaldata.obj
         .\Debug_portal\/c_info_teleporter_countdown.obj
         .\Debug_portal\/c_npc_antlionguard.obj
         .\Debug_portal\/c_npc_combinegunship.obj
         .\Debug_portal\/c_npc_manhack.obj
         .\Debug_portal\/c_npc_rollermine.obj
         .\Debug_portal\/c_plasma_beam_node.obj
         .\Debug_portal\/c_prop_combine_ball.obj
         .\Debug_portal\/c_rotorwash.obj
         .\Debug_portal\/c_script_intro.obj
         .\Debug_portal\/c_strider.obj
         .\Debug_portal\/c_te_concussiveexplosion.obj
         .\Debug_portal\/c_te_flare.obj
         .\Debug_portal\/c_thumper_dust.obj
         .\Debug_portal\/c_vehicle_airboat.obj
         .\Debug_portal\/c_vehicle_cannon.obj
         .\Debug_portal\/c_vehicle_crane.obj
         .\Debug_portal\/c_vehicle_jeep_episodic.obj
         .\Debug_portal\/c_vehicle_prisoner_pod.obj
         .\Debug_portal\/c_vort_charge_token.obj
         .\Debug_portal\/c_weapon_crossbow.obj
         .\Debug_portal\/c_weapon_hopwire.obj
         .\Debug_portal\/c_weapon_stunstick.obj
         .\Debug_portal\/death.obj
         .\Debug_portal\/env_headcrabcanister_shared.obj
         .\Debug_portal\/flesh_internal_material_proxy.obj
         .\Debug_portal\/fx_antlion.obj
         .\Debug_portal\/fx_bugbait.obj
         .\Debug_portal\/fx_hl2_impacts.obj
         .\Debug_portal\/fx_hl2_tracers.obj
         .\Debug_portal\/hl2_gamerules.obj
         .\Debug_portal\/hl_gamemovement.obj
         .\Debug_portal\/hl_in_main.obj
         .\Debug_portal\/hl_prediction.obj
         .\Debug_portal\/hud_ammo.obj
         .\Debug_portal\/hud_battery.obj
         .\Debug_portal\/hud_blood.obj
         .\Debug_portal\/hud_bonusprogress.obj
         .\Debug_portal\/hud_credits.obj
         .\Debug_portal\/hud_damageindicator.obj
         .\Debug_portal\/hud_flashlight.obj
         .\Debug_portal\/hud_health.obj
         .\Debug_portal\/hud_poisondamageindicator.obj
         .\Debug_portal\/hud_radar.obj
         .\Debug_portal\/hud_squadstatus.obj
         .\Debug_portal\/hud_suitpower.obj
         .\Debug_portal\/hud_weaponselection.obj
         .\Debug_portal\/hud_zoom.obj
         .\Debug_portal\/script_intro_shared.obj
         .\Debug_portal\/shieldproxy.obj
         .\Debug_portal\/survival_gamerules.obj
         .\Debug_portal\/vgui_rootpanel_hl2.obj
         .\Debug_portal\/achievements_portal.obj
         .\Debug_portal\/c_env_lightraill_endpoint.obj
         .\Debug_portal\/c_env_portal_path_track.obj
         .\Debug_portal\/c_func_liquidportal.obj
         .\Debug_portal\/c_neurotoxin_countdown.obj
         .\Debug_portal\/c_npc_portal_turret_floor.obj
         .\Debug_portal\/c_npc_rocket_turret.obj
         .\Debug_portal\/c_portal_player.obj
         .\Debug_portal\/c_portal_radio.obj
         .\Debug_portal\/C_PortalGhostRenderable.obj
         .\Debug_portal\/c_prop_energy_ball.obj
         .\Debug_portal\/c_prop_portal.obj
         .\Debug_portal\/c_prop_portal_stats_display.obj
         .\Debug_portal\/clientmode_portal.obj
         .\Debug_portal\/fx_portal.obj
         .\Debug_portal\/hud_quickinfo.obj
         .\Debug_portal\/MaterialProxy_Portal_PickAlphaMask.obj
         .\Debug_portal\/materialproxy_portalstatic.obj
         .\Debug_portal\/multiplayer_animstate.obj
         .\Debug_portal\/portal_collideable_enumerator.obj
         .\Debug_portal\/portal_credits.obj
         .\Debug_portal\/Portal_DynamicMeshRenderingUtils.obj
         .\Debug_portal\/portal_gamemovement.obj
         .\Debug_portal\/portal_gamerules.obj
         .\Debug_portal\/portal_hud_crosshair.obj
         .\Debug_portal\/portal_player_shared.obj
         .\Debug_portal\/portal_playeranimstate.obj
         .\Debug_portal\/portal_render_targets.obj
         .\Debug_portal\/portal_shareddefs.obj
         .\Debug_portal\/portal_usermessages.obj
         .\Debug_portal\/portal_util_shared.obj
         .\Debug_portal\/portal_weapon_parse.obj
         .\Debug_portal\/PortalRender.obj
         .\Debug_portal\/portalrenderable_flatbasic.obj
         .\Debug_portal\/PortalSimulation.obj
         .\Debug_portal\/prop_portal_shared.obj
         .\Debug_portal\/StaticCollisionPolyhedronCache.obj
         .\Debug_portal\/vgui_neurotoxin_countdown_screen.obj
         .\Debug_portal\/vgui_portal_stats_display_screen.obj
         .\Debug_portal\/c_weapon_physcannon.obj
         .\Debug_portal\/c_weapon_portalgun.obj
         .\Debug_portal\/c_weapon_stubs_portal.obj
         .\Debug_portal\/weapon_portalbase.obj
         .\Debug_portal\/weapon_portalbasecombatweapon.obj
         .\Debug_portal\/weapon_portalgun_shared.obj
         .\Debug_portal\/stdafx.obj
         .\Debug_portal\/in_sixense.obj
         .\Debug_portal\/in_sixense_gesture_bindings.obj
         .\Debug_portal\/sixense_convars.obj
         .\Debug_portal\/c_basetempentity.obj
         .\Debug_portal\/c_effects.obj
         .\Debug_portal\/c_impact_effects.obj
         .\Debug_portal\/c_movie_explosion.obj
         .\Debug_portal\/c_particle_fire.obj
         .\Debug_portal\/c_particle_smokegrenade.obj
         .\Debug_portal\/c_prop_vehicle.obj
         .\Debug_portal\/c_recipientfilter.obj
         .\Debug_portal\/c_smoke_trail.obj
         .\Debug_portal\/c_smokestack.obj
         .\Debug_portal\/c_steamjet.obj
         .\Debug_portal\/c_stickybolt.obj
         .\Debug_portal\/c_te.obj
         .\Debug_portal\/c_te_armorricochet.obj
         .\Debug_portal\/c_te_basebeam.obj
         .\Debug_portal\/c_te_beamentpoint.obj
         .\Debug_portal\/c_te_beaments.obj
         .\Debug_portal\/c_te_beamfollow.obj
         .\Debug_portal\/c_te_beamlaser.obj
         .\Debug_portal\/c_te_beampoints.obj
         .\Debug_portal\/c_te_beamring.obj
         .\Debug_portal\/c_te_beamringpoint.obj
         .\Debug_portal\/c_te_beamspline.obj
         .\Debug_portal\/c_te_bloodsprite.obj
         .\Debug_portal\/c_te_bloodstream.obj
         .\Debug_portal\/c_te_breakmodel.obj
         .\Debug_portal\/c_te_bspdecal.obj
         .\Debug_portal\/c_te_bubbles.obj
         .\Debug_portal\/c_te_bubbletrail.obj
         .\Debug_portal\/c_te_clientprojectile.obj
         .\Debug_portal\/c_te_decal.obj
         .\Debug_portal\/c_te_dynamiclight.obj
         .\Debug_portal\/c_te_effect_dispatch.obj
         .\Debug_portal\/c_te_energysplash.obj
         .\Debug_portal\/c_te_explosion.obj
         .\Debug_portal\/c_te_fizz.obj
         .\Debug_portal\/c_te_footprint.obj
         .\Debug_portal\/c_te_glassshatter.obj
         .\Debug_portal\/c_te_glowsprite.obj
         .\Debug_portal\/c_te_impact.obj
         .\Debug_portal\/c_te_killplayerattachments.obj
         .\Debug_portal\/c_te_largefunnel.obj
         .\Debug_portal\/c_te_legacytempents.obj
         .\Debug_portal\/c_te_muzzleflash.obj
         .\Debug_portal\/c_te_particlesystem.obj
         .\Debug_portal\/c_te_physicsprop.obj
         .\Debug_portal\/c_te_playerdecal.obj
         .\Debug_portal\/c_te_projecteddecal.obj
         .\Debug_portal\/c_te_showline.obj
         .\Debug_portal\/c_te_smoke.obj
         .\Debug_portal\/c_te_sparks.obj
         .\Debug_portal\/c_te_sprite.obj
         .\Debug_portal\/c_te_spritespray.obj
         .\Debug_portal\/c_te_worlddecal.obj
         .\Debug_portal\/c_testtraceline.obj
         .\Debug_portal\/c_tracer.obj
         .\Debug_portal\/fx.obj
         .\Debug_portal\/fx_discreetline.obj
         .\Debug_portal\/fx_envelope.obj
         .\Debug_portal\/fx_line.obj
         .\Debug_portal\/fx_sparks.obj
         .\Debug_portal\/particlesphererenderer.obj
         .\Debug_portal\/smoke_fog_overlay.obj
         .\Debug_portal\/bonelist.obj
         .\Debug_portal\/entity_client_tools.obj
         .\Debug_portal\/toolframework_client.obj
         ..\..\lib\public\bitmap.lib
         ..\..\lib\public\choreoobjects.lib
         ..\..\lib\public\dmxloader.lib
         ..\..\lib\common\libcurl.lib
         ..\..\lib\public\libprotobuf.lib
         ..\..\lib\public\libz.lib
         ..\..\lib\public\mathlib.lib
         ..\..\lib\public\matsys_controls.lib
         ..\..\lib\public\particles.lib
         ..\..\lib\public\steam_api.lib
         ..\..\lib\public\tier0.lib
         ..\..\lib\public\tier1.lib
         ..\..\lib\public\tier2.lib
         ..\..\lib\public\tier3.lib
         ..\..\lib\public\vgui_controls.lib
         ..\..\lib\public\vstdlib.lib
         ..\..\lib\public\vtf.lib
         client_portal.vcxproj -> C:\Users\FVP\Documents\programming\cpp\source\lemon-project-main\src\game\client\.\Debug_portal\client.dll
       PostBuildEvent:
         if not exist "..\..\..\game\portal\bin\." mkdir "..\..\..\game\portal\bin\."
         copy "C:\Users\FVP\Documents\programming\cpp\source\lemon-project-main\src\game\client\Debug_portal\client.dll" "..\..\..\game\portal\bin\.\client.dll"
         if ERRORLEVEL 1 goto BuildEventFailed
         if exist "C:\Users\FVP\Documents\programming\cpp\source\lemon-project-main\src\game\client\Debug_portal\client.map" copy "C:\Users\FVP\Documents\programming\cpp\source\lemon-project-main\src\game\client\Debug_portal\client.map" ..\..\..\game\portal\bin\.\client.map
         copy "C:\Users\FVP\Documents\programming\cpp\source\lemon-project-main\src\game\client\Debug_portal\client.pdb" ..\..\..\game\portal\bin\.\client.pdb
         if ERRORLEVEL 1 goto BuildEventFailed
         goto BuildEventOK
         :BuildEventFailed
         echo *** ERROR! PostBuildStep FAILED for Client (Portal)! EXE or DLL is probably running. ***
         del /q "C:\Users\FVP\Documents\programming\cpp\source\lemon-project-main\src\game\client\Debug_portal\client.dll"
         exit 1
         :BuildEventOK
         
         :VCEnd
                 1 file(s) copied.
                 1 file(s) copied.
     1>Done Building Project "C:\Users\FVP\Documents\programming\cpp\source\lemon-project-main\src\game\client\client_portal.vcxproj" (Build target(s)).

Build succeeded.

Time Elapsed 00:00:07.70
