Build started 7/24/2021 11:13:30 AM.
     1>Project "C:\Users\FredrichVonPreussen\Downloads\lemon-project-main\lemon-project-main\src\game\client\client_portal.vcxproj" on node 2 (Build target(s)).
     1>PreBuildEvent:
         if EXIST ..\..\..\game\portal\bin\.\client.dll for /f "delims=" %%A in ('attrib "..\..\..\game\portal\bin\.\client.dll"') do set valveTmpIsReadOnly="%%A"
         set valveTmpIsReadOnlyLetter=%valveTmpIsReadOnly:~6,1%
         if "%valveTmpIsReadOnlyLetter%"=="R" del /q "C:\Users\FredrichVonPreussen\Downloads\lemon-project-main\lemon-project-main\src\game\client\Release_portal\"client.dll
         if exist "..\..\devtools\bin\vpc.exe" "..\..\devtools\bin\vpc.exe" -crc2 "client_portal.vcxproj"
         if ERRORLEVEL 1 exit /b 1
         
         :VCEnd
       ClCompile:
         C:\Program Files (x86)\Microsoft Visual Studio 12.0\VC\bin\CL.exe /c /I.\hl2 /I.\hl2\elements /I.\portal /I.\portal\vgui /I..\..\game\shared\hl2 /I..\..\game\shared\Multiplayer /I..\..\gcsdk\steamextra /I..\..\game\shared\portal /I.\ /I..\..\common /I..\..\public /I..\..\public\tier0 /I..\..\public\tier1 /I..\..\game\client\generated_proto_portal /I"..\..\thirdparty\protobuf-2.3.0\src" /I..\..\vgui2\include /I..\..\vgui2\controls /I..\..\game\shared /I.\game_controls /I..\..\thirdparty\sixensesdk\include /Zi /nologo /W4 /WX /MP /O2 /Ob2 /Oi /Ot /Oy- /D VPC /D RAD_TELEMETRY_DISABLED /D WIN32 /D _WIN32 /D NDEBUG /D _WINDOWS /D _USRDLL /D _CRT_SECURE_NO_DEPRECATE /D _CRT_NONSTDC_NO_DEPRECATE /D _ALLOW_RUNTIME_LIBRARY_MISMATCH /D _ALLOW_ITERATOR_DEBUG_LEVEL_MISMATCH /D _ALLOW_MSC_VER_MISMATCH /D _USING_V110_SDK71_ /D _WINDLL /D _MBCS /D COMPILER_MSVC32 /D COMPILER_MSVC32 /D COMPILER_MSVC /D _DLL_EXT=.dll /D DLLNAME=client /D BINK_VIDEO /D AVI_VIDEO /D WMV_VIDEO /D DEV_BUILD /D FRAME_POINTER_OMISSION_DISABLED /D NO_STRING_T /D CLIENT_DLL /D VECTOR /D VERSION_SAFE_STEAM_API_INTERFACES /D PROTECTED_THINGS_ENABLE /D strncpy=use_Q_strncpy_instead /D _snprintf=use_Q_snprintf_instead /D ENABLE_CHROMEHTMLWINDOW /D fopen=dont_use_fopen /D PORTAL /D HL2_EPISODIC /D HL2_CLIENT_DLL /D _EXTERNAL_DLL_EXT=.dll /D VPCGAMECAPS=PORTAL /D "PROJECTDIR=C:\Users\FredrichVonPreussen\Downloads\lemon-project-main\lemon-project-main\src\game\client" /D _DLL_EXT=.dll /D VPCGAME=portal /D SOURCE1=1 /GF /Gm- /MT /GS /Gy /arch:SSE /fp:fast /Zc:wchar_t /Zc:forScope /GR /Yu"cbase.h" /Fp".\Release_portal\/client.pch" /Fo".\Release_portal\/" /Fd".\Release_portal\/vc120.pdb" /Gd /TP /wd4316 /analyze- /FC /errorReport:prompt /Zm200 /d2Zi+ /Gw ..\..\game\shared\portal\prop_portal_shared.cpp
         prop_portal_shared.cpp
       Link:
         C:\Program Files (x86)\Microsoft Visual Studio 12.0\VC\bin\link.exe /ERRORREPORT:PROMPT /OUT:".\Release_portal\\client.dll" /INCREMENTAL:NO /NOLOGO /LIBPATH:..\..\lib\common\. /LIBPATH:..\..\lib\public\. shell32.lib user32.lib advapi32.lib gdi32.lib comdlg32.lib ole32.lib winmm.lib /NODEFAULTLIB:libc /NODEFAULTLIB:libcd /NODEFAULTLIB:libcmtd /MANIFEST:NO /DEBUG /PDB:".\Release_portal\/client.pdb" /SUBSYSTEM:WINDOWS,"5.01" /OPT:REF /OPT:NOICF /TLBID:1 /DYNAMICBASE:NO /NXCOMPAT /MACHINE:X86 /SAFESEH:NO  /ignore:4221 /DLL .\Release_portal\\pointeroverride.obj
         .\Release_portal\/mp3player.obj
         .\Release_portal\/cdll_replay.obj
         .\Release_portal\/replaycamera.obj
         .\Release_portal\/achievement_notification_panel.obj
         .\Release_portal\/achievement_saverestore.obj
         .\Release_portal\/achievementmgr.obj
         .\Release_portal\/achievements_hlx.obj
         .\Release_portal\/activitylist.obj
         .\Release_portal\/alphamaterialproxy.obj
         .\Release_portal\/ammodef.obj
         .\Release_portal\/animatedentitytextureproxy.obj
         .\Release_portal\/animatedoffsettextureproxy.obj
         .\Release_portal\/animatedtextureproxy.obj
         .\Release_portal\/AnimateSpecificTextureProxy.obj
         .\Release_portal\/animation.obj
         .\Release_portal\/base_playeranimstate.obj
         .\Release_portal\/baseachievement.obj
         .\Release_portal\/baseanimatedtextureproxy.obj
         .\Release_portal\/baseclientrendertargets.obj
         .\Release_portal\/basecombatcharacter_shared.obj
         .\Release_portal\/basecombatweapon_shared.obj
         .\Release_portal\/baseentity_shared.obj
         .\Release_portal\/basegrenade_shared.obj
         .\Release_portal\/baseparticleentity.obj
         .\Release_portal\/baseplayer_shared.obj
         .\Release_portal\/basepresence.obj
         .\Release_portal\/baseprojectile.obj
         .\Release_portal\/baseviewmodel_shared.obj
         .\Release_portal\/beam_shared.obj
         .\Release_portal\/beamdraw.obj
         .\Release_portal\/bone_accessor.obj
         .\Release_portal\/bone_merge_cache.obj
         .\Release_portal\/bone_setup.obj
         .\Release_portal\/c_ai_basehumanoid.obj
         .\Release_portal\/c_ai_basenpc.obj
         .\Release_portal\/c_baseanimating.obj
         .\Release_portal\/c_baseanimatingoverlay.obj
         .\Release_portal\/c_basecombatcharacter.obj
         .\Release_portal\/c_basecombatweapon.obj
         .\Release_portal\/c_basedoor.obj
         .\Release_portal\/c_baseentity.obj
         .\Release_portal\/c_baseflex.obj
         .\Release_portal\/c_baseplayer.obj
         .\Release_portal\/c_baseviewmodel.obj
         .\Release_portal\/c_breakableprop.obj
         .\Release_portal\/c_colorcorrection.obj
         .\Release_portal\/c_colorcorrectionvolume.obj
         .\Release_portal\/c_dynamiclight.obj
         .\Release_portal\/c_entitydissolve.obj
         .\Release_portal\/c_entityparticletrail.obj
         .\Release_portal\/c_env_fog_controller.obj
         .\Release_portal\/c_env_particlescript.obj
         .\Release_portal\/c_env_projectedtexture.obj
         .\Release_portal\/c_env_screenoverlay.obj
         .\Release_portal\/c_env_tonemap_controller.obj
         .\Release_portal\/c_fire_smoke.obj
         .\Release_portal\/c_fish.obj
         .\Release_portal\/c_func_areaportalwindow.obj
         .\Release_portal\/c_func_breakablesurf.obj
         .\Release_portal\/c_func_conveyor.obj
         .\Release_portal\/c_func_dust.obj
         .\Release_portal\/c_func_lod.obj
         .\Release_portal\/C_Func_Monitor.obj
         .\Release_portal\/c_func_occluder.obj
         .\Release_portal\/c_func_reflective_glass.obj
         .\Release_portal\/c_func_rotating.obj
         .\Release_portal\/c_func_smokevolume.obj
         .\Release_portal\/c_func_tracktrain.obj
         .\Release_portal\/c_gib.obj
         .\Release_portal\/c_hairball.obj
         .\Release_portal\/c_info_overlay_accessor.obj
         .\Release_portal\/c_lightglow.obj
         .\Release_portal\/C_MaterialModifyControl.obj
         .\Release_portal\/c_particle_system.obj
         .\Release_portal\/c_physbox.obj
         .\Release_portal\/c_physicsprop.obj
         .\Release_portal\/c_physmagnet.obj
         .\Release_portal\/c_pixel_visibility.obj
         .\Release_portal\/c_plasma.obj
         .\Release_portal\/c_playerresource.obj
         .\Release_portal\/c_point_camera.obj
         .\Release_portal\/c_point_commentary_node.obj
         .\Release_portal\/c_props.obj
         .\Release_portal\/c_ragdoll_manager.obj
         .\Release_portal\/c_rope.obj
         .\Release_portal\/c_rumble.obj
         .\Release_portal\/c_sceneentity.obj
         .\Release_portal\/c_shadowcontrol.obj
         .\Release_portal\/c_slideshow_display.obj
         .\Release_portal\/c_soundscape.obj
         .\Release_portal\/c_spotlight_end.obj
         .\Release_portal\/c_sprite.obj
         .\Release_portal\/c_sprite_perfmonitor.obj
         .\Release_portal\/c_sun.obj
         .\Release_portal\/c_team.obj
         .\Release_portal\/c_team_objectiveresource.obj
         .\Release_portal\/c_tesla.obj
         .\Release_portal\/c_test_proxytoggle.obj
         .\Release_portal\/c_user_message_register.obj
         .\Release_portal\/c_vehicle_choreo_generic.obj
         .\Release_portal\/c_vehicle_jeep.obj
         .\Release_portal\/c_vguiscreen.obj
         .\Release_portal\/c_vote_controller.obj
         .\Release_portal\/c_waterbullet.obj
         .\Release_portal\/C_WaterLODControl.obj
         .\Release_portal\/c_world.obj
         .\Release_portal\/cam_thirdperson.obj
         .\Release_portal\/camomaterialproxy.obj
         .\Release_portal\/cdll_bounded_cvars.obj
         .\Release_portal\/cdll_client_int.obj
         .\Release_portal\/cdll_util.obj
         .\Release_portal\/cl_mat_stub.obj
         .\Release_portal\/classmap.obj
         .\Release_portal\/client_class.obj
         .\Release_portal\/client_factorylist.obj
         .\Release_portal\/client_thinklist.obj
         .\Release_portal\/client_virtualreality.obj
         .\Release_portal\/clienteffectprecachesystem.obj
         .\Release_portal\/cliententitylist.obj
         .\Release_portal\/clientleafsystem.obj
         .\Release_portal\/clientmode_shared.obj
         .\Release_portal\/clientshadowmgr.obj
         .\Release_portal\/clientsideeffects.obj
         .\Release_portal\/clientsideeffects_test.obj
         .\Release_portal\/clientsteamcontext.obj
         .\Release_portal\/collisionproperty.obj
         .\Release_portal\/collisionutils.obj
         .\Release_portal\/colorcorrectionmgr.obj
         .\Release_portal\/commentary_modelviewer.obj
         .\Release_portal\/compiledcaptionswap.obj
         .\Release_portal\/crtmemdebug.obj
         .\Release_portal\/death_pose.obj
         .\Release_portal\/debugoverlay_shared.obj
         .\Release_portal\/decals.obj
         .\Release_portal\/detailobjectsystem.obj
         .\Release_portal\/dt_recv.obj
         .\Release_portal\/dt_utlvector_common.obj
         .\Release_portal\/dt_utlvector_recv.obj
         .\Release_portal\/dummyproxy.obj
         .\Release_portal\/effect_dispatch_data.obj
         .\Release_portal\/EffectsClient.obj
         .\Release_portal\/ehandle.obj
         .\Release_portal\/entitylist_base.obj
         .\Release_portal\/entityoriginmaterialproxy.obj
         .\Release_portal\/EntityParticleTrail_Shared.obj
         .\Release_portal\/env_detail_controller.obj
         .\Release_portal\/env_wind_shared.obj
         .\Release_portal\/eventlist.obj
         .\Release_portal\/filesystem_helpers.obj
         .\Release_portal\/flashlighteffect.obj
         .\Release_portal\/func_ladder.obj
         .\Release_portal\/functionproxy.obj
         .\Release_portal\/fx_blood.obj
         .\Release_portal\/fx_cube.obj
         .\Release_portal\/fx_explosion.obj
         .\Release_portal\/fx_fleck.obj
         .\Release_portal\/fx_impact.obj
         .\Release_portal\/fx_interpvalue.obj
         .\Release_portal\/fx_quad.obj
         .\Release_portal\/fx_shelleject.obj
         .\Release_portal\/fx_staticline.obj
         .\Release_portal\/fx_tracer.obj
         .\Release_portal\/fx_trail.obj
         .\Release_portal\/fx_water.obj
         .\Release_portal\/gamemovement.obj
         .\Release_portal\/gamerules.obj
         .\Release_portal\/gamerules_register.obj
         .\Release_portal\/GameStats.obj
         .\Release_portal\/gamestringpool.obj
         .\Release_portal\/gametrace_client.obj
         .\Release_portal\/gamevars_shared.obj
         .\Release_portal\/geiger.obj
         .\Release_portal\/glow_outline_effect.obj
         .\Release_portal\/glow_overlay.obj
         .\Release_portal\/haptic_msgs.obj
         .\Release_portal\/haptic_utils.obj
         .\Release_portal\/hintmessage.obj
         .\Release_portal\/hintsystem.obj
         .\Release_portal\/history_resource.obj
         .\Release_portal\/hltvcamera.obj
         .\Release_portal\/hud.obj
         .\Release_portal\/hud_animationinfo.obj
         .\Release_portal\/hud_autoaim.obj
         .\Release_portal\/hud_basechat.obj
         .\Release_portal\/hud_basetimer.obj
         .\Release_portal\/hud_bitmapnumericdisplay.obj
         .\Release_portal\/hud_chat.obj
         .\Release_portal\/hud_closecaption.obj
         .\Release_portal\/hud_crosshair.obj
         .\Release_portal\/hud_element_helper.obj
         .\Release_portal\/hud_filmdemo.obj
         .\Release_portal\/hud_hdrdemo.obj
         .\Release_portal\/hud_hintdisplay.obj
         .\Release_portal\/hud_lcd.obj
         .\Release_portal\/hud_msg.obj
         .\Release_portal\/hud_numericdisplay.obj
         .\Release_portal\/hud_pdump.obj
         .\Release_portal\/hud_redraw.obj
         .\Release_portal\/hud_vehicle.obj
         .\Release_portal\/hud_weapon.obj
         .\Release_portal\/igamesystem.obj
         .\Release_portal\/in_camera.obj
         .\Release_portal\/in_joystick.obj
         .\Release_portal\/in_main.obj
         .\Release_portal\/in_mouse.obj
         .\Release_portal\/initializer.obj
         .\Release_portal\/interpolatedvar.obj
         .\Release_portal\/interpolatortypes.obj
         .\Release_portal\/interval.obj
         .\Release_portal\/IsNPCProxy.obj
         .\Release_portal\/jigglebones.obj
         .\Release_portal\/lampbeamproxy.obj
         .\Release_portal\/lamphaloproxy.obj
         .\Release_portal\/language.obj
         .\Release_portal\/mapentities_shared.obj
         .\Release_portal\/mathproxy.obj
         .\Release_portal\/matrixproxy.obj
         .\Release_portal\/memoverride.obj
         .\Release_portal\/menu.obj
         .\Release_portal\/message.obj
         .\Release_portal\/movehelper_client.obj
         .\Release_portal\/movevars_shared.obj
         .\Release_portal\/mp_shareddefs.obj
         .\Release_portal\/multiplay_gamerules.obj
         .\Release_portal\/mumble.obj
         .\Release_portal\/networkvar.obj
         .\Release_portal\/obstacle_pushaway.obj
         .\Release_portal\/panelmetaclassmgr.obj
         .\Release_portal\/particle_collision.obj
         .\Release_portal\/particle_litsmokeemitter.obj
         .\Release_portal\/particle_parse.obj
         .\Release_portal\/particle_property.obj
         .\Release_portal\/particle_proxies.obj
         .\Release_portal\/particle_simple3d.obj
         .\Release_portal\/particlemgr.obj
         .\Release_portal\/particles_attractor.obj
         .\Release_portal\/particles_ez.obj
         .\Release_portal\/particles_localspace.obj
         .\Release_portal\/particles_new.obj
         .\Release_portal\/particles_simple.obj
         .\Release_portal\/particlesystemquery.obj
         .\Release_portal\/perfvisualbenchmark.obj
         .\Release_portal\/physics.obj
         .\Release_portal\/physics_main_client.obj
         .\Release_portal\/physics_main_shared.obj
         .\Release_portal\/physics_saverestore.obj
         .\Release_portal\/physics_shared.obj
         .\Release_portal\/physpropclientside.obj
         .\Release_portal\/playerandobjectenumerator.obj
         .\Release_portal\/playerspawncache.obj
         .\Release_portal\/point_bonusmaps_accessor.obj
         .\Release_portal\/point_posecontroller.obj
         .\Release_portal\/posedebugger.obj
         .\Release_portal\/precache_register.obj
         .\Release_portal\/predictableid.obj
         .\Release_portal\/prediction.obj
         .\Release_portal\/predictioncopy.obj
         .\Release_portal\/props_shared.obj
         .\Release_portal\/proxyentity.obj
         .\Release_portal\/ProxyHealth.obj
         .\Release_portal\/proxyplayer.obj
         .\Release_portal\/proxypupil.obj
         .\Release_portal\/ragdoll.obj
         .\Release_portal\/ragdoll_shared.obj
         .\Release_portal\/randoverride.obj
         .\Release_portal\/recvproxy.obj
         .\Release_portal\/renamed_recvtable_compat.obj
         .\Release_portal\/rendertexture.obj
         .\Release_portal\/rope_helpers.obj
         .\Release_portal\/rope_physics.obj
         .\Release_portal\/saverestore.obj
         .\Release_portal\/sceneentity_shared.obj
         .\Release_portal\/scratchpad3d.obj
         .\Release_portal\/ScratchPadUtils.obj
         .\Release_portal\/ScreenSpaceEffects.obj
         .\Release_portal\/sentence.obj
         .\Release_portal\/sequence_Transitioner.obj
         .\Release_portal\/sheetsimulator.obj
         .\Release_portal\/simple_keys.obj
         .\Release_portal\/simple_physics.obj
         .\Release_portal\/simtimer.obj
         .\Release_portal\/singleplay_gamerules.obj
         .\Release_portal\/SoundEmitterSystem.obj
         .\Release_portal\/soundenvelope.obj
         .\Release_portal\/SoundParametersInternal.obj
         .\Release_portal\/splinepatch.obj
         .\Release_portal\/Sprite.obj
         .\Release_portal\/spritemodel.obj
         .\Release_portal\/SpriteTrail.obj
         .\Release_portal\/stringregistry.obj
         .\Release_portal\/studio.obj
         .\Release_portal\/studio_shared.obj
         .\Release_portal\/studio_stats.obj
         .\Release_portal\/takedamageinfo.obj
         .\Release_portal\/teamplay_gamerules.obj
         .\Release_portal\/teamplayroundbased_gamerules.obj
         .\Release_portal\/test_ehandle.obj
         .\Release_portal\/text_message.obj
         .\Release_portal\/texturescrollmaterialproxy.obj
         .\Release_portal\/timematerialproxy.obj
         .\Release_portal\/toggletextureproxy.obj
         .\Release_portal\/train.obj
         .\Release_portal\/usercmd.obj
         .\Release_portal\/usermessages.obj
         .\Release_portal\/util_shared.obj
         .\Release_portal\/vallocator.obj
         .\Release_portal\/vehicle_viewblend_shared.obj
         .\Release_portal\/vgui_avatarimage.obj
         .\Release_portal\/vgui_basepanel.obj
         .\Release_portal\/vgui_bitmapbutton.obj
         .\Release_portal\/vgui_bitmapimage.obj
         .\Release_portal\/vgui_bitmappanel.obj
         .\Release_portal\/vgui_centerstringpanel.obj
         .\Release_portal\/vgui_consolepanel.obj
         .\Release_portal\/vgui_controls.obj
         .\Release_portal\/vgui_debugoverlaypanel.obj
         .\Release_portal\/vgui_fpspanel.obj
         .\Release_portal\/vgui_game_viewport.obj
         .\Release_portal\/vgui_grid.obj
         .\Release_portal\/vgui_int.obj
         .\Release_portal\/vgui_loadingdiscpanel.obj
         .\Release_portal\/vgui_messagechars.obj
         .\Release_portal\/vgui_netgraphpanel.obj
         .\Release_portal\/vgui_schemevisualizer.obj
         .\Release_portal\/vgui_slideshow_display_screen.obj
         .\Release_portal\/vgui_video.obj
         .\Release_portal\/vgui_video_player.obj
         .\Release_portal\/view.obj
         .\Release_portal\/view_beams.obj
         .\Release_portal\/view_effects.obj
         .\Release_portal\/view_scene.obj
         .\Release_portal\/viewangleanim.obj
         .\Release_portal\/ViewConeImage.obj
         .\Release_portal\/viewdebug.obj
         .\Release_portal\/viewpostprocess.obj
         .\Release_portal\/viewrender.obj
         .\Release_portal\/voice_banmgr.obj
         .\Release_portal\/voice_status.obj
         .\Release_portal\/warp_overlay.obj
         .\Release_portal\/WaterLODMaterialProxy.obj
         .\Release_portal\/weapon_parse.obj
         .\Release_portal\/weapon_selection.obj
         .\Release_portal\/weapons_resource.obj
         .\Release_portal\/WorldDimsProxy.obj
         .\Release_portal\/basemodel_panel.obj
         .\Release_portal\/basemodelpanel.obj
         .\Release_portal\/baseviewport.obj
         .\Release_portal\/ClientScoreBoardDialog.obj
         .\Release_portal\/commandmenu.obj
         .\Release_portal\/IconPanel.obj
         .\Release_portal\/intromenu.obj
         .\Release_portal\/MapOverview.obj
         .\Release_portal\/NavProgress.obj
         .\Release_portal\/SpectatorGUI.obj
         .\Release_portal\/teammenu.obj
         .\Release_portal\/vguitextwindow.obj
         .\Release_portal\/basehlcombatweapon_shared.obj
         .\Release_portal\/c_antlion_dust.obj
         .\Release_portal\/c_ar2_explosion.obj
         .\Release_portal\/c_barnacle.obj
         .\Release_portal\/c_barney.obj
         .\Release_portal\/c_basehelicopter.obj
         .\Release_portal\/c_basehlcombatweapon.obj
         .\Release_portal\/c_basehlplayer.obj
         .\Release_portal\/c_citadel_effects.obj
         .\Release_portal\/c_corpse.obj
         .\Release_portal\/c_env_alyxtemp.obj
         .\Release_portal\/c_env_headcrabcanister.obj
         .\Release_portal\/c_env_starfield.obj
         .\Release_portal\/c_func_tankmortar.obj
         .\Release_portal\/c_hl2_playerlocaldata.obj
         .\Release_portal\/c_info_teleporter_countdown.obj
         .\Release_portal\/c_npc_antlionguard.obj
         .\Release_portal\/c_npc_combinegunship.obj
         .\Release_portal\/c_npc_manhack.obj
         .\Release_portal\/c_npc_rollermine.obj
         .\Release_portal\/c_plasma_beam_node.obj
         .\Release_portal\/c_prop_combine_ball.obj
         .\Release_portal\/c_rotorwash.obj
         .\Release_portal\/c_script_intro.obj
         .\Release_portal\/c_strider.obj
         .\Release_portal\/c_te_concussiveexplosion.obj
         .\Release_portal\/c_te_flare.obj
         .\Release_portal\/c_thumper_dust.obj
         .\Release_portal\/c_vehicle_airboat.obj
         .\Release_portal\/c_vehicle_cannon.obj
         .\Release_portal\/c_vehicle_crane.obj
         .\Release_portal\/c_vehicle_jeep_episodic.obj
         .\Release_portal\/c_vehicle_prisoner_pod.obj
         .\Release_portal\/c_vort_charge_token.obj
         .\Release_portal\/c_weapon_crossbow.obj
         .\Release_portal\/c_weapon_hopwire.obj
         .\Release_portal\/c_weapon_stunstick.obj
         .\Release_portal\/death.obj
         .\Release_portal\/env_headcrabcanister_shared.obj
         .\Release_portal\/flesh_internal_material_proxy.obj
         .\Release_portal\/fx_antlion.obj
         .\Release_portal\/fx_bugbait.obj
         .\Release_portal\/fx_hl2_impacts.obj
         .\Release_portal\/fx_hl2_tracers.obj
         .\Release_portal\/hl2_gamerules.obj
         .\Release_portal\/hl_gamemovement.obj
         .\Release_portal\/hl_in_main.obj
         .\Release_portal\/hl_prediction.obj
         .\Release_portal\/hud_ammo.obj
         .\Release_portal\/hud_battery.obj
         .\Release_portal\/hud_blood.obj
         .\Release_portal\/hud_bonusprogress.obj
         .\Release_portal\/hud_credits.obj
         .\Release_portal\/hud_damageindicator.obj
         .\Release_portal\/hud_flashlight.obj
         .\Release_portal\/hud_health.obj
         .\Release_portal\/hud_poisondamageindicator.obj
         .\Release_portal\/hud_radar.obj
         .\Release_portal\/hud_squadstatus.obj
         .\Release_portal\/hud_suitpower.obj
         .\Release_portal\/hud_weaponselection.obj
         .\Release_portal\/hud_zoom.obj
         .\Release_portal\/script_intro_shared.obj
         .\Release_portal\/shieldproxy.obj
         .\Release_portal\/survival_gamerules.obj
         .\Release_portal\/vgui_rootpanel_hl2.obj
         .\Release_portal\/achievements_portal.obj
         .\Release_portal\/c_env_lightraill_endpoint.obj
         .\Release_portal\/c_env_portal_path_track.obj
         .\Release_portal\/c_func_liquidportal.obj
         .\Release_portal\/c_neurotoxin_countdown.obj
         .\Release_portal\/c_npc_portal_turret_floor.obj
         .\Release_portal\/c_npc_rocket_turret.obj
         .\Release_portal\/c_portal_player.obj
         .\Release_portal\/c_portal_radio.obj
         .\Release_portal\/C_PortalGhostRenderable.obj
         .\Release_portal\/c_prop_energy_ball.obj
         .\Release_portal\/c_prop_portal.obj
         .\Release_portal\/c_prop_portal_stats_display.obj
         .\Release_portal\/clientmode_portal.obj
         .\Release_portal\/fx_portal.obj
         .\Release_portal\/hud_quickinfo.obj
         .\Release_portal\/MaterialProxy_Portal_PickAlphaMask.obj
         .\Release_portal\/materialproxy_portalstatic.obj
         .\Release_portal\/multiplayer_animstate.obj
         .\Release_portal\/portal_collideable_enumerator.obj
         .\Release_portal\/portal_credits.obj
         .\Release_portal\/Portal_DynamicMeshRenderingUtils.obj
         .\Release_portal\/portal_gamemovement.obj
         .\Release_portal\/portal_gamerules.obj
         .\Release_portal\/portal_hud_crosshair.obj
         .\Release_portal\/portal_player_shared.obj
         .\Release_portal\/portal_playeranimstate.obj
         .\Release_portal\/portal_render_targets.obj
         .\Release_portal\/portal_shareddefs.obj
         .\Release_portal\/portal_usermessages.obj
         .\Release_portal\/portal_util_shared.obj
         .\Release_portal\/portal_weapon_parse.obj
         .\Release_portal\/PortalRender.obj
         .\Release_portal\/portalrenderable_flatbasic.obj
         .\Release_portal\/PortalSimulation.obj
         .\Release_portal\/prop_portal_shared.obj
         .\Release_portal\/StaticCollisionPolyhedronCache.obj
         .\Release_portal\/vgui_neurotoxin_countdown_screen.obj
         .\Release_portal\/vgui_portal_stats_display_screen.obj
         .\Release_portal\/c_weapon_physcannon.obj
         .\Release_portal\/c_weapon_portalgun.obj
         .\Release_portal\/c_weapon_stubs_portal.obj
         .\Release_portal\/weapon_portalbase.obj
         .\Release_portal\/weapon_portalbasecombatweapon.obj
         .\Release_portal\/weapon_portalgun_shared.obj
         .\Release_portal\/stdafx.obj
         .\Release_portal\/in_sixense.obj
         .\Release_portal\/in_sixense_gesture_bindings.obj
         .\Release_portal\/sixense_convars.obj
         .\Release_portal\/c_basetempentity.obj
         .\Release_portal\/c_effects.obj
         .\Release_portal\/c_impact_effects.obj
         .\Release_portal\/c_movie_explosion.obj
         .\Release_portal\/c_particle_fire.obj
         .\Release_portal\/c_particle_smokegrenade.obj
         .\Release_portal\/c_prop_vehicle.obj
         .\Release_portal\/c_recipientfilter.obj
         .\Release_portal\/c_smoke_trail.obj
         .\Release_portal\/c_smokestack.obj
         .\Release_portal\/c_steamjet.obj
         .\Release_portal\/c_stickybolt.obj
         .\Release_portal\/c_te.obj
         .\Release_portal\/c_te_armorricochet.obj
         .\Release_portal\/c_te_basebeam.obj
         .\Release_portal\/c_te_beamentpoint.obj
         .\Release_portal\/c_te_beaments.obj
         .\Release_portal\/c_te_beamfollow.obj
         .\Release_portal\/c_te_beamlaser.obj
         .\Release_portal\/c_te_beampoints.obj
         .\Release_portal\/c_te_beamring.obj
         .\Release_portal\/c_te_beamringpoint.obj
         .\Release_portal\/c_te_beamspline.obj
         .\Release_portal\/c_te_bloodsprite.obj
         .\Release_portal\/c_te_bloodstream.obj
         .\Release_portal\/c_te_breakmodel.obj
         .\Release_portal\/c_te_bspdecal.obj
         .\Release_portal\/c_te_bubbles.obj
         .\Release_portal\/c_te_bubbletrail.obj
         .\Release_portal\/c_te_clientprojectile.obj
         .\Release_portal\/c_te_decal.obj
         .\Release_portal\/c_te_dynamiclight.obj
         .\Release_portal\/c_te_effect_dispatch.obj
         .\Release_portal\/c_te_energysplash.obj
         .\Release_portal\/c_te_explosion.obj
         .\Release_portal\/c_te_fizz.obj
         .\Release_portal\/c_te_footprint.obj
         .\Release_portal\/c_te_glassshatter.obj
         .\Release_portal\/c_te_glowsprite.obj
         .\Release_portal\/c_te_impact.obj
         .\Release_portal\/c_te_killplayerattachments.obj
         .\Release_portal\/c_te_largefunnel.obj
         .\Release_portal\/c_te_legacytempents.obj
         .\Release_portal\/c_te_muzzleflash.obj
         .\Release_portal\/c_te_particlesystem.obj
         .\Release_portal\/c_te_physicsprop.obj
         .\Release_portal\/c_te_playerdecal.obj
         .\Release_portal\/c_te_projecteddecal.obj
         .\Release_portal\/c_te_showline.obj
         .\Release_portal\/c_te_smoke.obj
         .\Release_portal\/c_te_sparks.obj
         .\Release_portal\/c_te_sprite.obj
         .\Release_portal\/c_te_spritespray.obj
         .\Release_portal\/c_te_worlddecal.obj
         .\Release_portal\/c_testtraceline.obj
         .\Release_portal\/c_tracer.obj
         .\Release_portal\/fx.obj
         .\Release_portal\/fx_discreetline.obj
         .\Release_portal\/fx_envelope.obj
         .\Release_portal\/fx_line.obj
         .\Release_portal\/fx_sparks.obj
         .\Release_portal\/particlesphererenderer.obj
         .\Release_portal\/smoke_fog_overlay.obj
         .\Release_portal\/bonelist.obj
         .\Release_portal\/entity_client_tools.obj
         .\Release_portal\/toolframework_client.obj
         ..\..\lib\public\bitmap.lib
         ..\..\lib\public\choreoobjects.lib
         ..\..\lib\public\dmxloader.lib
         ..\..\lib\common\libcurl.lib
         ..\..\lib\public\libprotobuf.lib
         ..\..\lib\public\libz.lib
         ..\..\lib\public\mathlib.lib
         ..\..\lib\public\matsys_controls.lib
         ..\..\lib\public\particles.lib
         ..\..\lib\public\steam_api.lib
         ..\..\lib\public\tier0.lib
         ..\..\lib\public\tier1.lib
         ..\..\lib\public\tier2.lib
         ..\..\lib\public\tier3.lib
         ..\..\lib\public\vgui_controls.lib
         ..\..\lib\public\vstdlib.lib
         ..\..\lib\public\vtf.lib
            Creating library .\Release_portal\\client.lib and object .\Release_portal\\client.exp
         client_portal.vcxproj -> C:\Users\FredrichVonPreussen\Downloads\lemon-project-main\lemon-project-main\src\game\client\.\Release_portal\client.dll
       PostBuildEvent:
         if not exist "..\..\..\game\portal\bin\." mkdir "..\..\..\game\portal\bin\."
         copy "C:\Users\FredrichVonPreussen\Downloads\lemon-project-main\lemon-project-main\src\game\client\Release_portal\client.dll" "..\..\..\game\portal\bin\.\client.dll"
         if ERRORLEVEL 1 goto BuildEventFailed
         if exist "C:\Users\FredrichVonPreussen\Downloads\lemon-project-main\lemon-project-main\src\game\client\Release_portal\client.map" copy "C:\Users\FredrichVonPreussen\Downloads\lemon-project-main\lemon-project-main\src\game\client\Release_portal\client.map" ..\..\..\game\portal\bin\.\client.map
         copy "C:\Users\FredrichVonPreussen\Downloads\lemon-project-main\lemon-project-main\src\game\client\Release_portal\client.pdb" ..\..\..\game\portal\bin\.\client.pdb
         if ERRORLEVEL 1 goto BuildEventFailed
         goto BuildEventOK
         :BuildEventFailed
         echo *** ERROR! PostBuildStep FAILED for Client (Portal)! EXE or DLL is probably running. ***
         del /q "C:\Users\FredrichVonPreussen\Downloads\lemon-project-main\lemon-project-main\src\game\client\Release_portal\client.dll"
         exit 1
         :BuildEventOK
         
         :VCEnd
                 1 file(s) copied.
                 1 file(s) copied.
     1>Done Building Project "C:\Users\FredrichVonPreussen\Downloads\lemon-project-main\lemon-project-main\src\game\client\client_portal.vcxproj" (Build target(s)).

Build succeeded.

Time Elapsed 00:00:03.56
